{
  "/Users/aaditya/Projects/organizard/server/src/app.ts": {
    "path": "/Users/aaditya/Projects/organizard/server/src/app.ts",
    "all": false,
    "statementMap": {
      "0": { "start": { "line": 1, "column": 0 }, "end": { "line": 1, "column": 83 } },
      "20": { "start": { "line": 21, "column": 0 }, "end": { "line": 21, "column": 58 } },
      "21": { "start": { "line": 22, "column": 0 }, "end": { "line": 22, "column": 54 } },
      "22": { "start": { "line": 23, "column": 0 }, "end": { "line": 23, "column": 65 } },
      "24": { "start": { "line": 25, "column": 0 }, "end": { "line": 25, "column": 32 } },
      "25": { "start": { "line": 26, "column": 0 }, "end": { "line": 26, "column": 59 } },
      "26": { "start": { "line": 27, "column": 0 }, "end": { "line": 27, "column": 27 } },
      "27": { "start": { "line": 28, "column": 0 }, "end": { "line": 28, "column": 36 } },
      "28": { "start": { "line": 29, "column": 0 }, "end": { "line": 29, "column": 46 } },
      "29": { "start": { "line": 30, "column": 0 }, "end": { "line": 30, "column": 5 } },
      "32": { "start": { "line": 33, "column": 0 }, "end": { "line": 33, "column": 39 } },
      "34": { "start": { "line": 35, "column": 0 }, "end": { "line": 35, "column": 71 } },
      "37": { "start": { "line": 38, "column": 0 }, "end": { "line": 38, "column": 32 } },
      "39": { "start": { "line": 40, "column": 0 }, "end": { "line": 40, "column": 42 } },
      "40": { "start": { "line": 41, "column": 0 }, "end": { "line": 41, "column": 43 } },
      "41": { "start": { "line": 42, "column": 0 }, "end": { "line": 42, "column": 47 } },
      "42": { "start": { "line": 43, "column": 0 }, "end": { "line": 43, "column": 49 } },
      "43": { "start": { "line": 44, "column": 0 }, "end": { "line": 44, "column": 49 } },
      "45": { "start": { "line": 46, "column": 0 }, "end": { "line": 46, "column": 56 } },
      "46": { "start": { "line": 47, "column": 0 }, "end": { "line": 47, "column": 74 } },
      "47": { "start": { "line": 48, "column": 0 }, "end": { "line": 48, "column": 64 } },
      "48": { "start": { "line": 49, "column": 0 }, "end": { "line": 49, "column": 5 } },
      "50": { "start": { "line": 51, "column": 0 }, "end": { "line": 51, "column": 13 } },
      "51": { "start": { "line": 52, "column": 0 }, "end": { "line": 52, "column": 1 } }
    },
    "s": {
      "0": 1,
      "20": 1,
      "21": 53,
      "22": 53,
      "24": 53,
      "25": 53,
      "26": 53,
      "27": 0,
      "28": 0,
      "29": 53,
      "32": 53,
      "34": 53,
      "37": 53,
      "39": 53,
      "40": 53,
      "41": 53,
      "42": 53,
      "43": 53,
      "45": 53,
      "46": 5,
      "47": 5,
      "48": 53,
      "50": 53,
      "51": 53
    },
    "branchMap": {
      "0": {
        "type": "branch",
        "line": 21,
        "loc": { "start": { "line": 21, "column": 7 }, "end": { "line": 52, "column": 1 } },
        "locations": [{ "start": { "line": 21, "column": 7 }, "end": { "line": 52, "column": 1 } }]
      },
      "1": {
        "type": "branch",
        "line": 26,
        "loc": { "start": { "line": 26, "column": 15 }, "end": { "line": 26, "column": 57 } },
        "locations": [{ "start": { "line": 26, "column": 15 }, "end": { "line": 26, "column": 57 } }]
      },
      "2": {
        "type": "branch",
        "line": 35,
        "loc": { "start": { "line": 35, "column": 24 }, "end": { "line": 35, "column": 69 } },
        "locations": [{ "start": { "line": 35, "column": 24 }, "end": { "line": 35, "column": 69 } }]
      },
      "3": {
        "type": "branch",
        "line": 46,
        "loc": { "start": { "line": 46, "column": 42 }, "end": { "line": 49, "column": 3 } },
        "locations": [{ "start": { "line": 46, "column": 42 }, "end": { "line": 49, "column": 3 } }]
      }
    },
    "b": { "0": [53], "1": [2], "2": [1], "3": [5] },
    "fnMap": {
      "0": {
        "name": "createApp",
        "decl": { "start": { "line": 21, "column": 7 }, "end": { "line": 52, "column": 1 } },
        "loc": { "start": { "line": 21, "column": 7 }, "end": { "line": 52, "column": 1 } },
        "line": 21
      }
    },
    "f": { "0": 53 }
  },
  "/Users/aaditya/Projects/organizard/server/src/deps.ts": {
    "path": "/Users/aaditya/Projects/organizard/server/src/deps.ts",
    "all": false,
    "statementMap": {
      "0": { "start": { "line": 1, "column": 0 }, "end": { "line": 1, "column": 76 } },
      "17": { "start": { "line": 18, "column": 0 }, "end": { "line": 18, "column": 34 } },
      "18": { "start": { "line": 19, "column": 0 }, "end": { "line": 19, "column": 8 } },
      "19": { "start": { "line": 20, "column": 0 }, "end": { "line": 20, "column": 24 } },
      "20": { "start": { "line": 21, "column": 0 }, "end": { "line": 21, "column": 8 } },
      "21": { "start": { "line": 22, "column": 0 }, "end": { "line": 22, "column": 11 } },
      "22": { "start": { "line": 23, "column": 0 }, "end": { "line": 23, "column": 32 } },
      "23": { "start": { "line": 24, "column": 0 }, "end": { "line": 24, "column": 32 } },
      "24": { "start": { "line": 25, "column": 0 }, "end": { "line": 25, "column": 2 } }
    },
    "s": { "0": 1, "17": 1, "18": 1, "19": 1, "20": 1, "21": 1, "22": 1, "23": 1, "24": 1 },
    "branchMap": {
      "0": {
        "type": "branch",
        "line": 20,
        "loc": { "start": { "line": 20, "column": 7 }, "end": { "line": 20, "column": 24 } },
        "locations": [{ "start": { "line": 20, "column": 7 }, "end": { "line": 20, "column": 24 } }]
      }
    },
    "b": { "0": [1] },
    "fnMap": {
      "0": {
        "name": "now",
        "decl": { "start": { "line": 20, "column": 7 }, "end": { "line": 20, "column": 24 } },
        "loc": { "start": { "line": 20, "column": 7 }, "end": { "line": 20, "column": 24 } },
        "line": 20
      }
    },
    "f": { "0": 1 }
  },
  "/Users/aaditya/Projects/organizard/server/src/types.ts": {
    "path": "/Users/aaditya/Projects/organizard/server/src/types.ts",
    "all": true,
    "statementMap": {},
    "s": {},
    "branchMap": {
      "0": {
        "type": "branch",
        "line": 1,
        "loc": { "start": { "line": 1, "column": 896 }, "end": { "line": 21, "column": 2 } },
        "locations": [{ "start": { "line": 1, "column": 896 }, "end": { "line": 21, "column": 2 } }]
      }
    },
    "b": { "0": [1] },
    "fnMap": {
      "0": {
        "name": "(empty-report)",
        "decl": { "start": { "line": 1, "column": 896 }, "end": { "line": 21, "column": 2 } },
        "loc": { "start": { "line": 1, "column": 896 }, "end": { "line": 21, "column": 2 } },
        "line": 1
      }
    },
    "f": { "0": 1 }
  },
  "/Users/aaditya/Projects/organizard/server/src/validation.ts": {
    "path": "/Users/aaditya/Projects/organizard/server/src/validation.ts",
    "all": false,
    "statementMap": {
      "0": { "start": { "line": 1, "column": 0 }, "end": { "line": 1, "column": 76 } },
      "6": { "start": { "line": 7, "column": 0 }, "end": { "line": 7, "column": 30 } },
      "7": { "start": { "line": 8, "column": 0 }, "end": { "line": 8, "column": 35 } },
      "9": { "start": { "line": 10, "column": 0 }, "end": { "line": 10, "column": 53 } },
      "10": { "start": { "line": 11, "column": 0 }, "end": { "line": 11, "column": 12 } },
      "11": { "start": { "line": 12, "column": 0 }, "end": { "line": 12, "column": 31 } },
      "12": { "start": { "line": 13, "column": 0 }, "end": { "line": 13, "column": 18 } },
      "13": { "start": { "line": 14, "column": 0 }, "end": { "line": 14, "column": 19 } },
      "14": { "start": { "line": 15, "column": 0 }, "end": { "line": 15, "column": 103 } },
      "15": { "start": { "line": 16, "column": 0 }, "end": { "line": 16, "column": 5 } },
      "16": { "start": { "line": 17, "column": 0 }, "end": { "line": 17, "column": 12 } },
      "17": { "start": { "line": 18, "column": 0 }, "end": { "line": 18, "column": 34 } },
      "18": { "start": { "line": 19, "column": 0 }, "end": { "line": 19, "column": 18 } },
      "19": { "start": { "line": 20, "column": 0 }, "end": { "line": 20, "column": 19 } },
      "20": { "start": { "line": 21, "column": 0 }, "end": { "line": 21, "column": 23 } },
      "21": { "start": { "line": 22, "column": 0 }, "end": { "line": 22, "column": 14 } },
      "22": { "start": { "line": 23, "column": 0 }, "end": { "line": 23, "column": 27 } },
      "23": { "start": { "line": 24, "column": 0 }, "end": { "line": 24, "column": 28 } },
      "24": { "start": { "line": 25, "column": 0 }, "end": { "line": 25, "column": 27 } },
      "25": { "start": { "line": 26, "column": 0 }, "end": { "line": 26, "column": 28 } },
      "26": { "start": { "line": 27, "column": 0 }, "end": { "line": 27, "column": 7 } },
      "27": { "start": { "line": 28, "column": 0 }, "end": { "line": 28, "column": 5 } },
      "28": { "start": { "line": 29, "column": 0 }, "end": { "line": 29, "column": 109 } },
      "29": { "start": { "line": 30, "column": 0 }, "end": { "line": 30, "column": 12 } },
      "30": { "start": { "line": 31, "column": 0 }, "end": { "line": 31, "column": 30 } },
      "31": { "start": { "line": 32, "column": 0 }, "end": { "line": 32, "column": 18 } },
      "32": { "start": { "line": 33, "column": 0 }, "end": { "line": 33, "column": 19 } },
      "33": { "start": { "line": 34, "column": 0 }, "end": { "line": 34, "column": 23 } },
      "34": { "start": { "line": 35, "column": 0 }, "end": { "line": 35, "column": 14 } },
      "35": { "start": { "line": 36, "column": 0 }, "end": { "line": 36, "column": 18 } },
      "36": { "start": { "line": 37, "column": 0 }, "end": { "line": 37, "column": 45 } },
      "37": { "start": { "line": 38, "column": 0 }, "end": { "line": 38, "column": 16 } },
      "38": { "start": { "line": 39, "column": 0 }, "end": { "line": 39, "column": 17 } },
      "39": { "start": { "line": 40, "column": 0 }, "end": { "line": 40, "column": 20 } },
      "40": { "start": { "line": 41, "column": 0 }, "end": { "line": 41, "column": 7 } },
      "41": { "start": { "line": 42, "column": 0 }, "end": { "line": 42, "column": 5 } },
      "42": { "start": { "line": 43, "column": 0 }, "end": { "line": 43, "column": 12 } },
      "43": { "start": { "line": 44, "column": 0 }, "end": { "line": 44, "column": 33 } },
      "44": { "start": { "line": 45, "column": 0 }, "end": { "line": 45, "column": 18 } },
      "45": { "start": { "line": 46, "column": 0 }, "end": { "line": 46, "column": 19 } },
      "46": { "start": { "line": 47, "column": 0 }, "end": { "line": 47, "column": 104 } },
      "47": { "start": { "line": 48, "column": 0 }, "end": { "line": 48, "column": 5 } },
      "48": { "start": { "line": 49, "column": 0 }, "end": { "line": 49, "column": 108 } },
      "49": { "start": { "line": 50, "column": 0 }, "end": { "line": 50, "column": 12 } },
      "50": { "start": { "line": 51, "column": 0 }, "end": { "line": 51, "column": 36 } },
      "51": { "start": { "line": 52, "column": 0 }, "end": { "line": 52, "column": 18 } },
      "52": { "start": { "line": 53, "column": 0 }, "end": { "line": 53, "column": 19 } },
      "53": { "start": { "line": 54, "column": 0 }, "end": { "line": 54, "column": 50 } },
      "54": { "start": { "line": 55, "column": 0 }, "end": { "line": 55, "column": 5 } },
      "55": { "start": { "line": 56, "column": 0 }, "end": { "line": 56, "column": 12 } },
      "56": { "start": { "line": 57, "column": 0 }, "end": { "line": 57, "column": 35 } },
      "57": { "start": { "line": 58, "column": 0 }, "end": { "line": 58, "column": 18 } },
      "58": { "start": { "line": 59, "column": 0 }, "end": { "line": 59, "column": 19 } },
      "59": { "start": { "line": 60, "column": 0 }, "end": { "line": 60, "column": 72 } },
      "60": { "start": { "line": 61, "column": 0 }, "end": { "line": 61, "column": 5 } },
      "61": { "start": { "line": 62, "column": 0 }, "end": { "line": 62, "column": 12 } },
      "62": { "start": { "line": 63, "column": 0 }, "end": { "line": 63, "column": 36 } },
      "63": { "start": { "line": 64, "column": 0 }, "end": { "line": 64, "column": 18 } },
      "64": { "start": { "line": 65, "column": 0 }, "end": { "line": 65, "column": 19 } },
      "65": { "start": { "line": 66, "column": 0 }, "end": { "line": 66, "column": 70 } },
      "66": { "start": { "line": 67, "column": 0 }, "end": { "line": 67, "column": 5 } },
      "67": { "start": { "line": 68, "column": 0 }, "end": { "line": 68, "column": 12 } },
      "68": { "start": { "line": 69, "column": 0 }, "end": { "line": 69, "column": 33 } },
      "69": { "start": { "line": 70, "column": 0 }, "end": { "line": 70, "column": 18 } },
      "70": { "start": { "line": 71, "column": 0 }, "end": { "line": 71, "column": 19 } },
      "71": { "start": { "line": 72, "column": 0 }, "end": { "line": 72, "column": 59 } },
      "72": { "start": { "line": 73, "column": 0 }, "end": { "line": 73, "column": 5 } },
      "73": { "start": { "line": 74, "column": 0 }, "end": { "line": 74, "column": 12 } },
      "74": { "start": { "line": 75, "column": 0 }, "end": { "line": 75, "column": 33 } },
      "75": { "start": { "line": 76, "column": 0 }, "end": { "line": 76, "column": 18 } },
      "76": { "start": { "line": 77, "column": 0 }, "end": { "line": 77, "column": 19 } },
      "77": { "start": { "line": 78, "column": 0 }, "end": { "line": 78, "column": 70 } },
      "78": { "start": { "line": 79, "column": 0 }, "end": { "line": 79, "column": 5 } },
      "79": { "start": { "line": 80, "column": 0 }, "end": { "line": 80, "column": 12 } },
      "80": { "start": { "line": 81, "column": 0 }, "end": { "line": 81, "column": 31 } },
      "81": { "start": { "line": 82, "column": 0 }, "end": { "line": 82, "column": 18 } },
      "82": { "start": { "line": 83, "column": 0 }, "end": { "line": 83, "column": 19 } },
      "83": { "start": { "line": 84, "column": 0 }, "end": { "line": 84, "column": 23 } },
      "84": { "start": { "line": 85, "column": 0 }, "end": { "line": 85, "column": 14 } },
      "85": { "start": { "line": 86, "column": 0 }, "end": { "line": 86, "column": 17 } },
      "86": { "start": { "line": 87, "column": 0 }, "end": { "line": 87, "column": 16 } },
      "87": { "start": { "line": 88, "column": 0 }, "end": { "line": 88, "column": 35 } },
      "88": { "start": { "line": 89, "column": 0 }, "end": { "line": 89, "column": 42 } },
      "89": { "start": { "line": 90, "column": 0 }, "end": { "line": 90, "column": 28 } },
      "90": { "start": { "line": 91, "column": 0 }, "end": { "line": 91, "column": 28 } },
      "91": { "start": { "line": 92, "column": 0 }, "end": { "line": 92, "column": 41 } },
      "92": { "start": { "line": 93, "column": 0 }, "end": { "line": 93, "column": 40 } },
      "93": { "start": { "line": 94, "column": 0 }, "end": { "line": 94, "column": 7 } },
      "94": { "start": { "line": 95, "column": 0 }, "end": { "line": 95, "column": 5 } },
      "95": { "start": { "line": 96, "column": 0 }, "end": { "line": 96, "column": 12 } },
      "96": { "start": { "line": 97, "column": 0 }, "end": { "line": 97, "column": 34 } },
      "97": { "start": { "line": 98, "column": 0 }, "end": { "line": 98, "column": 18 } },
      "98": { "start": { "line": 99, "column": 0 }, "end": { "line": 99, "column": 19 } },
      "99": { "start": { "line": 100, "column": 0 }, "end": { "line": 100, "column": 23 } },
      "100": { "start": { "line": 101, "column": 0 }, "end": { "line": 101, "column": 14 } },
      "101": { "start": { "line": 102, "column": 0 }, "end": { "line": 102, "column": 17 } },
      "102": { "start": { "line": 103, "column": 0 }, "end": { "line": 103, "column": 27 } },
      "103": { "start": { "line": 104, "column": 0 }, "end": { "line": 104, "column": 46 } },
      "104": { "start": { "line": 105, "column": 0 }, "end": { "line": 105, "column": 53 } },
      "105": { "start": { "line": 106, "column": 0 }, "end": { "line": 106, "column": 28 } },
      "106": { "start": { "line": 107, "column": 0 }, "end": { "line": 107, "column": 41 } },
      "107": { "start": { "line": 108, "column": 0 }, "end": { "line": 108, "column": 40 } },
      "108": { "start": { "line": 109, "column": 0 }, "end": { "line": 109, "column": 7 } },
      "109": { "start": { "line": 110, "column": 0 }, "end": { "line": 110, "column": 5 } },
      "110": { "start": { "line": 111, "column": 0 }, "end": { "line": 111, "column": 12 } },
      "111": { "start": { "line": 112, "column": 0 }, "end": { "line": 112, "column": 34 } },
      "112": { "start": { "line": 113, "column": 0 }, "end": { "line": 113, "column": 18 } },
      "113": { "start": { "line": 114, "column": 0 }, "end": { "line": 114, "column": 19 } },
      "114": { "start": { "line": 115, "column": 0 }, "end": { "line": 115, "column": 47 } },
      "115": { "start": { "line": 116, "column": 0 }, "end": { "line": 116, "column": 5 } },
      "116": { "start": { "line": 117, "column": 0 }, "end": { "line": 117, "column": 12 } },
      "117": { "start": { "line": 118, "column": 0 }, "end": { "line": 118, "column": 32 } },
      "118": { "start": { "line": 119, "column": 0 }, "end": { "line": 119, "column": 18 } },
      "119": { "start": { "line": 120, "column": 0 }, "end": { "line": 120, "column": 19 } },
      "120": { "start": { "line": 121, "column": 0 }, "end": { "line": 121, "column": 65 } },
      "121": { "start": { "line": 122, "column": 0 }, "end": { "line": 122, "column": 5 } },
      "123": { "start": { "line": 124, "column": 0 }, "end": { "line": 124, "column": 12 } },
      "124": { "start": { "line": 125, "column": 0 }, "end": { "line": 125, "column": 34 } },
      "125": { "start": { "line": 126, "column": 0 }, "end": { "line": 126, "column": 18 } },
      "126": { "start": { "line": 127, "column": 0 }, "end": { "line": 127, "column": 19 } },
      "127": { "start": { "line": 128, "column": 0 }, "end": { "line": 128, "column": 23 } },
      "128": { "start": { "line": 129, "column": 0 }, "end": { "line": 129, "column": 34 } },
      "129": { "start": { "line": 130, "column": 0 }, "end": { "line": 130, "column": 34 } },
      "130": { "start": { "line": 131, "column": 0 }, "end": { "line": 131, "column": 32 } },
      "131": { "start": { "line": 132, "column": 0 }, "end": { "line": 132, "column": 36 } },
      "132": { "start": { "line": 133, "column": 0 }, "end": { "line": 133, "column": 7 } },
      "133": { "start": { "line": 134, "column": 0 }, "end": { "line": 134, "column": 5 } },
      "134": { "start": { "line": 135, "column": 0 }, "end": { "line": 135, "column": 3 } },
      "137": { "start": { "line": 138, "column": 0 }, "end": { "line": 138, "column": 93 } },
      "141": { "start": { "line": 142, "column": 0 }, "end": { "line": 142, "column": 46 } },
      "142": { "start": { "line": 143, "column": 0 }, "end": { "line": 143, "column": 23 } },
      "143": { "start": { "line": 144, "column": 0 }, "end": { "line": 144, "column": 25 } },
      "145": { "start": { "line": 146, "column": 0 }, "end": { "line": 146, "column": 71 } },
      "147": { "start": { "line": 148, "column": 0 }, "end": { "line": 148, "column": 63 } },
      "148": { "start": { "line": 149, "column": 0 }, "end": { "line": 149, "column": 50 } },
      "149": { "start": { "line": 150, "column": 0 }, "end": { "line": 150, "column": 106 } },
      "150": { "start": { "line": 151, "column": 0 }, "end": { "line": 151, "column": 60 } },
      "151": { "start": { "line": 152, "column": 0 }, "end": { "line": 152, "column": 40 } },
      "152": { "start": { "line": 153, "column": 0 }, "end": { "line": 153, "column": 42 } },
      "153": { "start": { "line": 154, "column": 0 }, "end": { "line": 154, "column": 24 } },
      "154": { "start": { "line": 155, "column": 0 }, "end": { "line": 155, "column": 22 } },
      "155": { "start": { "line": 156, "column": 0 }, "end": { "line": 156, "column": 30 } },
      "156": { "start": { "line": 157, "column": 0 }, "end": { "line": 157, "column": 31 } },
      "157": { "start": { "line": 158, "column": 0 }, "end": { "line": 158, "column": 3 } },
      "158": { "start": { "line": 159, "column": 0 }, "end": { "line": 159, "column": 86 } },
      "160": { "start": { "line": 161, "column": 0 }, "end": { "line": 161, "column": 87 } },
      "161": { "start": { "line": 162, "column": 0 }, "end": { "line": 162, "column": 89 } },
      "162": { "start": { "line": 163, "column": 0 }, "end": { "line": 163, "column": 37 } },
      "163": { "start": { "line": 164, "column": 0 }, "end": { "line": 164, "column": 91 } },
      "164": { "start": { "line": 165, "column": 0 }, "end": { "line": 165, "column": 3 } },
      "172": { "start": { "line": 173, "column": 0 }, "end": { "line": 173, "column": 56 } },
      "173": { "start": { "line": 174, "column": 0 }, "end": { "line": 174, "column": 47 } },
      "174": { "start": { "line": 175, "column": 0 }, "end": { "line": 175, "column": 12 } },
      "175": { "start": { "line": 176, "column": 0 }, "end": { "line": 176, "column": 36 } },
      "176": { "start": { "line": 177, "column": 0 }, "end": { "line": 177, "column": 56 } },
      "177": { "start": { "line": 178, "column": 0 }, "end": { "line": 178, "column": 39 } },
      "178": { "start": { "line": 179, "column": 0 }, "end": { "line": 179, "column": 61 } },
      "179": { "start": { "line": 180, "column": 0 }, "end": { "line": 180, "column": 47 } },
      "180": { "start": { "line": 181, "column": 0 }, "end": { "line": 181, "column": 70 } },
      "181": { "start": { "line": 182, "column": 0 }, "end": { "line": 182, "column": 1 } }
    },
    "s": {
      "0": 1,
      "6": 1,
      "7": 1,
      "9": 1,
      "10": 1,
      "11": 1,
      "12": 1,
      "13": 1,
      "14": 1,
      "15": 1,
      "16": 1,
      "17": 1,
      "18": 1,
      "19": 1,
      "20": 1,
      "21": 1,
      "22": 1,
      "23": 1,
      "24": 1,
      "25": 1,
      "26": 1,
      "27": 1,
      "28": 1,
      "29": 1,
      "30": 1,
      "31": 1,
      "32": 1,
      "33": 1,
      "34": 1,
      "35": 1,
      "36": 1,
      "37": 1,
      "38": 1,
      "39": 1,
      "40": 1,
      "41": 1,
      "42": 1,
      "43": 1,
      "44": 1,
      "45": 1,
      "46": 1,
      "47": 1,
      "48": 1,
      "49": 1,
      "50": 1,
      "51": 1,
      "52": 1,
      "53": 1,
      "54": 1,
      "55": 1,
      "56": 1,
      "57": 1,
      "58": 1,
      "59": 1,
      "60": 1,
      "61": 1,
      "62": 1,
      "63": 1,
      "64": 1,
      "65": 1,
      "66": 1,
      "67": 1,
      "68": 1,
      "69": 1,
      "70": 1,
      "71": 1,
      "72": 1,
      "73": 1,
      "74": 1,
      "75": 1,
      "76": 1,
      "77": 1,
      "78": 1,
      "79": 1,
      "80": 1,
      "81": 1,
      "82": 1,
      "83": 1,
      "84": 1,
      "85": 1,
      "86": 1,
      "87": 1,
      "88": 1,
      "89": 1,
      "90": 1,
      "91": 1,
      "92": 1,
      "93": 1,
      "94": 1,
      "95": 1,
      "96": 1,
      "97": 1,
      "98": 1,
      "99": 1,
      "100": 1,
      "101": 1,
      "102": 1,
      "103": 1,
      "104": 1,
      "105": 1,
      "106": 1,
      "107": 1,
      "108": 1,
      "109": 1,
      "110": 1,
      "111": 1,
      "112": 1,
      "113": 1,
      "114": 1,
      "115": 1,
      "116": 1,
      "117": 1,
      "118": 1,
      "119": 1,
      "120": 1,
      "121": 1,
      "123": 1,
      "124": 1,
      "125": 1,
      "126": 1,
      "127": 1,
      "128": 1,
      "129": 1,
      "130": 1,
      "131": 1,
      "132": 1,
      "133": 1,
      "134": 1,
      "137": 1,
      "141": 1,
      "142": 1,
      "143": 1,
      "145": 1,
      "147": 1,
      "148": 1,
      "149": 1,
      "150": 1,
      "151": 1,
      "152": 1,
      "153": 1,
      "154": 1,
      "155": 1,
      "156": 1,
      "157": 1,
      "158": 1,
      "160": 1,
      "161": 1,
      "162": 1,
      "163": 1,
      "164": 1,
      "172": 172,
      "173": 172,
      "174": 172,
      "175": 172,
      "176": 172,
      "177": 172,
      "178": 172,
      "179": 172,
      "180": 172,
      "181": 172
    },
    "branchMap": {
      "0": {
        "type": "branch",
        "line": 173,
        "loc": { "start": { "line": 173, "column": 0 }, "end": { "line": 182, "column": 1 } },
        "locations": [{ "start": { "line": 173, "column": 0 }, "end": { "line": 182, "column": 1 } }]
      },
      "1": {
        "type": "branch",
        "line": 179,
        "loc": { "start": { "line": 179, "column": 22 }, "end": { "line": 179, "column": 61 } },
        "locations": [{ "start": { "line": 179, "column": 22 }, "end": { "line": 179, "column": 61 } }]
      },
      "2": {
        "type": "branch",
        "line": 179,
        "loc": { "start": { "line": 179, "column": 59 }, "end": { "line": 180, "column": 44 } },
        "locations": [{ "start": { "line": 179, "column": 59 }, "end": { "line": 180, "column": 44 } }]
      },
      "3": {
        "type": "branch",
        "line": 181,
        "loc": { "start": { "line": 181, "column": 45 }, "end": { "line": 181, "column": 63 } },
        "locations": [{ "start": { "line": 181, "column": 45 }, "end": { "line": 181, "column": 63 } }]
      },
      "4": {
        "type": "branch",
        "line": 181,
        "loc": { "start": { "line": 181, "column": 56 }, "end": { "line": 181, "column": 68 } },
        "locations": [{ "start": { "line": 181, "column": 56 }, "end": { "line": 181, "column": 68 } }]
      },
      "5": {
        "type": "branch",
        "line": 177,
        "loc": { "start": { "line": 177, "column": 39 }, "end": { "line": 177, "column": 54 } },
        "locations": [{ "start": { "line": 177, "column": 39 }, "end": { "line": 177, "column": 54 } }]
      }
    },
    "b": { "0": [172], "1": [164], "2": [8], "3": [7], "4": [1], "5": [1] },
    "fnMap": {
      "0": {
        "name": "parseBody",
        "decl": { "start": { "line": 173, "column": 0 }, "end": { "line": 182, "column": 1 } },
        "loc": { "start": { "line": 173, "column": 0 }, "end": { "line": 182, "column": 1 } },
        "line": 173
      }
    },
    "f": { "0": 172 }
  },
  "/Users/aaditya/Projects/organizard/server/src/db/client.ts": {
    "path": "/Users/aaditya/Projects/organizard/server/src/db/client.ts",
    "all": false,
    "statementMap": {
      "0": { "start": { "line": 1, "column": 0 }, "end": { "line": 1, "column": 88 } },
      "9": { "start": { "line": 10, "column": 0 }, "end": { "line": 10, "column": 70 } }
    },
    "s": { "0": 1, "9": 1 },
    "branchMap": {},
    "b": {},
    "fnMap": {
      "0": {
        "name": "getDb",
        "decl": { "start": { "line": 10, "column": 21 }, "end": { "line": 10, "column": 70 } },
        "loc": { "start": { "line": 10, "column": 21 }, "end": { "line": 10, "column": 70 } },
        "line": 10
      }
    },
    "f": { "0": 0 }
  },
  "/Users/aaditya/Projects/organizard/server/src/db/schema.ts": {
    "path": "/Users/aaditya/Projects/organizard/server/src/db/schema.ts",
    "all": false,
    "statementMap": {
      "0": { "start": { "line": 1, "column": 0 }, "end": { "line": 1, "column": 34 } },
      "6": { "start": { "line": 7, "column": 0 }, "end": { "line": 7, "column": 43 } },
      "7": { "start": { "line": 8, "column": 0 }, "end": { "line": 8, "column": 30 } },
      "8": { "start": { "line": 9, "column": 0 }, "end": { "line": 9, "column": 39 } },
      "9": { "start": { "line": 10, "column": 0 }, "end": { "line": 10, "column": 32 } },
      "11": { "start": { "line": 12, "column": 0 }, "end": { "line": 12, "column": 38 } },
      "12": { "start": { "line": 13, "column": 0 }, "end": { "line": 13, "column": 31 } },
      "13": { "start": { "line": 14, "column": 0 }, "end": { "line": 14, "column": 63 } },
      "14": { "start": { "line": 15, "column": 0 }, "end": { "line": 15, "column": 97 } },
      "15": { "start": { "line": 16, "column": 0 }, "end": { "line": 16, "column": 58 } },
      "16": { "start": { "line": 17, "column": 0 }, "end": { "line": 17, "column": 45 } },
      "17": { "start": { "line": 18, "column": 0 }, "end": { "line": 18, "column": 3 } },
      "19": { "start": { "line": 20, "column": 0 }, "end": { "line": 20, "column": 43 } },
      "20": { "start": { "line": 21, "column": 0 }, "end": { "line": 21, "column": 30 } },
      "21": { "start": { "line": 22, "column": 0 }, "end": { "line": 22, "column": 31 } },
      "22": { "start": { "line": 23, "column": 0 }, "end": { "line": 23, "column": 30 } },
      "23": { "start": { "line": 24, "column": 0 }, "end": { "line": 24, "column": 26 } },
      "24": { "start": { "line": 25, "column": 0 }, "end": { "line": 25, "column": 34 } },
      "25": { "start": { "line": 26, "column": 0 }, "end": { "line": 26, "column": 27 } },
      "26": { "start": { "line": 27, "column": 0 }, "end": { "line": 27, "column": 14 } },
      "27": { "start": { "line": 28, "column": 0 }, "end": { "line": 28, "column": 32 } },
      "28": { "start": { "line": 29, "column": 0 }, "end": { "line": 29, "column": 45 } },
      "29": { "start": { "line": 30, "column": 0 }, "end": { "line": 30, "column": 45 } },
      "30": { "start": { "line": 31, "column": 0 }, "end": { "line": 31, "column": 3 } },
      "33": { "start": { "line": 34, "column": 0 }, "end": { "line": 34, "column": 35 } },
      "34": { "start": { "line": 35, "column": 0 }, "end": { "line": 35, "column": 12 } },
      "35": { "start": { "line": 36, "column": 0 }, "end": { "line": 36, "column": 3 } },
      "36": { "start": { "line": 37, "column": 0 }, "end": { "line": 37, "column": 32 } },
      "37": { "start": { "line": 38, "column": 0 }, "end": { "line": 38, "column": 27 } },
      "38": { "start": { "line": 39, "column": 0 }, "end": { "line": 39, "column": 16 } },
      "39": { "start": { "line": 40, "column": 0 }, "end": { "line": 40, "column": 34 } },
      "40": { "start": { "line": 41, "column": 0 }, "end": { "line": 41, "column": 27 } },
      "41": { "start": { "line": 42, "column": 0 }, "end": { "line": 42, "column": 16 } },
      "42": { "start": { "line": 43, "column": 0 }, "end": { "line": 43, "column": 34 } },
      "43": { "start": { "line": 44, "column": 0 }, "end": { "line": 44, "column": 54 } },
      "44": { "start": { "line": 45, "column": 0 }, "end": { "line": 45, "column": 47 } },
      "45": { "start": { "line": 46, "column": 0 }, "end": { "line": 46, "column": 4 } },
      "46": { "start": { "line": 47, "column": 0 }, "end": { "line": 47, "column": 81 } },
      "47": { "start": { "line": 48, "column": 0 }, "end": { "line": 48, "column": 2 } },
      "49": { "start": { "line": 50, "column": 0 }, "end": { "line": 50, "column": 43 } },
      "50": { "start": { "line": 51, "column": 0 }, "end": { "line": 51, "column": 30 } },
      "51": { "start": { "line": 52, "column": 0 }, "end": { "line": 52, "column": 25 } },
      "52": { "start": { "line": 53, "column": 0 }, "end": { "line": 53, "column": 14 } },
      "53": { "start": { "line": 54, "column": 0 }, "end": { "line": 54, "column": 32 } },
      "54": { "start": { "line": 55, "column": 0 }, "end": { "line": 55, "column": 31 } },
      "55": { "start": { "line": 56, "column": 0 }, "end": { "line": 56, "column": 21 } },
      "56": { "start": { "line": 57, "column": 0 }, "end": { "line": 57, "column": 46 } },
      "57": { "start": { "line": 58, "column": 0 }, "end": { "line": 58, "column": 50 } },
      "58": { "start": { "line": 59, "column": 0 }, "end": { "line": 59, "column": 45 } },
      "59": { "start": { "line": 60, "column": 0 }, "end": { "line": 60, "column": 35 } },
      "60": { "start": { "line": 61, "column": 0 }, "end": { "line": 61, "column": 3 } },
      "62": { "start": { "line": 63, "column": 0 }, "end": { "line": 63, "column": 49 } },
      "63": { "start": { "line": 64, "column": 0 }, "end": { "line": 64, "column": 30 } },
      "64": { "start": { "line": 65, "column": 0 }, "end": { "line": 65, "column": 25 } },
      "65": { "start": { "line": 66, "column": 0 }, "end": { "line": 66, "column": 14 } },
      "66": { "start": { "line": 67, "column": 0 }, "end": { "line": 67, "column": 32 } },
      "67": { "start": { "line": 68, "column": 0 }, "end": { "line": 68, "column": 33 } },
      "68": { "start": { "line": 69, "column": 0 }, "end": { "line": 69, "column": 33 } },
      "69": { "start": { "line": 70, "column": 0 }, "end": { "line": 70, "column": 74 } },
      "70": { "start": { "line": 71, "column": 0 }, "end": { "line": 71, "column": 45 } },
      "71": { "start": { "line": 72, "column": 0 }, "end": { "line": 72, "column": 35 } },
      "72": { "start": { "line": 73, "column": 0 }, "end": { "line": 73, "column": 3 } },
      "74": { "start": { "line": 75, "column": 0 }, "end": { "line": 75, "column": 47 } },
      "75": { "start": { "line": 76, "column": 0 }, "end": { "line": 76, "column": 30 } },
      "76": { "start": { "line": 77, "column": 0 }, "end": { "line": 77, "column": 25 } },
      "77": { "start": { "line": 78, "column": 0 }, "end": { "line": 78, "column": 14 } },
      "78": { "start": { "line": 79, "column": 0 }, "end": { "line": 79, "column": 32 } },
      "79": { "start": { "line": 80, "column": 0 }, "end": { "line": 80, "column": 33 } },
      "80": { "start": { "line": 81, "column": 0 }, "end": { "line": 81, "column": 33 } },
      "81": { "start": { "line": 82, "column": 0 }, "end": { "line": 82, "column": 31 } },
      "82": { "start": { "line": 83, "column": 0 }, "end": { "line": 83, "column": 74 } },
      "83": { "start": { "line": 84, "column": 0 }, "end": { "line": 84, "column": 45 } },
      "84": { "start": { "line": 85, "column": 0 }, "end": { "line": 85, "column": 35 } },
      "85": { "start": { "line": 86, "column": 0 }, "end": { "line": 86, "column": 3 } },
      "87": { "start": { "line": 88, "column": 0 }, "end": { "line": 88, "column": 43 } },
      "88": { "start": { "line": 89, "column": 0 }, "end": { "line": 89, "column": 30 } },
      "89": { "start": { "line": 90, "column": 0 }, "end": { "line": 90, "column": 25 } },
      "90": { "start": { "line": 91, "column": 0 }, "end": { "line": 91, "column": 14 } },
      "91": { "start": { "line": 92, "column": 0 }, "end": { "line": 92, "column": 32 } },
      "92": { "start": { "line": 93, "column": 0 }, "end": { "line": 93, "column": 25 } },
      "93": { "start": { "line": 94, "column": 0 }, "end": { "line": 94, "column": 14 } },
      "94": { "start": { "line": 95, "column": 0 }, "end": { "line": 95, "column": 32 } },
      "95": { "start": { "line": 96, "column": 0 }, "end": { "line": 96, "column": 38 } },
      "96": { "start": { "line": 97, "column": 0 }, "end": { "line": 97, "column": 31 } },
      "97": { "start": { "line": 98, "column": 0 }, "end": { "line": 98, "column": 50 } },
      "98": { "start": { "line": 99, "column": 0 }, "end": { "line": 99, "column": 40 } },
      "99": { "start": { "line": 100, "column": 0 }, "end": { "line": 100, "column": 39 } },
      "100": { "start": { "line": 101, "column": 0 }, "end": { "line": 101, "column": 45 } },
      "101": { "start": { "line": 102, "column": 0 }, "end": { "line": 102, "column": 35 } },
      "102": { "start": { "line": 103, "column": 0 }, "end": { "line": 103, "column": 3 } },
      "104": { "start": { "line": 105, "column": 0 }, "end": { "line": 105, "column": 43 } },
      "105": { "start": { "line": 106, "column": 0 }, "end": { "line": 106, "column": 30 } },
      "106": { "start": { "line": 107, "column": 0 }, "end": { "line": 107, "column": 25 } },
      "107": { "start": { "line": 108, "column": 0 }, "end": { "line": 108, "column": 14 } },
      "108": { "start": { "line": 109, "column": 0 }, "end": { "line": 109, "column": 32 } },
      "109": { "start": { "line": 110, "column": 0 }, "end": { "line": 110, "column": 23 } },
      "110": { "start": { "line": 111, "column": 0 }, "end": { "line": 111, "column": 14 } },
      "111": { "start": { "line": 112, "column": 0 }, "end": { "line": 112, "column": 32 } },
      "112": { "start": { "line": 113, "column": 0 }, "end": { "line": 113, "column": 31 } },
      "113": { "start": { "line": 114, "column": 0 }, "end": { "line": 114, "column": 43 } },
      "114": { "start": { "line": 115, "column": 0 }, "end": { "line": 115, "column": 58 } },
      "115": { "start": { "line": 116, "column": 0 }, "end": { "line": 116, "column": 21 } },
      "116": { "start": { "line": 117, "column": 0 }, "end": { "line": 117, "column": 21 } },
      "117": { "start": { "line": 118, "column": 0 }, "end": { "line": 118, "column": 45 } },
      "118": { "start": { "line": 119, "column": 0 }, "end": { "line": 119, "column": 35 } },
      "119": { "start": { "line": 120, "column": 0 }, "end": { "line": 120, "column": 3 } },
      "122": { "start": { "line": 123, "column": 0 }, "end": { "line": 123, "column": 38 } },
      "123": { "start": { "line": 124, "column": 0 }, "end": { "line": 124, "column": 16 } },
      "124": { "start": { "line": 125, "column": 0 }, "end": { "line": 125, "column": 3 } },
      "125": { "start": { "line": 126, "column": 0 }, "end": { "line": 126, "column": 25 } },
      "126": { "start": { "line": 127, "column": 0 }, "end": { "line": 127, "column": 16 } },
      "127": { "start": { "line": 128, "column": 0 }, "end": { "line": 128, "column": 34 } },
      "128": { "start": { "line": 129, "column": 0 }, "end": { "line": 129, "column": 31 } },
      "129": { "start": { "line": 130, "column": 0 }, "end": { "line": 130, "column": 16 } },
      "130": { "start": { "line": 131, "column": 0 }, "end": { "line": 131, "column": 36 } },
      "131": { "start": { "line": 132, "column": 0 }, "end": { "line": 132, "column": 4 } },
      "132": { "start": { "line": 133, "column": 0 }, "end": { "line": 133, "column": 66 } },
      "133": { "start": { "line": 134, "column": 0 }, "end": { "line": 134, "column": 2 } },
      "136": { "start": { "line": 137, "column": 0 }, "end": { "line": 137, "column": 39 } },
      "137": { "start": { "line": 138, "column": 0 }, "end": { "line": 138, "column": 17 } },
      "138": { "start": { "line": 139, "column": 0 }, "end": { "line": 139, "column": 3 } },
      "139": { "start": { "line": 140, "column": 0 }, "end": { "line": 140, "column": 27 } },
      "140": { "start": { "line": 141, "column": 0 }, "end": { "line": 141, "column": 16 } },
      "141": { "start": { "line": 142, "column": 0 }, "end": { "line": 142, "column": 34 } },
      "142": { "start": { "line": 143, "column": 0 }, "end": { "line": 143, "column": 31 } },
      "143": { "start": { "line": 144, "column": 0 }, "end": { "line": 144, "column": 16 } },
      "144": { "start": { "line": 145, "column": 0 }, "end": { "line": 145, "column": 36 } },
      "145": { "start": { "line": 146, "column": 0 }, "end": { "line": 146, "column": 4 } },
      "146": { "start": { "line": 147, "column": 0 }, "end": { "line": 147, "column": 67 } },
      "147": { "start": { "line": 148, "column": 0 }, "end": { "line": 148, "column": 2 } },
      "149": { "start": { "line": 150, "column": 0 }, "end": { "line": 150, "column": 45 } },
      "150": { "start": { "line": 151, "column": 0 }, "end": { "line": 151, "column": 30 } },
      "151": { "start": { "line": 152, "column": 0 }, "end": { "line": 152, "column": 25 } },
      "152": { "start": { "line": 153, "column": 0 }, "end": { "line": 153, "column": 14 } },
      "153": { "start": { "line": 154, "column": 0 }, "end": { "line": 154, "column": 32 } },
      "154": { "start": { "line": 155, "column": 0 }, "end": { "line": 155, "column": 26 } },
      "155": { "start": { "line": 156, "column": 0 }, "end": { "line": 156, "column": 24 } },
      "156": { "start": { "line": 157, "column": 0 }, "end": { "line": 157, "column": 34 } },
      "157": { "start": { "line": 158, "column": 0 }, "end": { "line": 158, "column": 26 } },
      "158": { "start": { "line": 159, "column": 0 }, "end": { "line": 159, "column": 28 } },
      "159": { "start": { "line": 160, "column": 0 }, "end": { "line": 160, "column": 31 } },
      "160": { "start": { "line": 161, "column": 0 }, "end": { "line": 161, "column": 14 } },
      "161": { "start": { "line": 162, "column": 0 }, "end": { "line": 162, "column": 32 } },
      "162": { "start": { "line": 163, "column": 0 }, "end": { "line": 163, "column": 45 } },
      "163": { "start": { "line": 164, "column": 0 }, "end": { "line": 164, "column": 3 } },
      "165": { "start": { "line": 166, "column": 0 }, "end": { "line": 166, "column": 47 } },
      "166": { "start": { "line": 167, "column": 0 }, "end": { "line": 167, "column": 30 } },
      "167": { "start": { "line": 168, "column": 0 }, "end": { "line": 168, "column": 25 } },
      "168": { "start": { "line": 169, "column": 0 }, "end": { "line": 169, "column": 14 } },
      "169": { "start": { "line": 170, "column": 0 }, "end": { "line": 170, "column": 32 } },
      "170": { "start": { "line": 171, "column": 0 }, "end": { "line": 171, "column": 52 } },
      "171": { "start": { "line": 172, "column": 0 }, "end": { "line": 172, "column": 42 } },
      "172": { "start": { "line": 173, "column": 0 }, "end": { "line": 173, "column": 31 } },
      "173": { "start": { "line": 174, "column": 0 }, "end": { "line": 174, "column": 14 } },
      "174": { "start": { "line": 175, "column": 0 }, "end": { "line": 175, "column": 32 } },
      "175": { "start": { "line": 176, "column": 0 }, "end": { "line": 176, "column": 45 } },
      "176": { "start": { "line": 177, "column": 0 }, "end": { "line": 177, "column": 34 } },
      "177": { "start": { "line": 178, "column": 0 }, "end": { "line": 178, "column": 3 } },
      "180": { "start": { "line": 181, "column": 0 }, "end": { "line": 181, "column": 39 } },
      "181": { "start": { "line": 182, "column": 0 }, "end": { "line": 182, "column": 17 } },
      "182": { "start": { "line": 183, "column": 0 }, "end": { "line": 183, "column": 3 } },
      "183": { "start": { "line": 184, "column": 0 }, "end": { "line": 184, "column": 27 } },
      "184": { "start": { "line": 185, "column": 0 }, "end": { "line": 185, "column": 16 } },
      "185": { "start": { "line": 186, "column": 0 }, "end": { "line": 186, "column": 34 } },
      "186": { "start": { "line": 187, "column": 0 }, "end": { "line": 187, "column": 42 } },
      "187": { "start": { "line": 188, "column": 0 }, "end": { "line": 188, "column": 47 } },
      "188": { "start": { "line": 189, "column": 0 }, "end": { "line": 189, "column": 4 } },
      "189": { "start": { "line": 190, "column": 0 }, "end": { "line": 190, "column": 67 } },
      "190": { "start": { "line": 191, "column": 0 }, "end": { "line": 191, "column": 2 } }
    },
    "s": {
      "0": 1,
      "6": 1,
      "7": 1,
      "8": 1,
      "9": 1,
      "11": 1,
      "12": 1,
      "13": 1,
      "14": 1,
      "15": 1,
      "16": 1,
      "17": 1,
      "19": 1,
      "20": 1,
      "21": 1,
      "22": 1,
      "23": 1,
      "24": 1,
      "25": 1,
      "26": 1,
      "27": 1,
      "28": 1,
      "29": 1,
      "30": 1,
      "33": 1,
      "34": 1,
      "35": 1,
      "36": 1,
      "37": 1,
      "38": 1,
      "39": 1,
      "40": 1,
      "41": 1,
      "42": 1,
      "43": 1,
      "44": 1,
      "45": 1,
      "46": 1,
      "47": 1,
      "49": 1,
      "50": 1,
      "51": 1,
      "52": 1,
      "53": 1,
      "54": 1,
      "55": 1,
      "56": 1,
      "57": 1,
      "58": 1,
      "59": 1,
      "60": 1,
      "62": 1,
      "63": 1,
      "64": 1,
      "65": 1,
      "66": 1,
      "67": 1,
      "68": 1,
      "69": 1,
      "70": 1,
      "71": 1,
      "72": 1,
      "74": 1,
      "75": 1,
      "76": 1,
      "77": 1,
      "78": 1,
      "79": 1,
      "80": 1,
      "81": 1,
      "82": 1,
      "83": 1,
      "84": 1,
      "85": 1,
      "87": 1,
      "88": 1,
      "89": 1,
      "90": 1,
      "91": 1,
      "92": 1,
      "93": 1,
      "94": 1,
      "95": 1,
      "96": 1,
      "97": 1,
      "98": 1,
      "99": 1,
      "100": 1,
      "101": 1,
      "102": 1,
      "104": 1,
      "105": 1,
      "106": 1,
      "107": 1,
      "108": 1,
      "109": 1,
      "110": 1,
      "111": 1,
      "112": 1,
      "113": 1,
      "114": 1,
      "115": 1,
      "116": 1,
      "117": 1,
      "118": 1,
      "119": 1,
      "122": 1,
      "123": 1,
      "124": 1,
      "125": 1,
      "126": 1,
      "127": 1,
      "128": 1,
      "129": 1,
      "130": 1,
      "131": 1,
      "132": 1,
      "133": 1,
      "136": 1,
      "137": 1,
      "138": 1,
      "139": 1,
      "140": 1,
      "141": 1,
      "142": 1,
      "143": 1,
      "144": 1,
      "145": 1,
      "146": 1,
      "147": 1,
      "149": 1,
      "150": 1,
      "151": 1,
      "152": 1,
      "153": 1,
      "154": 1,
      "155": 1,
      "156": 1,
      "157": 1,
      "158": 1,
      "159": 1,
      "160": 1,
      "161": 1,
      "162": 1,
      "163": 1,
      "165": 1,
      "166": 1,
      "167": 1,
      "168": 1,
      "169": 1,
      "170": 1,
      "171": 1,
      "172": 1,
      "173": 1,
      "174": 1,
      "175": 1,
      "176": 1,
      "177": 1,
      "180": 1,
      "181": 1,
      "182": 1,
      "183": 1,
      "184": 1,
      "185": 1,
      "186": 1,
      "187": 1,
      "188": 1,
      "189": 1,
      "190": 1
    },
    "branchMap": {
      "0": {
        "type": "branch",
        "line": 47,
        "loc": { "start": { "line": 47, "column": 2 }, "end": { "line": 47, "column": 81 } },
        "locations": [{ "start": { "line": 47, "column": 2 }, "end": { "line": 47, "column": 81 } }]
      },
      "1": {
        "type": "branch",
        "line": 133,
        "loc": { "start": { "line": 133, "column": 2 }, "end": { "line": 133, "column": 66 } },
        "locations": [{ "start": { "line": 133, "column": 2 }, "end": { "line": 133, "column": 66 } }]
      },
      "2": {
        "type": "branch",
        "line": 147,
        "loc": { "start": { "line": 147, "column": 2 }, "end": { "line": 147, "column": 67 } },
        "locations": [{ "start": { "line": 147, "column": 2 }, "end": { "line": 147, "column": 67 } }]
      },
      "3": {
        "type": "branch",
        "line": 190,
        "loc": { "start": { "line": 190, "column": 2 }, "end": { "line": 190, "column": 67 } },
        "locations": [{ "start": { "line": 190, "column": 2 }, "end": { "line": 190, "column": 67 } }]
      }
    },
    "b": { "0": [52], "1": [52], "2": [52], "3": [52] },
    "fnMap": {},
    "f": {}
  },
  "/Users/aaditya/Projects/organizard/server/src/lib/apple.ts": {
    "path": "/Users/aaditya/Projects/organizard/server/src/lib/apple.ts",
    "all": false,
    "statementMap": {
      "0": { "start": { "line": 1, "column": 0 }, "end": { "line": 1, "column": 83 } },
      "8": { "start": { "line": 9, "column": 0 }, "end": { "line": 9, "column": 86 } },
      "11": { "start": { "line": 12, "column": 0 }, "end": { "line": 12, "column": 39 } },
      "12": { "start": { "line": 13, "column": 0 }, "end": { "line": 13, "column": 24 } },
      "13": { "start": { "line": 14, "column": 0 }, "end": { "line": 14, "column": 31 } },
      "14": { "start": { "line": 15, "column": 0 }, "end": { "line": 15, "column": 27 } },
      "17": { "start": { "line": 18, "column": 0 }, "end": { "line": 18, "column": 67 } },
      "18": { "start": { "line": 19, "column": 0 }, "end": { "line": 19, "column": 66 } },
      "19": { "start": { "line": 20, "column": 0 }, "end": { "line": 20, "column": 40 } },
      "20": { "start": { "line": 21, "column": 0 }, "end": { "line": 21, "column": 23 } },
      "21": { "start": { "line": 22, "column": 0 }, "end": { "line": 22, "column": 5 } },
      "22": { "start": { "line": 23, "column": 0 }, "end": { "line": 23, "column": 63 } },
      "24": { "start": { "line": 25, "column": 0 }, "end": { "line": 25, "column": 88 } },
      "25": { "start": { "line": 26, "column": 0 }, "end": { "line": 26, "column": 104 } },
      "26": { "start": { "line": 27, "column": 0 }, "end": { "line": 27, "column": 1 } }
    },
    "s": {
      "0": 1,
      "8": 1,
      "11": 0,
      "12": 0,
      "13": 0,
      "14": 0,
      "17": 0,
      "18": 0,
      "19": 0,
      "20": 0,
      "21": 0,
      "22": 0,
      "24": 0,
      "25": 0,
      "26": 0
    },
    "branchMap": {},
    "b": {},
    "fnMap": {
      "0": {
        "name": "verifyAppleToken",
        "decl": { "start": { "line": 12, "column": 0 }, "end": { "line": 27, "column": 1 } },
        "loc": { "start": { "line": 12, "column": 0 }, "end": { "line": 27, "column": 1 } },
        "line": 12
      }
    },
    "f": { "0": 0 }
  },
  "/Users/aaditya/Projects/organizard/server/src/lib/email.ts": {
    "path": "/Users/aaditya/Projects/organizard/server/src/lib/email.ts",
    "all": false,
    "statementMap": {
      "4": { "start": { "line": 5, "column": 0 }, "end": { "line": 5, "column": 93 } },
      "5": { "start": { "line": 6, "column": 0 }, "end": { "line": 6, "column": 33 } },
      "6": { "start": { "line": 7, "column": 0 }, "end": { "line": 7, "column": 61 } },
      "7": { "start": { "line": 8, "column": 0 }, "end": { "line": 8, "column": 60 } },
      "8": { "start": { "line": 9, "column": 0 }, "end": { "line": 9, "column": 19 } },
      "9": { "start": { "line": 10, "column": 0 }, "end": { "line": 10, "column": 84 } },
      "10": { "start": { "line": 11, "column": 0 }, "end": { "line": 11, "column": 26 } },
      "11": { "start": { "line": 12, "column": 0 }, "end": { "line": 12, "column": 48 } },
      "12": { "start": { "line": 13, "column": 0 }, "end": { "line": 13, "column": 9 } },
      "13": { "start": { "line": 14, "column": 0 }, "end": { "line": 14, "column": 46 } },
      "14": { "start": { "line": 15, "column": 0 }, "end": { "line": 15, "column": 11 } },
      "15": { "start": { "line": 16, "column": 0 }, "end": { "line": 16, "column": 48 } },
      "16": { "start": { "line": 17, "column": 0 }, "end": { "line": 17, "column": 48 } },
      "18": { "start": { "line": 19, "column": 0 }, "end": { "line": 19, "column": 7 } },
      "19": { "start": { "line": 20, "column": 0 }, "end": { "line": 20, "column": 5 } },
      "20": { "start": { "line": 21, "column": 0 }, "end": { "line": 21, "column": 63 } },
      "21": { "start": { "line": 22, "column": 0 }, "end": { "line": 22, "column": 1 } }
    },
    "s": {
      "4": 0,
      "5": 0,
      "6": 0,
      "7": 0,
      "8": 0,
      "9": 0,
      "10": 0,
      "11": 0,
      "12": 0,
      "13": 0,
      "14": 0,
      "15": 0,
      "16": 0,
      "18": 0,
      "19": 0,
      "20": 0,
      "21": 0
    },
    "branchMap": {},
    "b": {},
    "fnMap": {
      "0": {
        "name": "sendMagicLinkEmail",
        "decl": { "start": { "line": 5, "column": 0 }, "end": { "line": 22, "column": 1 } },
        "loc": { "start": { "line": 5, "column": 0 }, "end": { "line": 22, "column": 1 } },
        "line": 5
      }
    },
    "f": { "0": 0 }
  },
  "/Users/aaditya/Projects/organizard/server/src/lib/flags.ts": {
    "path": "/Users/aaditya/Projects/organizard/server/src/lib/flags.ts",
    "all": false,
    "statementMap": { "4": { "start": { "line": 5, "column": 0 }, "end": { "line": 5, "column": 84 } } },
    "s": { "4": 1 },
    "branchMap": {
      "0": {
        "type": "branch",
        "line": 5,
        "loc": { "start": { "line": 5, "column": 30 }, "end": { "line": 5, "column": 84 } },
        "locations": [{ "start": { "line": 5, "column": 30 }, "end": { "line": 5, "column": 84 } }]
      }
    },
    "b": { "0": [90] },
    "fnMap": {
      "0": {
        "name": "billingEnabled",
        "decl": { "start": { "line": 5, "column": 30 }, "end": { "line": 5, "column": 84 } },
        "loc": { "start": { "line": 5, "column": 30 }, "end": { "line": 5, "column": 84 } },
        "line": 5
      }
    },
    "f": { "0": 90 }
  },
  "/Users/aaditya/Projects/organizard/server/src/lib/ids.ts": {
    "path": "/Users/aaditya/Projects/organizard/server/src/lib/ids.ts",
    "all": false,
    "statementMap": {
      "2": { "start": { "line": 3, "column": 0 }, "end": { "line": 3, "column": 55 } },
      "5": { "start": { "line": 6, "column": 0 }, "end": { "line": 6, "column": 39 } },
      "6": { "start": { "line": 7, "column": 0 }, "end": { "line": 7, "column": 35 } },
      "7": { "start": { "line": 8, "column": 0 }, "end": { "line": 8, "column": 32 } },
      "8": { "start": { "line": 9, "column": 0 }, "end": { "line": 9, "column": 76 } },
      "9": { "start": { "line": 10, "column": 0 }, "end": { "line": 10, "column": 2 } }
    },
    "s": { "2": 1, "5": 1, "6": 0, "7": 0, "8": 0, "9": 0 },
    "branchMap": {},
    "b": {},
    "fnMap": {
      "0": {
        "name": "newId",
        "decl": { "start": { "line": 3, "column": 21 }, "end": { "line": 3, "column": 55 } },
        "loc": { "start": { "line": 3, "column": 21 }, "end": { "line": 3, "column": 55 } },
        "line": 3
      },
      "1": {
        "name": "newToken",
        "decl": { "start": { "line": 6, "column": 24 }, "end": { "line": 10, "column": 2 } },
        "loc": { "start": { "line": 6, "column": 24 }, "end": { "line": 10, "column": 2 } },
        "line": 6
      }
    },
    "f": { "0": 0, "1": 0 }
  },
  "/Users/aaditya/Projects/organizard/server/src/lib/password.ts": {
    "path": "/Users/aaditya/Projects/organizard/server/src/lib/password.ts",
    "all": false,
    "statementMap": {
      "3": { "start": { "line": 4, "column": 0 }, "end": { "line": 4, "column": 27 } },
      "4": { "start": { "line": 5, "column": 0 }, "end": { "line": 5, "column": 21 } },
      "5": { "start": { "line": 6, "column": 0 }, "end": { "line": 6, "column": 22 } },
      "6": { "start": { "line": 7, "column": 0 }, "end": { "line": 7, "column": 30 } },
      "8": { "start": { "line": 9, "column": 0 }, "end": { "line": 9, "column": 43 } },
      "9": { "start": { "line": 10, "column": 0 }, "end": { "line": 10, "column": 13 } },
      "10": { "start": { "line": 11, "column": 0 }, "end": { "line": 11, "column": 53 } },
      "11": { "start": { "line": 12, "column": 0 }, "end": { "line": 12, "column": 17 } },
      "12": { "start": { "line": 13, "column": 0 }, "end": { "line": 13, "column": 1 } },
      "14": { "start": { "line": 15, "column": 0 }, "end": { "line": 15, "column": 43 } },
      "15": { "start": { "line": 16, "column": 0 }, "end": { "line": 16, "column": 24 } },
      "16": { "start": { "line": 17, "column": 0 }, "end": { "line": 17, "column": 41 } },
      "17": { "start": { "line": 18, "column": 0 }, "end": { "line": 18, "column": 66 } },
      "18": { "start": { "line": 19, "column": 0 }, "end": { "line": 19, "column": 13 } },
      "19": { "start": { "line": 20, "column": 0 }, "end": { "line": 20, "column": 1 } },
      "21": { "start": { "line": 22, "column": 0 }, "end": { "line": 22, "column": 100 } },
      "22": { "start": { "line": 23, "column": 0 }, "end": { "line": 23, "column": 106 } },
      "23": { "start": { "line": 24, "column": 0 }, "end": { "line": 24, "column": 46 } },
      "24": { "start": { "line": 25, "column": 0 }, "end": { "line": 25, "column": 58 } },
      "25": { "start": { "line": 26, "column": 0 }, "end": { "line": 26, "column": 8 } },
      "26": { "start": { "line": 27, "column": 0 }, "end": { "line": 27, "column": 18 } },
      "27": { "start": { "line": 28, "column": 0 }, "end": { "line": 28, "column": 4 } },
      "28": { "start": { "line": 29, "column": 0 }, "end": { "line": 29, "column": 30 } },
      "29": { "start": { "line": 30, "column": 0 }, "end": { "line": 30, "column": 1 } },
      "31": { "start": { "line": 32, "column": 0 }, "end": { "line": 32, "column": 65 } },
      "32": { "start": { "line": 33, "column": 0 }, "end": { "line": 33, "column": 42 } },
      "33": { "start": { "line": 34, "column": 0 }, "end": { "line": 34, "column": 15 } },
      "34": { "start": { "line": 35, "column": 0 }, "end": { "line": 35, "column": 57 } },
      "35": { "start": { "line": 36, "column": 0 }, "end": { "line": 36, "column": 20 } },
      "36": { "start": { "line": 37, "column": 0 }, "end": { "line": 37, "column": 1 } },
      "39": { "start": { "line": 40, "column": 0 }, "end": { "line": 40, "column": 71 } },
      "40": { "start": { "line": 41, "column": 0 }, "end": { "line": 41, "column": 66 } },
      "41": { "start": { "line": 42, "column": 0 }, "end": { "line": 42, "column": 56 } },
      "42": { "start": { "line": 43, "column": 0 }, "end": { "line": 43, "column": 62 } },
      "43": { "start": { "line": 44, "column": 0 }, "end": { "line": 44, "column": 1 } },
      "46": { "start": { "line": 47, "column": 0 }, "end": { "line": 47, "column": 109 } },
      "47": { "start": { "line": 48, "column": 0 }, "end": { "line": 48, "column": 28 } },
      "48": { "start": { "line": 49, "column": 0 }, "end": { "line": 49, "column": 34 } },
      "49": { "start": { "line": 50, "column": 0 }, "end": { "line": 50, "column": 64 } },
      "50": { "start": { "line": 51, "column": 0 }, "end": { "line": 51, "column": 44 } },
      "51": { "start": { "line": 52, "column": 0 }, "end": { "line": 52, "column": 68 } },
      "52": { "start": { "line": 53, "column": 0 }, "end": { "line": 53, "column": 23 } },
      "53": { "start": { "line": 54, "column": 0 }, "end": { "line": 54, "column": 27 } },
      "54": { "start": { "line": 55, "column": 0 }, "end": { "line": 55, "column": 7 } },
      "55": { "start": { "line": 56, "column": 0 }, "end": { "line": 56, "column": 29 } },
      "56": { "start": { "line": 57, "column": 0 }, "end": { "line": 57, "column": 33 } },
      "57": { "start": { "line": 58, "column": 0 }, "end": { "line": 58, "column": 11 } },
      "58": { "start": { "line": 59, "column": 0 }, "end": { "line": 59, "column": 17 } },
      "59": { "start": { "line": 60, "column": 0 }, "end": { "line": 60, "column": 3 } },
      "60": { "start": { "line": 61, "column": 0 }, "end": { "line": 61, "column": 58 } },
      "61": { "start": { "line": 62, "column": 0 }, "end": { "line": 62, "column": 43 } },
      "62": { "start": { "line": 63, "column": 0 }, "end": { "line": 63, "column": 1 } }
    },
    "s": {
      "3": 1,
      "4": 1,
      "5": 1,
      "6": 1,
      "8": 16,
      "9": 16,
      "10": 16,
      "11": 16,
      "12": 16,
      "14": 12,
      "15": 12,
      "16": 12,
      "17": 12,
      "18": 12,
      "19": 12,
      "21": 14,
      "22": 14,
      "23": 14,
      "24": 14,
      "25": 14,
      "26": 14,
      "27": 14,
      "28": 14,
      "29": 14,
      "31": 6,
      "32": 6,
      "33": 6,
      "34": 6,
      "35": 6,
      "36": 6,
      "39": 8,
      "40": 8,
      "41": 8,
      "42": 8,
      "43": 8,
      "46": 11,
      "47": 11,
      "48": 8,
      "49": 11,
      "50": 6,
      "51": 11,
      "52": 6,
      "53": 6,
      "54": 6,
      "55": 6,
      "56": 6,
      "57": 11,
      "58": 0,
      "59": 0,
      "60": 6,
      "61": 6,
      "62": 6
    },
    "branchMap": {
      "0": {
        "type": "branch",
        "line": 9,
        "loc": { "start": { "line": 9, "column": 0 }, "end": { "line": 13, "column": 1 } },
        "locations": [{ "start": { "line": 9, "column": 0 }, "end": { "line": 13, "column": 1 } }]
      },
      "1": {
        "type": "branch",
        "line": 11,
        "loc": { "start": { "line": 11, "column": 25 }, "end": { "line": 11, "column": 53 } },
        "locations": [{ "start": { "line": 11, "column": 25 }, "end": { "line": 11, "column": 53 } }]
      },
      "2": {
        "type": "branch",
        "line": 15,
        "loc": { "start": { "line": 15, "column": 0 }, "end": { "line": 20, "column": 1 } },
        "locations": [{ "start": { "line": 15, "column": 0 }, "end": { "line": 20, "column": 1 } }]
      },
      "3": {
        "type": "branch",
        "line": 18,
        "loc": { "start": { "line": 18, "column": 39 }, "end": { "line": 18, "column": 66 } },
        "locations": [{ "start": { "line": 18, "column": 39 }, "end": { "line": 18, "column": 66 } }]
      },
      "4": {
        "type": "branch",
        "line": 22,
        "loc": { "start": { "line": 22, "column": 0 }, "end": { "line": 30, "column": 1 } },
        "locations": [{ "start": { "line": 22, "column": 0 }, "end": { "line": 30, "column": 1 } }]
      },
      "5": {
        "type": "branch",
        "line": 32,
        "loc": { "start": { "line": 32, "column": 0 }, "end": { "line": 37, "column": 1 } },
        "locations": [{ "start": { "line": 32, "column": 0 }, "end": { "line": 37, "column": 1 } }]
      },
      "6": {
        "type": "branch",
        "line": 33,
        "loc": { "start": { "line": 33, "column": 29 }, "end": { "line": 33, "column": 42 } },
        "locations": [{ "start": { "line": 33, "column": 29 }, "end": { "line": 33, "column": 42 } }]
      },
      "7": {
        "type": "branch",
        "line": 35,
        "loc": { "start": { "line": 35, "column": 37 }, "end": { "line": 35, "column": 57 } },
        "locations": [{ "start": { "line": 35, "column": 37 }, "end": { "line": 35, "column": 57 } }]
      },
      "8": {
        "type": "branch",
        "line": 40,
        "loc": { "start": { "line": 40, "column": 0 }, "end": { "line": 44, "column": 1 } },
        "locations": [{ "start": { "line": 40, "column": 0 }, "end": { "line": 44, "column": 1 } }]
      },
      "9": {
        "type": "branch",
        "line": 47,
        "loc": { "start": { "line": 47, "column": 0 }, "end": { "line": 63, "column": 1 } },
        "locations": [{ "start": { "line": 47, "column": 0 }, "end": { "line": 63, "column": 1 } }]
      },
      "10": {
        "type": "branch",
        "line": 48,
        "loc": { "start": { "line": 48, "column": 15 }, "end": { "line": 48, "column": 28 } },
        "locations": [{ "start": { "line": 48, "column": 15 }, "end": { "line": 48, "column": 28 } }]
      },
      "11": {
        "type": "branch",
        "line": 48,
        "loc": { "start": { "line": 48, "column": 22 }, "end": { "line": 50, "column": 51 } },
        "locations": [{ "start": { "line": 48, "column": 22 }, "end": { "line": 50, "column": 51 } }]
      },
      "12": {
        "type": "branch",
        "line": 48,
        "loc": { "start": { "line": 48, "column": 22 }, "end": { "line": 50, "column": 28 } },
        "locations": [{ "start": { "line": 48, "column": 22 }, "end": { "line": 50, "column": 28 } }]
      },
      "13": {
        "type": "branch",
        "line": 50,
        "loc": { "start": { "line": 50, "column": 23 }, "end": { "line": 50, "column": 51 } },
        "locations": [{ "start": { "line": 50, "column": 23 }, "end": { "line": 50, "column": 51 } }]
      },
      "14": {
        "type": "branch",
        "line": 50,
        "loc": { "start": { "line": 50, "column": 51 }, "end": { "line": 50, "column": 64 } },
        "locations": [{ "start": { "line": 50, "column": 51 }, "end": { "line": 50, "column": 64 } }]
      },
      "15": {
        "type": "branch",
        "line": 50,
        "loc": { "start": { "line": 50, "column": 58 }, "end": { "line": 52, "column": 55 } },
        "locations": [{ "start": { "line": 50, "column": 58 }, "end": { "line": 52, "column": 55 } }]
      },
      "16": {
        "type": "branch",
        "line": 52,
        "loc": { "start": { "line": 52, "column": 55 }, "end": { "line": 52, "column": 68 } },
        "locations": [{ "start": { "line": 52, "column": 55 }, "end": { "line": 52, "column": 68 } }]
      },
      "17": {
        "type": "branch",
        "line": 52,
        "loc": { "start": { "line": 52, "column": 62 }, "end": { "line": 58, "column": 10 } },
        "locations": [{ "start": { "line": 52, "column": 62 }, "end": { "line": 58, "column": 10 } }]
      },
      "18": {
        "type": "branch",
        "line": 58,
        "loc": { "start": { "line": 58, "column": 2 }, "end": { "line": 60, "column": 3 } },
        "locations": [{ "start": { "line": 58, "column": 2 }, "end": { "line": 60, "column": 3 } }]
      },
      "19": {
        "type": "branch",
        "line": 60,
        "loc": { "start": { "line": 60, "column": 2 }, "end": { "line": 63, "column": 1 } },
        "locations": [{ "start": { "line": 60, "column": 2 }, "end": { "line": 63, "column": 1 } }]
      }
    },
    "b": {
      "0": [16],
      "1": [384],
      "2": [12],
      "3": [288],
      "4": [14],
      "5": [6],
      "6": [0],
      "7": [192],
      "8": [8],
      "9": [11],
      "10": [3],
      "11": [10],
      "12": [8],
      "13": [6],
      "14": [2],
      "15": [6],
      "16": [0],
      "17": [6],
      "18": [0],
      "19": [6]
    },
    "fnMap": {
      "0": {
        "name": "toB64",
        "decl": { "start": { "line": 9, "column": 0 }, "end": { "line": 13, "column": 1 } },
        "loc": { "start": { "line": 9, "column": 0 }, "end": { "line": 13, "column": 1 } },
        "line": 9
      },
      "1": {
        "name": "fromB64",
        "decl": { "start": { "line": 15, "column": 0 }, "end": { "line": 20, "column": 1 } },
        "loc": { "start": { "line": 15, "column": 0 }, "end": { "line": 20, "column": 1 } },
        "line": 15
      },
      "2": {
        "name": "derive",
        "decl": { "start": { "line": 22, "column": 0 }, "end": { "line": 30, "column": 1 } },
        "loc": { "start": { "line": 22, "column": 0 }, "end": { "line": 30, "column": 1 } },
        "line": 22
      },
      "3": {
        "name": "timingSafeEqual",
        "decl": { "start": { "line": 32, "column": 0 }, "end": { "line": 37, "column": 1 } },
        "loc": { "start": { "line": 32, "column": 0 }, "end": { "line": 37, "column": 1 } },
        "line": 32
      },
      "4": {
        "name": "hashPassword",
        "decl": { "start": { "line": 40, "column": 0 }, "end": { "line": 44, "column": 1 } },
        "loc": { "start": { "line": 40, "column": 0 }, "end": { "line": 44, "column": 1 } },
        "line": 40
      },
      "5": {
        "name": "verifyPassword",
        "decl": { "start": { "line": 47, "column": 0 }, "end": { "line": 63, "column": 1 } },
        "loc": { "start": { "line": 47, "column": 0 }, "end": { "line": 63, "column": 1 } },
        "line": 47
      }
    },
    "f": { "0": 16, "1": 12, "2": 14, "3": 6, "4": 8, "5": 11 }
  },
  "/Users/aaditya/Projects/organizard/server/src/lib/ratelimit.ts": {
    "path": "/Users/aaditya/Projects/organizard/server/src/lib/ratelimit.ts",
    "all": false,
    "statementMap": {
      "3": { "start": { "line": 4, "column": 0 }, "end": { "line": 4, "column": 32 } },
      "4": { "start": { "line": 5, "column": 0 }, "end": { "line": 5, "column": 18 } },
      "5": { "start": { "line": 6, "column": 0 }, "end": { "line": 6, "column": 14 } },
      "6": { "start": { "line": 7, "column": 0 }, "end": { "line": 7, "column": 14 } },
      "7": { "start": { "line": 8, "column": 0 }, "end": { "line": 8, "column": 20 } },
      "8": { "start": { "line": 9, "column": 0 }, "end": { "line": 9, "column": 21 } },
      "9": { "start": { "line": 10, "column": 0 }, "end": { "line": 10, "column": 24 } },
      "10": { "start": { "line": 11, "column": 0 }, "end": { "line": 11, "column": 30 } },
      "11": { "start": { "line": 12, "column": 0 }, "end": { "line": 12, "column": 49 } },
      "12": { "start": { "line": 13, "column": 0 }, "end": { "line": 13, "column": 33 } },
      "13": { "start": { "line": 14, "column": 0 }, "end": { "line": 14, "column": 67 } },
      "14": { "start": { "line": 15, "column": 0 }, "end": { "line": 15, "column": 14 } },
      "15": { "start": { "line": 16, "column": 0 }, "end": { "line": 16, "column": 1 } }
    },
    "s": {
      "3": 28,
      "4": 28,
      "5": 28,
      "6": 28,
      "7": 28,
      "8": 28,
      "9": 28,
      "10": 28,
      "11": 28,
      "12": 28,
      "13": 27,
      "14": 27,
      "15": 27
    },
    "branchMap": {
      "0": {
        "type": "branch",
        "line": 4,
        "loc": { "start": { "line": 4, "column": 0 }, "end": { "line": 16, "column": 1 } },
        "locations": [{ "start": { "line": 4, "column": 0 }, "end": { "line": 16, "column": 1 } }]
      },
      "1": {
        "type": "branch",
        "line": 12,
        "loc": { "start": { "line": 12, "column": 16 }, "end": { "line": 12, "column": 47 } },
        "locations": [{ "start": { "line": 12, "column": 16 }, "end": { "line": 12, "column": 47 } }]
      },
      "2": {
        "type": "branch",
        "line": 12,
        "loc": { "start": { "line": 12, "column": 38 }, "end": { "line": 12, "column": 47 } },
        "locations": [{ "start": { "line": 12, "column": 38 }, "end": { "line": 12, "column": 47 } }]
      },
      "3": {
        "type": "branch",
        "line": 12,
        "loc": { "start": { "line": 12, "column": 43 }, "end": { "line": 12, "column": 49 } },
        "locations": [{ "start": { "line": 12, "column": 43 }, "end": { "line": 12, "column": 49 } }]
      },
      "4": {
        "type": "branch",
        "line": 13,
        "loc": { "start": { "line": 13, "column": 20 }, "end": { "line": 13, "column": 33 } },
        "locations": [{ "start": { "line": 13, "column": 20 }, "end": { "line": 13, "column": 33 } }]
      },
      "5": {
        "type": "branch",
        "line": 13,
        "loc": { "start": { "line": 13, "column": 27 }, "end": { "line": 16, "column": 1 } },
        "locations": [{ "start": { "line": 13, "column": 27 }, "end": { "line": 16, "column": 1 } }]
      }
    },
    "b": { "0": [28], "1": [14], "2": [0], "3": [14], "4": [1], "5": [27] },
    "fnMap": {
      "0": {
        "name": "rateLimit",
        "decl": { "start": { "line": 4, "column": 0 }, "end": { "line": 16, "column": 1 } },
        "loc": { "start": { "line": 4, "column": 0 }, "end": { "line": 16, "column": 1 } },
        "line": 4
      }
    },
    "f": { "0": 28 }
  },
  "/Users/aaditya/Projects/organizard/server/src/lib/session.ts": {
    "path": "/Users/aaditya/Projects/organizard/server/src/lib/session.ts",
    "all": false,
    "statementMap": {
      "4": { "start": { "line": 5, "column": 0 }, "end": { "line": 5, "column": 57 } },
      "6": { "start": { "line": 7, "column": 0 }, "end": { "line": 7, "column": 54 } },
      "8": { "start": { "line": 9, "column": 0 }, "end": { "line": 9, "column": 79 } },
      "11": { "start": { "line": 12, "column": 0 }, "end": { "line": 12, "column": 106 } },
      "12": { "start": { "line": 13, "column": 0 }, "end": { "line": 13, "column": 86 } },
      "13": { "start": { "line": 14, "column": 0 }, "end": { "line": 14, "column": 39 } },
      "14": { "start": { "line": 15, "column": 0 }, "end": { "line": 15, "column": 5 } },
      "15": { "start": { "line": 16, "column": 0 }, "end": { "line": 16, "column": 95 } },
      "16": { "start": { "line": 17, "column": 0 }, "end": { "line": 17, "column": 1 } },
      "19": { "start": { "line": 20, "column": 0 }, "end": { "line": 20, "column": 89 } },
      "20": { "start": { "line": 21, "column": 0 }, "end": { "line": 21, "column": 53 } },
      "21": { "start": { "line": 22, "column": 0 }, "end": { "line": 22, "column": 24 } },
      "22": { "start": { "line": 23, "column": 0 }, "end": { "line": 23, "column": 7 } },
      "23": { "start": { "line": 24, "column": 0 }, "end": { "line": 24, "column": 66 } },
      "24": { "start": { "line": 25, "column": 0 }, "end": { "line": 25, "column": 11 } },
      "25": { "start": { "line": 26, "column": 0 }, "end": { "line": 26, "column": 16 } },
      "26": { "start": { "line": 27, "column": 0 }, "end": { "line": 27, "column": 3 } },
      "27": { "start": { "line": 28, "column": 0 }, "end": { "line": 28, "column": 1 } },
      "30": { "start": { "line": 31, "column": 0 }, "end": { "line": 31, "column": 77 } },
      "31": { "start": { "line": 32, "column": 0 }, "end": { "line": 32, "column": 52 } },
      "32": { "start": { "line": 33, "column": 0 }, "end": { "line": 33, "column": 44 } },
      "33": { "start": { "line": 34, "column": 0 }, "end": { "line": 34, "column": 65 } },
      "34": { "start": { "line": 35, "column": 0 }, "end": { "line": 35, "column": 1 } },
      "37": { "start": { "line": 38, "column": 0 }, "end": { "line": 38, "column": 82 } },
      "38": { "start": { "line": 39, "column": 0 }, "end": { "line": 39, "column": 36 } },
      "39": { "start": { "line": 40, "column": 0 }, "end": { "line": 40, "column": 33 } },
      "40": { "start": { "line": 41, "column": 0 }, "end": { "line": 41, "column": 6 } },
      "41": { "start": { "line": 42, "column": 0 }, "end": { "line": 42, "column": 60 } },
      "42": { "start": { "line": 43, "column": 0 }, "end": { "line": 43, "column": 31 } },
      "43": { "start": { "line": 44, "column": 0 }, "end": { "line": 44, "column": 48 } },
      "44": { "start": { "line": 45, "column": 0 }, "end": { "line": 45, "column": 48 } },
      "45": { "start": { "line": 46, "column": 0 }, "end": { "line": 46, "column": 40 } },
      "46": { "start": { "line": 47, "column": 0 }, "end": { "line": 47, "column": 5 } },
      "47": { "start": { "line": 48, "column": 0 }, "end": { "line": 48, "column": 56 } },
      "48": { "start": { "line": 49, "column": 0 }, "end": { "line": 49, "column": 19 } },
      "49": { "start": { "line": 50, "column": 0 }, "end": { "line": 50, "column": 1 } }
    },
    "s": {
      "4": 1,
      "6": 1,
      "8": 1,
      "11": 61,
      "12": 61,
      "13": 61,
      "14": 61,
      "15": 61,
      "16": 61,
      "19": 150,
      "20": 150,
      "21": 150,
      "22": 146,
      "23": 150,
      "24": 150,
      "25": 0,
      "26": 0,
      "27": 150,
      "30": 1,
      "31": 1,
      "32": 1,
      "33": 1,
      "34": 1,
      "37": 2,
      "38": 2,
      "39": 2,
      "40": 2,
      "41": 2,
      "42": 2,
      "43": 3,
      "44": 3,
      "45": 3,
      "46": 3,
      "47": 2,
      "48": 2,
      "49": 2
    },
    "branchMap": {
      "0": {
        "type": "branch",
        "line": 7,
        "loc": { "start": { "line": 7, "column": 16 }, "end": { "line": 7, "column": 54 } },
        "locations": [{ "start": { "line": 7, "column": 16 }, "end": { "line": 7, "column": 54 } }]
      },
      "1": {
        "type": "branch",
        "line": 9,
        "loc": { "start": { "line": 9, "column": 17 }, "end": { "line": 9, "column": 79 } },
        "locations": [{ "start": { "line": 9, "column": 17 }, "end": { "line": 9, "column": 79 } }]
      },
      "2": {
        "type": "branch",
        "line": 12,
        "loc": { "start": { "line": 12, "column": 0 }, "end": { "line": 17, "column": 1 } },
        "locations": [{ "start": { "line": 12, "column": 0 }, "end": { "line": 17, "column": 1 } }]
      },
      "3": {
        "type": "branch",
        "line": 20,
        "loc": { "start": { "line": 20, "column": 0 }, "end": { "line": 28, "column": 1 } },
        "locations": [{ "start": { "line": 20, "column": 0 }, "end": { "line": 28, "column": 1 } }]
      },
      "4": {
        "type": "branch",
        "line": 22,
        "loc": { "start": { "line": 22, "column": 12 }, "end": { "line": 22, "column": 24 } },
        "locations": [{ "start": { "line": 22, "column": 12 }, "end": { "line": 22, "column": 24 } }]
      },
      "5": {
        "type": "branch",
        "line": 22,
        "loc": { "start": { "line": 22, "column": 19 }, "end": { "line": 24, "column": 61 } },
        "locations": [{ "start": { "line": 22, "column": 19 }, "end": { "line": 24, "column": 61 } }]
      },
      "6": {
        "type": "branch",
        "line": 24,
        "loc": { "start": { "line": 24, "column": 51 }, "end": { "line": 24, "column": 66 } },
        "locations": [{ "start": { "line": 24, "column": 51 }, "end": { "line": 24, "column": 66 } }]
      },
      "7": {
        "type": "branch",
        "line": 25,
        "loc": { "start": { "line": 25, "column": 2 }, "end": { "line": 27, "column": 3 } },
        "locations": [{ "start": { "line": 25, "column": 2 }, "end": { "line": 27, "column": 3 } }]
      },
      "8": {
        "type": "branch",
        "line": 31,
        "loc": { "start": { "line": 31, "column": 0 }, "end": { "line": 35, "column": 1 } },
        "locations": [{ "start": { "line": 31, "column": 0 }, "end": { "line": 35, "column": 1 } }]
      },
      "9": {
        "type": "branch",
        "line": 38,
        "loc": { "start": { "line": 38, "column": 0 }, "end": { "line": 50, "column": 1 } },
        "locations": [{ "start": { "line": 38, "column": 0 }, "end": { "line": 50, "column": 1 } }]
      },
      "10": {
        "type": "branch",
        "line": 43,
        "loc": { "start": { "line": 43, "column": 30 }, "end": { "line": 47, "column": 5 } },
        "locations": [{ "start": { "line": 43, "column": 30 }, "end": { "line": 47, "column": 5 } }]
      },
      "11": {
        "type": "branch",
        "line": 48,
        "loc": { "start": { "line": 48, "column": 33 }, "end": { "line": 48, "column": 56 } },
        "locations": [{ "start": { "line": 48, "column": 33 }, "end": { "line": 48, "column": 56 } }]
      }
    },
    "b": {
      "0": [215],
      "1": [62],
      "2": [61],
      "3": [150],
      "4": [4],
      "5": [146],
      "6": [0],
      "7": [0],
      "8": [1],
      "9": [2],
      "10": [3],
      "11": [0]
    },
    "fnMap": {
      "0": {
        "name": "sessKey",
        "decl": { "start": { "line": 7, "column": 16 }, "end": { "line": 7, "column": 54 } },
        "loc": { "start": { "line": 7, "column": 16 }, "end": { "line": 7, "column": 54 } },
        "line": 7
      },
      "1": {
        "name": "indexKey",
        "decl": { "start": { "line": 9, "column": 17 }, "end": { "line": 9, "column": 79 } },
        "loc": { "start": { "line": 9, "column": 17 }, "end": { "line": 9, "column": 79 } },
        "line": 9
      },
      "2": {
        "name": "createSession",
        "decl": { "start": { "line": 12, "column": 0 }, "end": { "line": 17, "column": 1 } },
        "loc": { "start": { "line": 12, "column": 0 }, "end": { "line": 17, "column": 1 } },
        "line": 12
      },
      "3": {
        "name": "getSessionUserId",
        "decl": { "start": { "line": 20, "column": 0 }, "end": { "line": 28, "column": 1 } },
        "loc": { "start": { "line": 20, "column": 0 }, "end": { "line": 28, "column": 1 } },
        "line": 20
      },
      "4": {
        "name": "deleteSession",
        "decl": { "start": { "line": 31, "column": 0 }, "end": { "line": 35, "column": 1 } },
        "loc": { "start": { "line": 31, "column": 0 }, "end": { "line": 35, "column": 1 } },
        "line": 31
      },
      "5": {
        "name": "deleteAllSessions",
        "decl": { "start": { "line": 38, "column": 0 }, "end": { "line": 50, "column": 1 } },
        "loc": { "start": { "line": 38, "column": 0 }, "end": { "line": 50, "column": 1 } },
        "line": 38
      }
    },
    "f": { "0": 215, "1": 62, "2": 61, "3": 150, "4": 1, "5": 2 }
  },
  "/Users/aaditya/Projects/organizard/server/src/middleware/auth.ts": {
    "path": "/Users/aaditya/Projects/organizard/server/src/middleware/auth.ts",
    "all": false,
    "statementMap": {
      "0": { "start": { "line": 1, "column": 0 }, "end": { "line": 1, "column": 80 } },
      "12": { "start": { "line": 13, "column": 0 }, "end": { "line": 13, "column": 44 } },
      "13": { "start": { "line": 14, "column": 0 }, "end": { "line": 14, "column": 86 } },
      "14": { "start": { "line": 15, "column": 0 }, "end": { "line": 15, "column": 49 } },
      "15": { "start": { "line": 16, "column": 0 }, "end": { "line": 16, "column": 80 } },
      "16": { "start": { "line": 17, "column": 0 }, "end": { "line": 17, "column": 65 } },
      "18": { "start": { "line": 19, "column": 0 }, "end": { "line": 19, "column": 56 } },
      "19": { "start": { "line": 20, "column": 0 }, "end": { "line": 20, "column": 66 } },
      "21": { "start": { "line": 22, "column": 0 }, "end": { "line": 22, "column": 62 } },
      "22": { "start": { "line": 23, "column": 0 }, "end": { "line": 23, "column": 64 } },
      "24": { "start": { "line": 25, "column": 0 }, "end": { "line": 25, "column": 24 } },
[...]
        "loc": { "start": { "line": 151, "column": 6 }, "end": { "line": 151, "column": 49 } },
        "locations": [{ "start": { "line": 151, "column": 6 }, "end": { "line": 151, "column": 49 } }]
      },
      "50": {
        "type": "branch",
        "line": 151,
        "loc": { "start": { "line": 151, "column": 47 }, "end": { "line": 152, "column": 22 } },
        "locations": [{ "start": { "line": 151, "column": 47 }, "end": { "line": 152, "column": 22 } }]
      },
      "51": {
        "type": "branch",
        "line": 152,
        "loc": { "start": { "line": 152, "column": 13 }, "end": { "line": 152, "column": 109 } },
        "locations": [{ "start": { "line": 152, "column": 13 }, "end": { "line": 152, "column": 109 } }]
      },
      "52": {
        "type": "branch",
        "line": 152,
        "loc": { "start": { "line": 152, "column": 107 }, "end": { "line": 155, "column": 29 } },
        "locations": [{ "start": { "line": 152, "column": 107 }, "end": { "line": 155, "column": 29 } }]
      },
      "53": {
        "type": "branch",
        "line": 155,
        "loc": { "start": { "line": 155, "column": 19 }, "end": { "line": 155, "column": 34 } },
        "locations": [{ "start": { "line": 155, "column": 19 }, "end": { "line": 155, "column": 34 } }]
      },
      "54": {
        "type": "branch",
        "line": 156,
        "loc": { "start": { "line": 156, "column": 18 }, "end": { "line": 156, "column": 32 } },
        "locations": [{ "start": { "line": 156, "column": 18 }, "end": { "line": 156, "column": 32 } }]
      },
      "55": {
        "type": "branch",
        "line": 158,
        "loc": { "start": { "line": 158, "column": 5 }, "end": { "line": 159, "column": 68 } },
        "locations": [{ "start": { "line": 158, "column": 5 }, "end": { "line": 159, "column": 68 } }]
      }
    },
    "b": {
      "0": [53],
      "1": [39],
      "2": [37],
      "3": [3],
      "4": [36],
      "5": [38],
      "6": [1],
      "7": [35],
      "8": [16],
      "9": [0],
      "10": [4],
      "11": [0],
      "12": [39],
      "13": [0],
      "14": [309],
      "15": [2],
      "16": [307],
      "17": [12],
      "18": [4],
      "19": [35],
      "20": [33],
      "21": [1],
      "22": [34],
      "23": [3],
      "24": [1],
      "25": [2],
      "26": [11],
      "27": [1],
      "28": [10],
      "29": [9],
      "30": [1],
      "31": [1],
      "32": [8],
      "33": [2],
      "34": [0],
      "35": [0],
      "36": [1],
      "37": [1],
      "38": [0],
      "39": [0],
      "40": [5],
      "41": [1],
      "42": [4],
      "43": [3],
      "44": [1],
      "45": [4],
      "46": [3],
      "47": [0],
      "48": [3],
      "49": [0],
      "50": [3],
      "51": [0],
      "52": [3],
      "53": [0],
      "54": [3],
      "55": [3]
    },
    "fnMap": {
      "0": {
        "name": "moveRoutes",
        "decl": { "start": { "line": 35, "column": 7 }, "end": { "line": 163, "column": 1 } },
        "loc": { "start": { "line": 35, "column": 7 }, "end": { "line": 163, "column": 1 } },
        "line": 35
      }
    },
    "f": { "0": 53 }
  },
  "/Users/aaditya/Projects/organizard/server/src/routes/photos.ts": {
    "path": "/Users/aaditya/Projects/organizard/server/src/routes/photos.ts",
    "all": false,
    "statementMap": {
      "0": { "start": { "line": 1, "column": 0 }, "end": { "line": 1, "column": 86 } },
      "15": { "start": { "line": 16, "column": 0 }, "end": { "line": 16, "column": 45 } },
      "16": { "start": { "line": 17, "column": 0 }, "end": { "line": 17, "column": 63 } },
      "17": { "start": { "line": 18, "column": 0 }, "end": { "line": 18, "column": 35 } },
      "19": { "start": { "line": 20, "column": 0 }, "end": { "line": 20, "column": 35 } },
      "20": { "start": { "line": 21, "column": 0 }, "end": { "line": 21, "column": 33 } },
      "21": { "start": { "line": 22, "column": 0 }, "end": { "line": 22, "column": 61 } },
      "22": { "start": { "line": 23, "column": 0 }, "end": { "line": 23, "column": 59 } },
      "23": { "start": { "line": 24, "column": 0 }, "end": { "line": 24, "column": 75 } },
      "24": { "start": { "line": 25, "column": 0 }, "end": { "line": 25, "column": 60 } },
      "25": { "start": { "line": 26, "column": 0 }, "end": { "line": 26, "column": 86 } },
      "26": { "start": { "line": 27, "column": 0 }, "end": { "line": 27, "column": 88 } },
      "27": { "start": { "line": 28, "column": 0 }, "end": { "line": 28, "column": 60 } },
      "29": { "start": { "line": 30, "column": 0 }, "end": { "line": 30, "column": 43 } },
      "30": { "start": { "line": 31, "column": 0 }, "end": { "line": 31, "column": 47 } },
      "31": { "start": { "line": 32, "column": 0 }, "end": { "line": 32, "column": 82 } },
      "32": { "start": { "line": 33, "column": 0 }, "end": { "line": 33, "column": 7 } },
      "33": { "start": { "line": 34, "column": 0 }, "end": { "line": 34, "column": 32 } },
      "34": { "start": { "line": 35, "column": 0 }, "end": { "line": 35, "column": 5 } },
      "37": { "start": { "line": 38, "column": 0 }, "end": { "line": 38, "column": 35 } },
      "38": { "start": { "line": 39, "column": 0 }, "end": { "line": 39, "column": 33 } },
      "39": { "start": { "line": 40, "column": 0 }, "end": { "line": 40, "column": 61 } },
      "40": { "start": { "line": 41, "column": 0 }, "end": { "line": 41, "column": 59 } },
      "41": { "start": { "line": 42, "column": 0 }, "end": { "line": 42, "column": 75 } },
      "42": { "start": { "line": 43, "column": 0 }, "end": { "line": 43, "column": 60 } },
      "44": { "start": { "line": 45, "column": 0 }, "end": { "line": 45, "column": 52 } },
      "45": { "start": { "line": 46, "column": 0 }, "end": { "line": 46, "column": 57 } },
      "46": { "start": { "line": 47, "column": 0 }, "end": { "line": 47, "column": 40 } },
      "47": { "start": { "line": 48, "column": 0 }, "end": { "line": 48, "column": 30 } },
      "48": { "start": { "line": 49, "column": 0 }, "end": { "line": 49, "column": 16 } },
      "49": { "start": { "line": 50, "column": 0 }, "end": { "line": 50, "column": 70 } },
      "50": { "start": { "line": 51, "column": 0 }, "end": { "line": 51, "column": 50 } },
      "51": { "start": { "line": 52, "column": 0 }, "end": { "line": 52, "column": 8 } },
      "52": { "start": { "line": 53, "column": 0 }, "end": { "line": 53, "column": 7 } },
      "53": { "start": { "line": 54, "column": 0 }, "end": { "line": 54, "column": 5 } },
      "55": { "start": { "line": 56, "column": 0 }, "end": { "line": 56, "column": 11 } },
      "56": { "start": { "line": 57, "column": 0 }, "end": { "line": 57, "column": 1 } }
    },
    "s": {
      "0": 1,
      "15": 1,
      "16": 53,
      "17": 53,
      "19": 53,
      "20": 2,
      "21": 2,
      "22": 2,
      "23": 2,
      "24": 2,
      "25": 2,
      "26": 2,
      "27": 1,
      "29": 2,
      "30": 2,
      "31": 2,
      "32": 2,
      "33": 2,
      "34": 53,
      "37": 53,
      "38": 2,
      "39": 2,
      "40": 2,
      "41": 2,
      "42": 2,
      "44": 1,
      "45": 2,
      "46": 1,
      "47": 1,
      "48": 1,
      "49": 2,
      "50": 2,
      "51": 2,
      "52": 2,
      "53": 53,
      "55": 53,
      "56": 53
    },
    "branchMap": {
      "0": {
        "type": "branch",
        "line": 16,
        "loc": { "start": { "line": 16, "column": 7 }, "end": { "line": 57, "column": 1 } },
        "locations": [{ "start": { "line": 16, "column": 7 }, "end": { "line": 57, "column": 1 } }]
      },
      "1": {
        "type": "branch",
        "line": 20,
        "loc": { "start": { "line": 20, "column": 21 }, "end": { "line": 35, "column": 3 } },
        "locations": [{ "start": { "line": 20, "column": 21 }, "end": { "line": 35, "column": 3 } }]
      },
      "2": {
        "type": "branch",
        "line": 23,
        "loc": { "start": { "line": 23, "column": 16 }, "end": { "line": 23, "column": 59 } },
        "locations": [{ "start": { "line": 23, "column": 16 }, "end": { "line": 23, "column": 59 } }]
      },
      "3": {
        "type": "branch",
        "line": 25,
        "loc": { "start": { "line": 25, "column": 17 }, "end": { "line": 25, "column": 60 } },
        "locations": [{ "start": { "line": 25, "column": 17 }, "end": { "line": 25, "column": 60 } }]
      },
      "4": {
        "type": "branch",
        "line": 26,
        "loc": { "start": { "line": 26, "column": 38 }, "end": { "line": 26, "column": 86 } },
        "locations": [{ "start": { "line": 26, "column": 38 }, "end": { "line": 26, "column": 86 } }]
      },
      "5": {
        "type": "branch",
        "line": 27,
        "loc": { "start": { "line": 27, "column": 28 }, "end": { "line": 28, "column": 60 } },
        "locations": [{ "start": { "line": 27, "column": 28 }, "end": { "line": 28, "column": 60 } }]
      },
      "6": {
        "type": "branch",
        "line": 28,
        "loc": { "start": { "line": 28, "column": 6 }, "end": { "line": 28, "column": 60 } },
        "locations": [{ "start": { "line": 28, "column": 6 }, "end": { "line": 28, "column": 60 } }]
      },
      "7": {
        "type": "branch",
        "line": 32,
        "loc": { "start": { "line": 32, "column": 62 }, "end": { "line": 32, "column": 80 } },
        "locations": [{ "start": { "line": 32, "column": 62 }, "end": { "line": 32, "column": 80 } }]
      },
      "8": {
        "type": "branch",
        "line": 38,
        "loc": { "start": { "line": 38, "column": 21 }, "end": { "line": 54, "column": 3 } },
        "locations": [{ "start": { "line": 38, "column": 21 }, "end": { "line": 54, "column": 3 } }]
      },
      "9": {
        "type": "branch",
        "line": 41,
        "loc": { "start": { "line": 41, "column": 16 }, "end": { "line": 41, "column": 59 } },
        "locations": [{ "start": { "line": 41, "column": 16 }, "end": { "line": 41, "column": 59 } }]
      },
      "10": {
        "type": "branch",
        "line": 43,
        "loc": { "start": { "line": 43, "column": 17 }, "end": { "line": 46, "column": 21 } },
        "locations": [{ "start": { "line": 43, "column": 17 }, "end": { "line": 46, "column": 21 } }]
      },
      "11": {
        "type": "branch",
        "line": 46,
        "loc": { "start": { "line": 46, "column": 14 }, "end": { "line": 46, "column": 57 } },
        "locations": [{ "start": { "line": 46, "column": 14 }, "end": { "line": 46, "column": 57 } }]
      },
      "12": {
        "type": "branch",
        "line": 46,
        "loc": { "start": { "line": 46, "column": 55 }, "end": { "line": 50, "column": 57 } },
        "locations": [{ "start": { "line": 46, "column": 55 }, "end": { "line": 50, "column": 57 } }]
      },
      "13": {
        "type": "branch",
        "line": 50,
        "loc": { "start": { "line": 50, "column": 42 }, "end": { "line": 50, "column": 70 } },
        "locations": [{ "start": { "line": 50, "column": 42 }, "end": { "line": 50, "column": 70 } }]
      }
    },
    "b": {
      "0": [53],
      "1": [2],
      "2": [0],
      "3": [0],
      "4": [0],
      "5": [1],
      "6": [0],
      "7": [1],
      "8": [2],
      "9": [0],
      "10": [1],
      "11": [0],
      "12": [1],
      "13": [0]
    },
    "fnMap": {
      "0": {
        "name": "photoBlobRoutes",
        "decl": { "start": { "line": 16, "column": 7 }, "end": { "line": 57, "column": 1 } },
        "loc": { "start": { "line": 16, "column": 7 }, "end": { "line": 57, "column": 1 } },
        "line": 16
      }
    },
    "f": { "0": 53 }
  },
  "/Users/aaditya/Projects/organizard/server/src/routes/webhooks.ts": {
    "path": "/Users/aaditya/Projects/organizard/server/src/routes/webhooks.ts",
    "all": false,
    "statementMap": {
      "0": { "start": { "line": 1, "column": 0 }, "end": { "line": 1, "column": 99 } },
      "10": { "start": { "line": 11, "column": 0 }, "end": { "line": 11, "column": 23 } },
      "11": { "start": { "line": 12, "column": 0 }, "end": { "line": 12, "column": 21 } },
      "12": { "start": { "line": 13, "column": 0 }, "end": { "line": 13, "column": 12 } },
      "13": { "start": { "line": 14, "column": 0 }, "end": { "line": 14, "column": 19 } },
      "14": { "start": { "line": 15, "column": 0 }, "end": { "line": 15, "column": 19 } },
      "15": { "start": { "line": 16, "column": 0 }, "end": { "line": 16, "column": 26 } },
      "16": { "start": { "line": 17, "column": 0 }, "end": { "line": 17, "column": 3 } },
      "17": { "start": { "line": 18, "column": 0 }, "end": { "line": 18, "column": 79 } },
      "19": { "start": { "line": 20, "column": 0 }, "end": { "line": 20, "column": 57 } },
      "20": { "start": { "line": 21, "column": 0 }, "end": { "line": 21, "column": 42 } },
      "21": { "start": { "line": 22, "column": 0 }, "end": { "line": 22, "column": 15 } },
      "22": { "start": { "line": 23, "column": 0 }, "end": { "line": 23, "column": 79 } },
      "23": { "start": { "line": 24, "column": 0 }, "end": { "line": 24, "column": 20 } },
      "24": { "start": { "line": 25, "column": 0 }, "end": { "line": 25, "column": 1 } },
      "27": { "start": { "line": 28, "column": 0 }, "end": { "line": 28, "column": 43 } },
      "28": { "start": { "line": 29, "column": 0 }, "end": { "line": 29, "column": 42 } },
      "30": { "start": { "line": 31, "column": 0 }, "end": { "line": 31, "column": 38 } },
      "32": { "start": { "line": 33, "column": 0 }, "end": { "line": 33, "column": 51 } },
      "33": { "start": { "line": 34, "column": 0 }, "end": { "line": 34, "column": 95 } },
      "34": { "start": { "line": 35, "column": 0 }, "end": { "line": 35, "column": 52 } },
      "35": { "start": { "line": 36, "column": 0 }, "end": { "line": 36, "column": 5 } },
      "37": { "start": { "line": 38, "column": 0 }, "end": { "line": 38, "column": 49 } },
      "38": { "start": { "line": 39, "column": 0 }, "end": { "line": 39, "column": 61 } },
      "39": { "start": { "line": 40, "column": 0 }, "end": { "line": 40, "column": 31 } },
      "41": { "start": { "line": 42, "column": 0 }, "end": { "line": 42, "column": 33 } },
      "42": { "start": { "line": 43, "column": 0 }, "end": { "line": 43, "column": 104 } },
      "43": { "start": { "line": 44, "column": 0 }, "end": { "line": 44, "column": 88 } },
      "45": { "start": { "line": 46, "column": 0 }, "end": { "line": 46, "column": 32 } },
      "46": { "start": { "line": 47, "column": 0 }, "end": { "line": 47, "column": 5 } },
      "48": { "start": { "line": 49, "column": 0 }, "end": { "line": 49, "column": 11 } },
      "49": { "start": { "line": 50, "column": 0 }, "end": { "line": 50, "column": 1 } }
    },
    "s": {
      "0": 1,
      "10": 1,
      "11": 1,
      "12": 1,
      "13": 1,
      "14": 1,
      "15": 1,
      "16": 1,
      "17": 1,
      "19": 6,
      "20": 6,
      "21": 5,
      "22": 6,
      "23": 5,
      "24": 5,
      "27": 1,
      "28": 53,
      "30": 53,
      "32": 6,
      "33": 6,
      "34": 1,
      "35": 1,
      "37": 5,
      "38": 6,
      "39": 5,
      "41": 5,
      "42": 5,
      "43": 2,
      "45": 5,
      "46": 53,
      "48": 53,
      "49": 53
    },
    "branchMap": {
      "0": {
        "type": "branch",
        "line": 20,
        "loc": { "start": { "line": 20, "column": 0 }, "end": { "line": 25, "column": 1 } },
        "locations": [{ "start": { "line": 20, "column": 0 }, "end": { "line": 25, "column": 1 } }]
      },
      "1": {
        "type": "branch",
        "line": 21,
        "loc": { "start": { "line": 21, "column": 29 }, "end": { "line": 21, "column": 42 } },
        "locations": [{ "start": { "line": 21, "column": 29 }, "end": { "line": 21, "column": 42 } }]
      },
      "2": {
        "type": "branch",
        "line": 21,
        "loc": { "start": { "line": 21, "column": 36 }, "end": { "line": 23, "column": 45 } },
        "locations": [{ "start": { "line": 21, "column": 36 }, "end": { "line": 23, "column": 45 } }]
      },
      "3": {
        "type": "branch",
        "line": 23,
        "loc": { "start": { "line": 23, "column": 37 }, "end": { "line": 23, "column": 79 } },
        "locations": [{ "start": { "line": 23, "column": 37 }, "end": { "line": 23, "column": 79 } }]
      },
      "4": {
        "type": "branch",
        "line": 23,
        "loc": { "start": { "line": 23, "column": 77 }, "end": { "line": 25, "column": 1 } },
        "locations": [{ "start": { "line": 23, "column": 77 }, "end": { "line": 25, "column": 1 } }]
      },
      "5": {
        "type": "branch",
        "line": 28,
        "loc": { "start": { "line": 28, "column": 7 }, "end": { "line": 50, "column": 1 } },
        "locations": [{ "start": { "line": 28, "column": 7 }, "end": { "line": 50, "column": 1 } }]
      },
      "6": {
        "type": "branch",
        "line": 31,
        "loc": { "start": { "line": 31, "column": 24 }, "end": { "line": 47, "column": 3 } },
        "locations": [{ "start": { "line": 31, "column": 24 }, "end": { "line": 47, "column": 3 } }]
      },
      "7": {
        "type": "branch",
        "line": 34,
        "loc": { "start": { "line": 34, "column": 64 }, "end": { "line": 34, "column": 73 } },
        "locations": [{ "start": { "line": 34, "column": 64 }, "end": { "line": 34, "column": 73 } }]
      },
      "8": {
        "type": "branch",
        "line": 34,
        "loc": { "start": { "line": 34, "column": 94 }, "end": { "line": 36, "column": 5 } },
        "locations": [{ "start": { "line": 34, "column": 94 }, "end": { "line": 36, "column": 5 } }]
      },
      "9": {
        "type": "branch",
        "line": 36,
        "loc": { "start": { "line": 36, "column": 4 }, "end": { "line": 39, "column": 25 } },
        "locations": [{ "start": { "line": 36, "column": 4 }, "end": { "line": 39, "column": 25 } }]
      },
      "10": {
        "type": "branch",
        "line": 39,
        "loc": { "start": { "line": 39, "column": 18 }, "end": { "line": 39, "column": 61 } },
        "locations": [{ "start": { "line": 39, "column": 18 }, "end": { "line": 39, "column": 61 } }]
      },
      "11": {
        "type": "branch",
        "line": 39,
        "loc": { "start": { "line": 39, "column": 59 }, "end": { "line": 46, "column": 32 } },
        "locations": [{ "start": { "line": 39, "column": 59 }, "end": { "line": 46, "column": 32 } }]
      },
      "12": {
        "type": "branch",
        "line": 43,
        "loc": { "start": { "line": 43, "column": 28 }, "end": { "line": 43, "column": 104 } },
        "locations": [{ "start": { "line": 43, "column": 28 }, "end": { "line": 43, "column": 104 } }]
      },
      "13": {
        "type": "branch",
        "line": 43,
        "loc": { "start": { "line": 43, "column": 78 }, "end": { "line": 43, "column": 102 } },
        "locations": [{ "start": { "line": 43, "column": 78 }, "end": { "line": 43, "column": 102 } }]
      },
      "14": {
        "type": "branch",
        "line": 43,
        "loc": { "start": { "line": 43, "column": 102 }, "end": { "line": 44, "column": 88 } },
        "locations": [{ "start": { "line": 43, "column": 102 }, "end": { "line": 44, "column": 88 } }]
      }
    },
    "b": {
      "0": [6],
      "1": [1],
      "2": [5],
      "3": [90],
      "4": [5],
      "5": [53],
      "6": [6],
      "7": [1],
      "8": [1],
      "9": [5],
      "10": [0],
      "11": [5],
      "12": [3],
      "13": [2],
      "14": [2]
    },
    "fnMap": {
      "0": {
        "name": "timingSafeEqual",
        "decl": { "start": { "line": 20, "column": 0 }, "end": { "line": 25, "column": 1 } },
        "loc": { "start": { "line": 20, "column": 0 }, "end": { "line": 25, "column": 1 } },
        "line": 20
      },
      "1": {
        "name": "webhookRoutes",
        "decl": { "start": { "line": 28, "column": 7 }, "end": { "line": 50, "column": 1 } },
        "loc": { "start": { "line": 28, "column": 7 }, "end": { "line": 50, "column": 1 } },
        "line": 28
      }
    },
    "f": { "0": 6, "1": 53 }
  }
}
