{
  "/Users/aaditya/Projects/organizard/lib/billing.ts": {
    "path": "/Users/aaditya/Projects/organizard/lib/billing.ts",
    "all": true,
    "statementMap": {
      "0": { "start": { "line": 1, "column": 0 }, "end": { "line": 1, "column": 82 } },
      "6": { "start": { "line": 7, "column": 0 }, "end": { "line": 7, "column": 89 } },
      "7": { "start": { "line": 8, "column": 0 }, "end": { "line": 8, "column": 30 } },
      "8": { "start": { "line": 9, "column": 0 }, "end": { "line": 9, "column": 23 } },
      "11": { "start": { "line": 12, "column": 0 }, "end": { "line": 12, "column": 67 } },
      "14": { "start": { "line": 15, "column": 0 }, "end": { "line": 15, "column": 56 } },
      "15": { "start": { "line": 16, "column": 0 }, "end": { "line": 16, "column": 35 } },
      "16": { "start": { "line": 17, "column": 0 }, "end": { "line": 17, "column": 20 } },
      "17": { "start": { "line": 18, "column": 0 }, "end": { "line": 18, "column": 64 } },
      "18": { "start": { "line": 19, "column": 0 }, "end": { "line": 19, "column": 22 } },
      "19": { "start": { "line": 20, "column": 0 }, "end": { "line": 20, "column": 10 } },
      "20": { "start": { "line": 21, "column": 0 }, "end": { "line": 21, "column": 49 } },
      "21": { "start": { "line": 22, "column": 0 }, "end": { "line": 22, "column": 3 } },
      "22": { "start": { "line": 23, "column": 0 }, "end": { "line": 23, "column": 1 } },
      "25": { "start": { "line": 26, "column": 0 }, "end": { "line": 26, "column": 54 } },
      "26": { "start": { "line": 27, "column": 0 }, "end": { "line": 27, "column": 41 } },
      "27": { "start": { "line": 28, "column": 0 }, "end": { "line": 28, "column": 7 } },
      "28": { "start": { "line": 29, "column": 0 }, "end": { "line": 29, "column": 51 } },
      "29": { "start": { "line": 30, "column": 0 }, "end": { "line": 30, "column": 58 } },
      "30": { "start": { "line": 31, "column": 0 }, "end": { "line": 31, "column": 11 } },
      "31": { "start": { "line": 32, "column": 0 }, "end": { "line": 32, "column": 17 } },
      "32": { "start": { "line": 33, "column": 0 }, "end": { "line": 33, "column": 3 } },
      "33": { "start": { "line": 34, "column": 0 }, "end": { "line": 34, "column": 1 } },
      "36": { "start": { "line": 37, "column": 0 }, "end": { "line": 37, "column": 59 } },
      "37": { "start": { "line": 38, "column": 0 }, "end": { "line": 38, "column": 87 } },
      "38": { "start": { "line": 39, "column": 0 }, "end": { "line": 39, "column": 51 } },
      "39": { "start": { "line": 40, "column": 0 }, "end": { "line": 40, "column": 56 } },
      "40": { "start": { "line": 41, "column": 0 }, "end": { "line": 41, "column": 70 } },
      "41": { "start": { "line": 42, "column": 0 }, "end": { "line": 42, "column": 64 } },
      "42": { "start": { "line": 43, "column": 0 }, "end": { "line": 43, "column": 64 } },
      "43": { "start": { "line": 44, "column": 0 }, "end": { "line": 44, "column": 1 } }
    },
    "s": {
      "0": 0,
      "6": 0,
      "7": 0,
      "8": 0,
      "11": 0,
      "14": 0,
      "15": 0,
      "16": 0,
      "17": 0,
      "18": 0,
      "19": 0,
      "20": 0,
      "21": 0,
      "22": 0,
      "25": 0,
      "26": 0,
      "27": 0,
      "28": 0,
      "29": 0,
      "30": 0,
      "31": 0,
      "32": 0,
      "33": 0,
      "36": 0,
      "37": 0,
      "38": 0,
      "39": 0,
      "40": 0,
      "41": 0,
      "42": 0,
      "43": 0
    },
    "branchMap": {
      "0": {
        "type": "branch",
        "line": 1,
        "loc": { "start": { "line": 1, "column": 0 }, "end": { "line": 44, "column": -4 } },
        "locations": [{ "start": { "line": 1, "column": 0 }, "end": { "line": 44, "column": -4 } }]
      }
    },
    "b": { "0": [0] },
    "fnMap": {
      "0": {
        "name": "(empty-report)",
        "decl": { "start": { "line": 1, "column": 0 }, "end": { "line": 44, "column": -4 } },
        "loc": { "start": { "line": 1, "column": 0 }, "end": { "line": 44, "column": -4 } },
        "line": 1
      }
    },
    "f": { "0": 0 }
  },
  "/Users/aaditya/Projects/organizard/lib/migration.ts": {
    "path": "/Users/aaditya/Projects/organizard/lib/migration.ts",
    "all": false,
    "statementMap": {
      "0": { "start": { "line": 1, "column": 0 }, "end": { "line": 1, "column": 77 } },
      "10": { "start": { "line": 11, "column": 0 }, "end": { "line": 11, "column": 66 } },
      "11": { "start": { "line": 12, "column": 0 }, "end": { "line": 12, "column": 29 } },
      "12": { "start": { "line": 13, "column": 0 }, "end": { "line": 13, "column": 24 } },
      "13": { "start": { "line": 14, "column": 0 }, "end": { "line": 14, "column": 45 } },
      "15": { "start": { "line": 16, "column": 0 }, "end": { "line": 16, "column": 33 } },
      "16": { "start": { "line": 17, "column": 0 }, "end": { "line": 17, "column": 14 } },
      "17": { "start": { "line": 18, "column": 0 }, "end": { "line": 18, "column": 24 } },
      "18": { "start": { "line": 19, "column": 0 }, "end": { "line": 19, "column": 22 } },
      "19": { "start": { "line": 20, "column": 0 }, "end": { "line": 20, "column": 9 } },
      "20": { "start": { "line": 21, "column": 0 }, "end": { "line": 21, "column": 63 } },
      "21": { "start": { "line": 22, "column": 0 }, "end": { "line": 22, "column": 7 } },
      "22": { "start": { "line": 23, "column": 0 }, "end": { "line": 23, "column": 32 } },
      "23": { "start": { "line": 24, "column": 0 }, "end": { "line": 24, "column": 14 } },
      "24": { "start": { "line": 25, "column": 0 }, "end": { "line": 25, "column": 24 } },
      "25": { "start": { "line": 26, "column": 0 }, "end": { "line": 26, "column": 22 } },
      "26": { "start": { "line": 27, "column": 0 }, "end": { "line": 27, "column": 9 } },
      "27": { "start": { "line": 28, "column": 0 }, "end": { "line": 28, "column": 78 } },
      "28": { "start": { "line": 29, "column": 0 }, "end": { "line": 29, "column": 7 } },
      "29": { "start": { "line": 30, "column": 0 }, "end": { "line": 30, "column": 29 } },
      "30": { "start": { "line": 31, "column": 0 }, "end": { "line": 31, "column": 14 } },
      "31": { "start": { "line": 32, "column": 0 }, "end": { "line": 32, "column": 22 } },
      "32": { "start": { "line": 33, "column": 0 }, "end": { "line": 33, "column": 22 } },
      "33": { "start": { "line": 34, "column": 0 }, "end": { "line": 34, "column": 9 } },
      "34": { "start": { "line": 35, "column": 0 }, "end": { "line": 35, "column": 78 } },
      "35": { "start": { "line": 36, "column": 0 }, "end": { "line": 36, "column": 7 } },
      "36": { "start": { "line": 37, "column": 0 }, "end": { "line": 37, "column": 31 } },
      "37": { "start": { "line": 38, "column": 0 }, "end": { "line": 38, "column": 14 } },
      "38": { "start": { "line": 39, "column": 0 }, "end": { "line": 39, "column": 21 } },
      "39": { "start": { "line": 40, "column": 0 }, "end": { "line": 40, "column": 22 } },
      "40": { "start": { "line": 41, "column": 0 }, "end": { "line": 41, "column": 9 } },
      "41": { "start": { "line": 42, "column": 0 }, "end": { "line": 42, "column": 16 } },
      "42": { "start": { "line": 43, "column": 0 }, "end": { "line": 43, "column": 17 } },
      "43": { "start": { "line": 44, "column": 0 }, "end": { "line": 44, "column": 25 } },
      "44": { "start": { "line": 45, "column": 0 }, "end": { "line": 45, "column": 25 } },
      "45": { "start": { "line": 46, "column": 0 }, "end": { "line": 46, "column": 21 } },
      "46": { "start": { "line": 47, "column": 0 }, "end": { "line": 47, "column": 23 } },
      "47": { "start": { "line": 48, "column": 0 }, "end": { "line": 48, "column": 27 } },
      "48": { "start": { "line": 49, "column": 0 }, "end": { "line": 49, "column": 8 } },
      "49": { "start": { "line": 50, "column": 0 }, "end": { "line": 50, "column": 7 } },
      "50": { "start": { "line": 51, "column": 0 }, "end": { "line": 51, "column": 37 } },
      "51": { "start": { "line": 52, "column": 0 }, "end": { "line": 52, "column": 108 } },
      "52": { "start": { "line": 53, "column": 0 }, "end": { "line": 53, "column": 3 } },
      "53": { "start": { "line": 54, "column": 0 }, "end": { "line": 54, "column": 65 } },
      "54": { "start": { "line": 55, "column": 0 }, "end": { "line": 55, "column": 29 } },
      "55": { "start": { "line": 56, "column": 0 }, "end": { "line": 56, "column": 16 } },
      "56": { "start": { "line": 57, "column": 0 }, "end": { "line": 57, "column": 24 } },
      "57": { "start": { "line": 58, "column": 0 }, "end": { "line": 58, "column": 24 } },
      "58": { "start": { "line": 59, "column": 0 }, "end": { "line": 59, "column": 11 } },
      "59": { "start": { "line": 60, "column": 0 }, "end": { "line": 60, "column": 18 } },
      "60": { "start": { "line": 61, "column": 0 }, "end": { "line": 61, "column": 20 } },
      "61": { "start": { "line": 62, "column": 0 }, "end": { "line": 62, "column": 16 } },
      "62": { "start": { "line": 63, "column": 0 }, "end": { "line": 63, "column": 24 } },
      "63": { "start": { "line": 64, "column": 0 }, "end": { "line": 64, "column": 22 } },
      "64": { "start": { "line": 65, "column": 0 }, "end": { "line": 65, "column": 56 } },
      "65": { "start": { "line": 66, "column": 0 }, "end": { "line": 66, "column": 32 } },
      "66": { "start": { "line": 67, "column": 0 }, "end": { "line": 67, "column": 32 } },
      "67": { "start": { "line": 68, "column": 0 }, "end": { "line": 68, "column": 38 } },
      "68": { "start": { "line": 69, "column": 0 }, "end": { "line": 69, "column": 23 } },
      "69": { "start": { "line": 70, "column": 0 }, "end": { "line": 70, "column": 10 } },
      "70": { "start": { "line": 71, "column": 0 }, "end": { "line": 71, "column": 9 } },
      "71": { "start": { "line": 72, "column": 0 }, "end": { "line": 72, "column": 5 } },
      "72": { "start": { "line": 73, "column": 0 }, "end": { "line": 73, "column": 3 } },
      "73": { "start": { "line": 74, "column": 0 }, "end": { "line": 74, "column": 13 } },
      "74": { "start": { "line": 75, "column": 0 }, "end": { "line": 75, "column": 1 } }
    },
    "s": {
      "0": 1,
      "10": 1,
      "11": 4,
      "12": 4,
      "13": 4,
      "15": 4,
      "16": 4,
      "17": 3,
      "18": 3,
      "19": 3,
      "20": 3,
      "21": 3,
      "22": 4,
      "23": 4,
      "24": 3,
      "25": 3,
      "26": 3,
      "27": 3,
      "28": 3,
      "29": 4,
      "30": 4,
      "31": 3,
      "32": 3,
      "33": 3,
      "34": 3,
      "35": 3,
      "36": 4,
      "37": 3,
      "38": 3,
      "39": 3,
      "40": 3,
      "41": 3,
      "42": 3,
      "43": 3,
      "44": 3,
      "45": 3,
      "46": 3,
      "47": 3,
      "48": 3,
      "49": 3,
      "50": 3,
      "51": 3,
      "52": 3,
      "53": 4,
      "54": 3,
      "55": 3,
      "56": 3,
      "57": 3,
      "58": 3,
      "59": 3,
      "60": 3,
      "61": 3,
      "62": 3,
      "63": 3,
      "64": 3,
      "65": 3,
      "66": 3,
      "67": 3,
      "68": 3,
      "69": 3,
      "70": 3,
      "71": 3,
      "72": 3,
      "73": 4,
      "74": 4
    },
    "branchMap": {
      "0": {
        "type": "branch",
        "line": 11,
        "loc": { "start": { "line": 11, "column": 7 }, "end": { "line": 75, "column": 1 } },
        "locations": [{ "start": { "line": 11, "column": 7 }, "end": { "line": 75, "column": 1 } }]
      },
      "1": {
        "type": "branch",
        "line": 17,
        "loc": { "start": { "line": 17, "column": 4 }, "end": { "line": 22, "column": 7 } },
        "locations": [{ "start": { "line": 17, "column": 4 }, "end": { "line": 22, "column": 7 } }]
      },
      "2": {
        "type": "branch",
        "line": 24,
        "loc": { "start": { "line": 24, "column": 4 }, "end": { "line": 29, "column": 7 } },
        "locations": [{ "start": { "line": 24, "column": 4 }, "end": { "line": 29, "column": 7 } }]
      },
      "3": {
        "type": "branch",
        "line": 31,
        "loc": { "start": { "line": 31, "column": 4 }, "end": { "line": 36, "column": 7 } },
        "locations": [{ "start": { "line": 31, "column": 4 }, "end": { "line": 36, "column": 7 } }]
      },
      "4": {
        "type": "branch",
        "line": 37,
        "loc": { "start": { "line": 37, "column": 30 }, "end": { "line": 53, "column": 3 } },
        "locations": [{ "start": { "line": 37, "column": 30 }, "end": { "line": 53, "column": 3 } }]
      },
      "5": {
        "type": "branch",
        "line": 52,
        "loc": { "start": { "line": 52, "column": 6 }, "end": { "line": 52, "column": 108 } },
        "locations": [{ "start": { "line": 52, "column": 6 }, "end": { "line": 52, "column": 108 } }]
      },
      "6": {
        "type": "branch",
        "line": 54,
        "loc": { "start": { "line": 54, "column": 64 }, "end": { "line": 73, "column": 3 } },
        "locations": [{ "start": { "line": 54, "column": 64 }, "end": { "line": 73, "column": 3 } }]
      },
      "7": {
        "type": "branch",
        "line": 65,
        "loc": { "start": { "line": 65, "column": 37 }, "end": { "line": 65, "column": 51 } },
        "locations": [{ "start": { "line": 65, "column": 37 }, "end": { "line": 65, "column": 51 } }]
      },
      "8": {
        "type": "branch",
        "line": 66,
        "loc": { "start": { "line": 66, "column": 19 }, "end": { "line": 66, "column": 32 } },
        "locations": [{ "start": { "line": 66, "column": 19 }, "end": { "line": 66, "column": 32 } }]
      },
      "9": {
        "type": "branch",
        "line": 68,
        "loc": { "start": { "line": 68, "column": 24 }, "end": { "line": 68, "column": 38 } },
        "locations": [{ "start": { "line": 68, "column": 24 }, "end": { "line": 68, "column": 38 } }]
      },
      "10": {
        "type": "branch",
        "line": 14,
        "loc": { "start": { "line": 14, "column": 14 }, "end": { "line": 14, "column": 45 } },
        "locations": [{ "start": { "line": 14, "column": 14 }, "end": { "line": 14, "column": 45 } }]
      }
    },
    "b": {
      "0": [4],
      "1": [3],
      "2": [3],
      "3": [3],
      "4": [3],
      "5": [2],
      "6": [3],
      "7": [1],
      "8": [1],
      "9": [1],
      "10": [17]
    },
    "fnMap": {
      "0": {
        "name": "buildMigrationBatch",
        "decl": { "start": { "line": 11, "column": 7 }, "end": { "line": 75, "column": 1 } },
        "loc": { "start": { "line": 11, "column": 7 }, "end": { "line": 75, "column": 1 } },
        "line": 11
      },
      "1": {
        "name": "cid",
        "decl": { "start": { "line": 14, "column": 14 }, "end": { "line": 14, "column": 45 } },
        "loc": { "start": { "line": 14, "column": 14 }, "end": { "line": 14, "column": 45 } },
        "line": 14
      }
    },
    "f": { "0": 4, "1": 17 }
  },
  "/Users/aaditya/Projects/organizard/lib/money.ts": {
    "path": "/Users/aaditya/Projects/organizard/lib/money.ts",
    "all": false,
    "statementMap": {
      "3": { "start": { "line": 4, "column": 0 }, "end": { "line": 4, "column": 62 } },
      "4": { "start": { "line": 5, "column": 0 }, "end": { "line": 5, "column": 7 } },
      "5": { "start": { "line": 6, "column": 0 }, "end": { "line": 6, "column": 28 } },
      "6": { "start": { "line": 7, "column": 0 }, "end": { "line": 7, "column": 15 } },
      "7": { "start": { "line": 8, "column": 0 }, "end": { "line": 8, "column": 43 } }
    },
    "s": { "3": 1, "4": 9, "5": 9, "6": 9, "7": 9 },
    "branchMap": {
      "0": {
        "type": "branch",
        "line": 4,
        "loc": { "start": { "line": 4, "column": 21 }, "end": { "line": 8, "column": 43 } },
        "locations": [{ "start": { "line": 4, "column": 21 }, "end": { "line": 8, "column": 43 } }]
      },
      "1": {
        "type": "branch",
        "line": 6,
        "loc": { "start": { "line": 6, "column": 20 }, "end": { "line": 6, "column": 26 } },
        "locations": [{ "start": { "line": 6, "column": 20 }, "end": { "line": 6, "column": 26 } }]
      }
    },
    "b": { "0": [9], "1": [4] },
    "fnMap": {
      "0": {
        "name": "money",
        "decl": { "start": { "line": 4, "column": 21 }, "end": { "line": 8, "column": 43 } },
        "loc": { "start": { "line": 4, "column": 21 }, "end": { "line": 8, "column": 43 } },
        "line": 4
      }
    },
    "f": { "0": 9 }
  },
  "/Users/aaditya/Projects/organizard/lib/monitoring.ts": {
    "path": "/Users/aaditya/Projects/organizard/lib/monitoring.ts",
    "all": true,
    "statementMap": {
      "0": { "start": { "line": 1, "column": 0 }, "end": { "line": 1, "column": 85 } },
      "6": { "start": { "line": 7, "column": 0 }, "end": { "line": 7, "column": 81 } },
      "7": { "start": { "line": 8, "column": 0 }, "end": { "line": 8, "column": 91 } },
      "9": { "start": { "line": 10, "column": 0 }, "end": { "line": 10, "column": 41 } },
      "12": { "start": { "line": 13, "column": 0 }, "end": { "line": 13, "column": 40 } },
      "13": { "start": { "line": 14, "column": 0 }, "end": { "line": 14, "column": 33 } },
      "14": { "start": { "line": 15, "column": 0 }, "end": { "line": 15, "column": 15 } },
      "15": { "start": { "line": 16, "column": 0 }, "end": { "line": 16, "column": 8 } },
      "16": { "start": { "line": 17, "column": 0 }, "end": { "line": 17, "column": 24 } },
      "17": { "start": { "line": 18, "column": 0 }, "end": { "line": 18, "column": 78 } },
      "18": { "start": { "line": 19, "column": 0 }, "end": { "line": 19, "column": 24 } },
      "19": { "start": { "line": 20, "column": 0 }, "end": { "line": 20, "column": 26 } },
      "20": { "start": { "line": 21, "column": 0 }, "end": { "line": 21, "column": 5 } },
      "21": { "start": { "line": 22, "column": 0 }, "end": { "line": 22, "column": 1 } },
      "24": { "start": { "line": 25, "column": 0 }, "end": { "line": 25, "column": 28 } },
      "25": { "start": { "line": 26, "column": 0 }, "end": { "line": 26, "column": 17 } },
      "26": { "start": { "line": 27, "column": 0 }, "end": { "line": 27, "column": 79 } },
      "27": { "start": { "line": 28, "column": 0 }, "end": { "line": 28, "column": 9 } },
      "28": { "start": { "line": 29, "column": 0 }, "end": { "line": 29, "column": 33 } },
      "29": { "start": { "line": 30, "column": 0 }, "end": { "line": 30, "column": 81 } },
      "30": { "start": { "line": 31, "column": 0 }, "end": { "line": 31, "column": 1 } },
      "33": { "start": { "line": 34, "column": 0 }, "end": { "line": 34, "column": 103 } },
      "34": { "start": { "line": 35, "column": 0 }, "end": { "line": 35, "column": 43 } },
      "36": { "start": { "line": 37, "column": 0 }, "end": { "line": 37, "column": 100 } },
      "37": { "start": { "line": 38, "column": 0 }, "end": { "line": 38, "column": 54 } },
      "38": { "start": { "line": 39, "column": 0 }, "end": { "line": 39, "column": 1 } }
    },
    "s": {
      "0": 0,
      "6": 0,
      "7": 0,
      "9": 0,
      "12": 0,
      "13": 0,
      "14": 0,
      "15": 0,
      "16": 0,
      "17": 0,
      "18": 0,
      "19": 0,
      "20": 0,
      "21": 0,
      "24": 0,
      "25": 0,
      "26": 0,
      "27": 0,
      "28": 0,
      "29": 0,
      "30": 0,
      "33": 0,
      "34": 0,
      "36": 0,
      "37": 0,
      "38": 0
    },
    "branchMap": {
      "0": {
        "type": "branch",
        "line": 1,
        "loc": { "start": { "line": 1, "column": 1661 }, "end": { "line": 39, "column": 1 } },
        "locations": [{ "start": { "line": 1, "column": 1661 }, "end": { "line": 39, "column": 1 } }]
      }
    },
    "b": { "0": [0] },
    "fnMap": {
      "0": {
        "name": "(empty-report)",
        "decl": { "start": { "line": 1, "column": 1661 }, "end": { "line": 39, "column": 1 } },
        "loc": { "start": { "line": 1, "column": 1661 }, "end": { "line": 39, "column": 1 } },
        "line": 1
      }
    },
    "f": { "0": 0 }
  },
  "/Users/aaditya/Projects/organizard/lib/permissions.ts": {
    "path": "/Users/aaditya/Projects/organizard/lib/permissions.ts",
    "all": false,
    "statementMap": {
      "0": { "start": { "line": 1, "column": 0 }, "end": { "line": 1, "column": 41 } },
      "5": { "start": { "line": 6, "column": 0 }, "end": { "line": 6, "column": 21 } },
      "7": { "start": { "line": 8, "column": 0 }, "end": { "line": 8, "column": 73 } },
      "9": { "start": { "line": 10, "column": 0 }, "end": { "line": 10, "column": 50 } },
      "11": { "start": { "line": 12, "column": 0 }, "end": { "line": 12, "column": 50 } },
      "12": { "start": { "line": 13, "column": 0 }, "end": { "line": 13, "column": 2 } },
      "14": { "start": { "line": 15, "column": 0 }, "end": { "line": 15, "column": 49 } },
      "15": { "start": { "line": 16, "column": 0 }, "end": { "line": 16, "column": 17 } },
      "16": { "start": { "line": 17, "column": 0 }, "end": { "line": 17, "column": 19 } },
      "17": { "start": { "line": 18, "column": 0 }, "end": { "line": 18, "column": 19 } },
      "18": { "start": { "line": 19, "column": 0 }, "end": { "line": 19, "column": 2 } },
      "21": { "start": { "line": 22, "column": 0 }, "end": { "line": 22, "column": 49 } },
      "22": { "start": { "line": 23, "column": 0 }, "end": { "line": 23, "column": 50 } },
      "23": { "start": { "line": 24, "column": 0 }, "end": { "line": 24, "column": 38 } },
      "24": { "start": { "line": 25, "column": 0 }, "end": { "line": 25, "column": 35 } },
      "25": { "start": { "line": 26, "column": 0 }, "end": { "line": 26, "column": 2 } },
      "28": { "start": { "line": 29, "column": 0 }, "end": { "line": 29, "column": 48 } },
      "29": { "start": { "line": 30, "column": 0 }, "end": { "line": 30, "column": 18 } },
      "30": { "start": { "line": 31, "column": 0 }, "end": { "line": 31, "column": 19 } },
      "31": { "start": { "line": 32, "column": 0 }, "end": { "line": 32, "column": 16 } },
      "32": { "start": { "line": 33, "column": 0 }, "end": { "line": 33, "column": 2 } }
    },
    "s": {
      "0": 1,
      "5": 1,
      "7": 1,
      "9": 1,
      "11": 1,
      "12": 1,
      "14": 1,
      "15": 1,
      "16": 1,
      "17": 1,
      "18": 1,
      "21": 1,
      "22": 1,
      "23": 1,
      "24": 1,
      "25": 1,
      "28": 1,
      "29": 1,
      "30": 1,
      "31": 1,
      "32": 1
    },
    "branchMap": {
      "0": {
        "type": "branch",
        "line": 8,
        "loc": { "start": { "line": 8, "column": 11 }, "end": { "line": 8, "column": 73 } },
        "locations": [{ "start": { "line": 8, "column": 11 }, "end": { "line": 8, "column": 73 } }]
      },
      "1": {
        "type": "branch",
        "line": 8,
        "loc": { "start": { "line": 8, "column": 42 }, "end": { "line": 8, "column": 73 } },
        "locations": [{ "start": { "line": 8, "column": 42 }, "end": { "line": 8, "column": 73 } }]
      },
      "2": {
        "type": "branch",
        "line": 10,
        "loc": { "start": { "line": 10, "column": 13 }, "end": { "line": 10, "column": 50 } },
        "locations": [{ "start": { "line": 10, "column": 13 }, "end": { "line": 10, "column": 50 } }]
      },
      "3": {
        "type": "branch",
        "line": 12,
        "loc": { "start": { "line": 12, "column": 13 }, "end": { "line": 12, "column": 50 } },
        "locations": [{ "start": { "line": 12, "column": 13 }, "end": { "line": 12, "column": 50 } }]
      }
    },
    "b": { "0": [3], "1": [2], "2": [2], "3": [3] },
    "fnMap": {
      "0": {
        "name": "canEdit",
        "decl": { "start": { "line": 8, "column": 11 }, "end": { "line": 8, "column": 73 } },
        "loc": { "start": { "line": 8, "column": 11 }, "end": { "line": 8, "column": 73 } },
        "line": 8
      },
      "1": {
        "name": "canManage",
        "decl": { "start": { "line": 10, "column": 13 }, "end": { "line": 10, "column": 50 } },
        "loc": { "start": { "line": 10, "column": 13 }, "end": { "line": 10, "column": 50 } },
        "line": 10
      },
      "2": {
        "name": "canDelete",
        "decl": { "start": { "line": 12, "column": 13 }, "end": { "line": 12, "column": 50 } },
        "loc": { "start": { "line": 12, "column": 13 }, "end": { "line": 12, "column": 50 } },
        "line": 12
      }
    },
    "f": { "0": 3, "1": 2, "2": 3 }
  },
  "/Users/aaditya/Projects/organizard/lib/routes.ts": {
    "path": "/Users/aaditya/Projects/organizard/lib/routes.ts",
    "all": true,
    "statementMap": {
      "1": { "start": { "line": 2, "column": 0 }, "end": { "line": 2, "column": 23 } },
      "2": { "start": { "line": 3, "column": 0 }, "end": { "line": 3, "column": 22 } },
      "3": { "start": { "line": 4, "column": 0 }, "end": { "line": 4, "column": 21 } },
      "4": { "start": { "line": 5, "column": 0 }, "end": { "line": 5, "column": 18 } },
      "5": { "start": { "line": 6, "column": 0 }, "end": { "line": 6, "column": 23 } },
      "6": { "start": { "line": 7, "column": 0 }, "end": { "line": 7, "column": 18 } },
      "7": { "start": { "line": 8, "column": 0 }, "end": { "line": 8, "column": 22 } },
      "8": { "start": { "line": 9, "column": 0 }, "end": { "line": 9, "column": 31 } },
      "9": { "start": { "line": 10, "column": 0 }, "end": { "line": 10, "column": 16 } },
      "10": { "start": { "line": 11, "column": 0 }, "end": { "line": 11, "column": 23 } },
      "11": { "start": { "line": 12, "column": 0 }, "end": { "line": 12, "column": 36 } },
      "12": { "start": { "line": 13, "column": 0 }, "end": { "line": 13, "column": 38 } },
      "13": { "start": { "line": 14, "column": 0 }, "end": { "line": 14, "column": 40 } },
      "14": { "start": { "line": 15, "column": 0 }, "end": { "line": 15, "column": 50 } },
      "15": { "start": { "line": 16, "column": 0 }, "end": { "line": 16, "column": 48 } },
      "16": { "start": { "line": 17, "column": 0 }, "end": { "line": 17, "column": 68 } },
      "17": { "start": { "line": 18, "column": 0 }, "end": { "line": 18, "column": 74 } },
      "18": { "start": { "line": 19, "column": 0 }, "end": { "line": 19, "column": 11 } }
    },
    "s": {
      "1": 0,
      "2": 0,
      "3": 0,
      "4": 0,
      "5": 0,
      "6": 0,
      "7": 0,
      "8": 0,
      "9": 0,
      "10": 0,
      "11": 0,
      "12": 0,
      "13": 0,
      "14": 0,
      "15": 0,
      "16": 0,
      "17": 0,
      "18": 0
    },
    "branchMap": {
      "0": {
        "type": "branch",
        "line": 1,
        "loc": { "start": { "line": 1, "column": 684 }, "end": { "line": 19, "column": 11 } },
        "locations": [{ "start": { "line": 1, "column": 684 }, "end": { "line": 19, "column": 11 } }]
      }
    },
    "b": { "0": [1] },
    "fnMap": {
      "0": {
        "name": "(empty-report)",
        "decl": { "start": { "line": 1, "column": 684 }, "end": { "line": 19, "column": 11 } },
        "loc": { "start": { "line": 1, "column": 684 }, "end": { "line": 19, "column": 11 } },
        "line": 1
      }
    },
    "f": { "0": 1 }
  },
  "/Users/aaditya/Projects/organizard/lib/session.ts": {
    "path": "/Users/aaditya/Projects/organizard/lib/session.ts",
    "all": true,
    "statementMap": {
      "0": { "start": { "line": 1, "column": 0 }, "end": { "line": 1, "column": 81 } },
      "3": { "start": { "line": 4, "column": 0 }, "end": { "line": 4, "column": 33 } },
      "6": { "start": { "line": 7, "column": 0 }, "end": { "line": 7, "column": 61 } },
      "7": { "start": { "line": 8, "column": 0 }, "end": { "line": 8, "column": 7 } },
      "8": { "start": { "line": 9, "column": 0 }, "end": { "line": 9, "column": 47 } },
      "9": { "start": { "line": 10, "column": 0 }, "end": { "line": 10, "column": 11 } },
      "10": { "start": { "line": 11, "column": 0 }, "end": { "line": 11, "column": 16 } },
      "11": { "start": { "line": 12, "column": 0 }, "end": { "line": 12, "column": 3 } },
      "12": { "start": { "line": 13, "column": 0 }, "end": { "line": 13, "column": 1 } },
      "15": { "start": { "line": 16, "column": 0 }, "end": { "line": 16, "column": 65 } },
      "16": { "start": { "line": 17, "column": 0 }, "end": { "line": 17, "column": 45 } },
      "17": { "start": { "line": 18, "column": 0 }, "end": { "line": 18, "column": 1 } },
      "20": { "start": { "line": 21, "column": 0 }, "end": { "line": 21, "column": 53 } },
      "21": { "start": { "line": 22, "column": 0 }, "end": { "line": 22, "column": 7 } },
      "22": { "start": { "line": 23, "column": 0 }, "end": { "line": 23, "column": 43 } },
      "23": { "start": { "line": 24, "column": 0 }, "end": { "line": 24, "column": 11 } },
      "25": { "start": { "line": 26, "column": 0 }, "end": { "line": 26, "column": 3 } },
      "26": { "start": { "line": 27, "column": 0 }, "end": { "line": 27, "column": 1 } }
    },
    "s": {
      "0": 0,
      "3": 0,
      "6": 0,
      "7": 0,
      "8": 0,
      "9": 0,
      "10": 0,
      "11": 0,
      "12": 0,
      "15": 0,
      "16": 0,
      "17": 0,
      "20": 0,
      "21": 0,
      "22": 0,
      "23": 0,
      "25": 0,
      "26": 0
    },
    "branchMap": {
      "0": {
        "type": "branch",
        "line": 1,
        "loc": { "start": { "line": 1, "column": 752 }, "end": { "line": 27, "column": 1 } },
        "locations": [{ "start": { "line": 1, "column": 752 }, "end": { "line": 27, "column": 1 } }]
      }
    },
    "b": { "0": [0] },
    "fnMap": {
      "0": {
        "name": "(empty-report)",
        "decl": { "start": { "line": 1, "column": 752 }, "end": { "line": 27, "column": 1 } },
        "loc": { "start": { "line": 1, "column": 752 }, "end": { "line": 27, "column": 1 } },
        "line": 1
      }
    },
    "f": { "0": 0 }
  },
  "/Users/aaditya/Projects/organizard/lib/text.ts": {
    "path": "/Users/aaditya/Projects/organizard/lib/text.ts",
    "all": true,
    "statementMap": {
      "3": { "start": { "line": 4, "column": 0 }, "end": { "line": 4, "column": 58 } },
      "4": { "start": { "line": 5, "column": 0 }, "end": { "line": 5, "column": 63 } },
      "7": { "start": { "line": 8, "column": 0 }, "end": { "line": 8, "column": 86 } }
    },
    "s": { "3": 0, "4": 0, "7": 0 },
    "branchMap": {
      "0": {
        "type": "branch",
        "line": 1,
        "loc": { "start": { "line": 1, "column": 388 }, "end": { "line": 8, "column": 86 } },
        "locations": [{ "start": { "line": 1, "column": 388 }, "end": { "line": 8, "column": 86 } }]
      }
    },
    "b": { "0": [1] },
    "fnMap": {
      "0": {
        "name": "(empty-report)",
        "decl": { "start": { "line": 1, "column": 388 }, "end": { "line": 8, "column": 86 } },
        "loc": { "start": { "line": 1, "column": 388 }, "end": { "line": 8, "column": 86 } },
        "line": 1
      }
    },
    "f": { "0": 1 }
  },
  "/Users/aaditya/Projects/organizard/lib/uid.ts": {
    "path": "/Users/aaditya/Projects/organizard/lib/uid.ts",
    "all": false,
    "statementMap": {
      "2": { "start": { "line": 3, "column": 0 }, "end": { "line": 3, "column": 26 } },
      "3": { "start": { "line": 4, "column": 0 }, "end": { "line": 4, "column": 12 } },
      "4": { "start": { "line": 5, "column": 0 }, "end": { "line": 5, "column": 11 } },
      "5": { "start": { "line": 6, "column": 0 }, "end": { "line": 6, "column": 12 } },
      "6": { "start": { "line": 7, "column": 0 }, "end": { "line": 7, "column": 15 } },
      "7": { "start": { "line": 8, "column": 0 }, "end": { "line": 8, "column": 15 } },
      "8": { "start": { "line": 9, "column": 0 }, "end": { "line": 9, "column": 13 } },
      "9": { "start": { "line": 10, "column": 0 }, "end": { "line": 10, "column": 16 } },
      "10": { "start": { "line": 11, "column": 0 }, "end": { "line": 11, "column": 19 } },
      "11": { "start": { "line": 12, "column": 0 }, "end": { "line": 12, "column": 14 } },
      "12": { "start": { "line": 13, "column": 0 }, "end": { "line": 13, "column": 18 } },
      "13": { "start": { "line": 14, "column": 0 }, "end": { "line": 14, "column": 17 } },
      "14": { "start": { "line": 15, "column": 0 }, "end": { "line": 15, "column": 11 } },
      "16": { "start": { "line": 17, "column": 0 }, "end": { "line": 17, "column": 16 } },
      "18": { "start": { "line": 19, "column": 0 }, "end": { "line": 19, "column": 45 } },
      "19": { "start": { "line": 20, "column": 0 }, "end": { "line": 20, "column": 68 } }
    },
    "s": {
      "2": 1,
      "3": 1,
      "4": 1,
      "5": 1,
      "6": 1,
      "7": 1,
      "8": 1,
      "9": 1,
      "10": 1,
      "11": 1,
      "12": 1,
      "13": 1,
      "14": 1,
      "16": 1,
      "18": 1,
      "19": 56
    },
    "branchMap": {
      "0": {
        "type": "branch",
        "line": 19,
        "loc": { "start": { "line": 19, "column": 19 }, "end": { "line": 20, "column": 68 } },
        "locations": [{ "start": { "line": 19, "column": 19 }, "end": { "line": 20, "column": 68 } }]
      }
    },
    "b": { "0": [56] },
    "fnMap": {
      "0": {
        "name": "uid",
        "decl": { "start": { "line": 19, "column": 19 }, "end": { "line": 20, "column": 68 } },
        "loc": { "start": { "line": 19, "column": 19 }, "end": { "line": 20, "column": 68 } },
        "line": 19
      }
    },
    "f": { "0": 56 }
  },
  "/Users/aaditya/Projects/organizard/lib/api/client.ts": {
    "path": "/Users/aaditya/Projects/organizard/lib/api/client.ts",
    "all": false,
    "statementMap": {
      "38": { "start": { "line": 39, "column": 0 }, "end": { "line": 39, "column": 37 } },
      "39": { "start": { "line": 40, "column": 0 }, "end": { "line": 40, "column": 14 } },
      "40": { "start": { "line": 41, "column": 0 }, "end": { "line": 41, "column": 26 } },
      "41": { "start": { "line": 42, "column": 0 }, "end": { "line": 42, "column": 24 } },
      "42": { "start": { "line": 43, "column": 0 }, "end": { "line": 43, "column": 5 } },
      "43": { "start": { "line": 44, "column": 0 }, "end": { "line": 44, "column": 31 } },
      "44": { "start": { "line": 45, "column": 0 }, "end": { "line": 45, "column": 27 } },
      "45": { "start": { "line": 46, "column": 0 }, "end": { "line": 46, "column": 3 } },
      "46": { "start": { "line": 47, "column": 0 }, "end": { "line": 47, "column": 1 } },
      "49": { "start": { "line": 50, "column": 0 }, "end": { "line": 50, "column": 34 } },
      "51": { "start": { "line": 52, "column": 0 }, "end": { "line": 52, "column": 109 } },
      "52": { "start": { "line": 53, "column": 0 }, "end": { "line": 53, "column": 94 } },
      "53": { "start": { "line": 54, "column": 0 }, "end": { "line": 54, "column": 45 } },
      "54": { "start": { "line": 55, "column": 0 }, "end": { "line": 55, "column": 66 } },
      "55": { "start": { "line": 56, "column": 0 }, "end": { "line": 56, "column": 9 } },
      "56": { "start": { "line": 57, "column": 0 }, "end": { "line": 57, "column": 56 } },
      "57": { "start": { "line": 58, "column": 0 }, "end": { "line": 58, "column": 16 } },
      "58": { "start": { "line": 59, "column": 0 }, "end": { "line": 59, "column": 34 } },
      "59": { "start": { "line": 60, "column": 0 }, "end": { "line": 60, "column": 18 } },
      "60": { "start": { "line": 61, "column": 0 }, "end": { "line": 61, "column": 45 } },
      "61": { "start": { "line": 62, "column": 0 }, "end": { "line": 62, "column": 69 } },
      "62": { "start": { "line": 63, "column": 0 }, "end": { "line": 63, "column": 34 } },
      "63": { "start": { "line": 64, "column": 0 }, "end": { "line": 64, "column": 10 } },
      "64": { "start": { "line": 65, "column": 0 }, "end": { "line": 65, "column": 9 } },
      "65": { "start": { "line": 66, "column": 0 }, "end": { "line": 66, "column": 20 } },
      "66": { "start": { "line": 67, "column": 0 }, "end": { "line": 67, "column": 27 } },
      "67": { "start": { "line": 68, "column": 0 }, "end": { "line": 68, "column": 13 } },
      "68": { "start": { "line": 69, "column": 0 }, "end": { "line": 69, "column": 74 } },
      "69": { "start": { "line": 70, "column": 0 }, "end": { "line": 70, "column": 17 } },
      "71": { "start": { "line": 72, "column": 0 }, "end": { "line": 72, "column": 9 } },
      "72": { "start": { "line": 73, "column": 0 }, "end": { "line": 73, "column": 45 } },
      "73": { "start": { "line": 74, "column": 0 }, "end": { "line": 74, "column": 7 } },
      "74": { "start": { "line": 75, "column": 0 }, "end": { "line": 75, "column": 52 } },
      "75": { "start": { "line": 76, "column": 0 }, "end": { "line": 76, "column": 37 } },
      "76": { "start": { "line": 77, "column": 0 }, "end": { "line": 77, "column": 15 } },
      "77": { "start": { "line": 78, "column": 0 }, "end": { "line": 78, "column": 26 } },
      "78": { "start": { "line": 79, "column": 0 }, "end": { "line": 79, "column": 5 } },
      "79": { "start": { "line": 80, "column": 0 }, "end": { "line": 80, "column": 3 } },
      "81": { "start": { "line": 82, "column": 0 }, "end": { "line": 82, "column": 10 } },
      "82": { "start": { "line": 83, "column": 0 }, "end": { "line": 83, "column": 42 } },
      "83": { "start": { "line": 84, "column": 0 }, "end": { "line": 84, "column": 107 } },
      "84": { "start": { "line": 85, "column": 0 }, "end": { "line": 85, "column": 34 } },
      "85": { "start": { "line": 86, "column": 0 }, "end": { "line": 86, "column": 107 } },
      "86": { "start": { "line": 87, "column": 0 }, "end": { "line": 87, "column": 35 } },
      "87": { "start": { "line": 88, "column": 0 }, "end": { "line": 88, "column": 107 } },
      "88": { "start": { "line": 89, "column": 0 }, "end": { "line": 89, "column": 55 } },
      "89": { "start": { "line": 90, "column": 0 }, "end": { "line": 90, "column": 22 } },
      "90": { "start": { "line": 91, "column": 0 }, "end": { "line": 91, "column": 34 } },
      "91": { "start": { "line": 92, "column": 0 }, "end": { "line": 92, "column": 70 } },
      "92": { "start": { "line": 93, "column": 0 }, "end": { "line": 93, "column": 13 } },
      "93": { "start": { "line": 94, "column": 0 }, "end": { "line": 94, "column": 8 } },
      "94": { "start": { "line": 95, "column": 0 }, "end": { "line": 95, "column": 52 } },
      "95": { "start": { "line": 96, "column": 0 }, "end": { "line": 96, "column": 22 } },
      "96": { "start": { "line": 97, "column": 0 }, "end": { "line": 97, "column": 31 } },
      "97": { "start": { "line": 98, "column": 0 }, "end": { "line": 98, "column": 70 } },
      "98": { "start": { "line": 99, "column": 0 }, "end": { "line": 99, "column": 13 } },
      "99": { "start": { "line": 100, "column": 0 }, "end": { "line": 100, "column": 8 } },
      "100": { "start": { "line": 101, "column": 0 }, "end": { "line": 101, "column": 81 } },
      "101": { "start": { "line": 102, "column": 0 }, "end": { "line": 102, "column": 99 } },
      "102": { "start": { "line": 103, "column": 0 }, "end": { "line": 103, "column": 109 } },
      "104": { "start": { "line": 105, "column": 0 }, "end": { "line": 105, "column": 17 } },
      "105": { "start": { "line": 106, "column": 0 }, "end": { "line": 106, "column": 22 } },
      "106": { "start": { "line": 107, "column": 0 }, "end": { "line": 107, "column": 13 } },
      "113": { "start": { "line": 114, "column": 0 }, "end": { "line": 114, "column": 99 } },
      "114": { "start": { "line": 115, "column": 0 }, "end": { "line": 115, "column": 50 } },
      "115": { "start": { "line": 116, "column": 0 }, "end": { "line": 116, "column": 77 } },
      "116": { "start": { "line": 117, "column": 0 }, "end": { "line": 117, "column": 64 } },
      "117": { "start": { "line": 118, "column": 0 }, "end": { "line": 118, "column": 99 } },
      "118": { "start": { "line": 119, "column": 0 }, "end": { "line": 119, "column": 74 } },
      "119": { "start": { "line": 120, "column": 0 }, "end": { "line": 120, "column": 51 } },
      "120": { "start": { "line": 121, "column": 0 }, "end": { "line": 121, "column": 40 } },
      "121": { "start": { "line": 122, "column": 0 }, "end": { "line": 122, "column": 64 } },
      "122": { "start": { "line": 123, "column": 0 }, "end": { "line": 123, "column": 16 } },
      "123": { "start": { "line": 124, "column": 0 }, "end": { "line": 124, "column": 8 } },
      "124": { "start": { "line": 125, "column": 0 }, "end": { "line": 125, "column": 52 } },
      "125": { "start": { "line": 126, "column": 0 }, "end": { "line": 126, "column": 78 } },
      "127": { "start": { "line": 128, "column": 0 }, "end": { "line": 128, "column": 66 } },
      "128": { "start": { "line": 129, "column": 0 }, "end": { "line": 129, "column": 24 } },
      "129": { "start": { "line": 130, "column": 0 }, "end": { "line": 130, "column": 38 } },
      "130": { "start": { "line": 131, "column": 0 }, "end": { "line": 131, "column": 59 } },
      "131": { "start": { "line": 132, "column": 0 }, "end": { "line": 132, "column": 16 } },
      "132": { "start": { "line": 133, "column": 0 }, "end": { "line": 133, "column": 8 } },
      "133": { "start": { "line": 134, "column": 0 }, "end": { "line": 134, "column": 53 } },
      "134": { "start": { "line": 135, "column": 0 }, "end": { "line": 135, "column": 98 } },
      "135": { "start": { "line": 136, "column": 0 }, "end": { "line": 136, "column": 80 } },
      "136": { "start": { "line": 137, "column": 0 }, "end": { "line": 137, "column": 24 } },
      "137": { "start": { "line": 138, "column": 0 }, "end": { "line": 138, "column": 48 } },
      "138": { "start": { "line": 139, "column": 0 }, "end": { "line": 139, "column": 60 } },
      "139": { "start": { "line": 140, "column": 0 }, "end": { "line": 140, "column": 16 } },
      "140": { "start": { "line": 141, "column": 0 }, "end": { "line": 141, "column": 8 } },
      "141": { "start": { "line": 142, "column": 0 }, "end": { "line": 142, "column": 70 } },
      "142": { "start": { "line": 143, "column": 0 }, "end": { "line": 143, "column": 96 } },
      "144": { "start": { "line": 145, "column": 0 }, "end": { "line": 145, "column": 96 } },
      "145": { "start": { "line": 146, "column": 0 }, "end": { "line": 146, "column": 51 } },
      "146": { "start": { "line": 147, "column": 0 }, "end": { "line": 147, "column": 37 } },
      "147": { "start": { "line": 148, "column": 0 }, "end": { "line": 148, "column": 55 } },
      "148": { "start": { "line": 149, "column": 0 }, "end": { "line": 149, "column": 16 } },
      "149": { "start": { "line": 150, "column": 0 }, "end": { "line": 150, "column": 8 } },
      "150": { "start": { "line": 151, "column": 0 }, "end": { "line": 151, "column": 4 } },
      "151": { "start": { "line": 152, "column": 0 }, "end": { "line": 152, "column": 1 } }
    },
    "s": {
      "38": 1,
      "39": 1,
      "40": 2,
      "41": 2,
      "42": 2,
      "43": 2,
      "44": 2,
      "45": 2,
      "46": 1,
      "49": 1,
      "51": 1,
      "52": 4,
      "53": 4,
      "54": 4,
      "55": 4,
      "56": 4,
      "57": 4,
      "58": 4,
      "59": 4,
      "60": 4,
      "61": 4,
      "62": 4,
      "63": 4,
      "64": 4,
      "65": 4,
      "66": 2,
      "67": 2,
      "68": 2,
      "69": 2,
      "71": 1,
      "72": 2,
      "73": 2,
      "74": 4,
      "75": 1,
      "76": 4,
      "77": 4,
      "78": 4,
      "79": 4,
      "81": 4,
      "82": 4,
      "83": 0,
      "84": 4,
      "85": 0,
      "86": 4,
      "87": 0,
      "88": 4,
      "89": 1,
      "90": 1,
      "91": 1,
      "92": 1,
      "93": 1,
      "94": 4,
      "95": 0,
      "96": 0,
      "97": 0,
      "98": 0,
      "99": 0,
      "100": 4,
      "101": 4,
      "102": 4,
      "104": 4,
      "105": 0,
      "106": 0,
      "113": 0,
      "114": 4,
      "115": 0,
      "116": 4,
      "117": 0,
      "118": 4,
      "119": 0,
      "120": 0,
      "121": 0,
      "122": 0,
      "123": 0,
      "124": 4,
      "125": 0,
      "127": 4,
      "128": 0,
      "129": 0,
      "130": 0,
      "131": 0,
      "132": 0,
      "133": 4,
      "134": 0,
      "135": 4,
      "136": 0,
      "137": 0,
      "138": 0,
      "139": 0,
      "140": 0,
      "141": 4,
      "142": 0,
      "144": 4,
      "145": 0,
      "146": 0,
      "147": 0,
      "148": 0,
      "149": 0,
      "150": 4,
      "151": 4
    },
    "branchMap": {
      "0": {
        "type": "branch",
        "line": 40,
        "loc": { "start": { "line": 40, "column": 2 }, "end": { "line": 46, "column": 3 } },
        "locations": [{ "start": { "line": 40, "column": 2 }, "end": { "line": 46, "column": 3 } }]
      },
      "1": {
        "type": "branch",
        "line": 52,
        "loc": { "start": { "line": 52, "column": 7 }, "end": { "line": 152, "column": 1 } },
        "locations": [{ "start": { "line": 52, "column": 7 }, "end": { "line": 152, "column": 1 } }]
      },
      "2": {
        "type": "branch",
        "line": 53,
        "loc": { "start": { "line": 53, "column": 2 }, "end": { "line": 80, "column": 3 } },
        "locations": [{ "start": { "line": 53, "column": 2 }, "end": { "line": 80, "column": 3 } }]
      },
      "3": {
        "type": "branch",
        "line": 62,
        "loc": { "start": { "line": 62, "column": 14 }, "end": { "line": 62, "column": 65 } },
        "locations": [{ "start": { "line": 62, "column": 14 }, "end": { "line": 62, "column": 65 } }]
      },
      "4": {
        "type": "branch",
        "line": 62,
        "loc": { "start": { "line": 62, "column": 61 }, "end": { "line": 62, "column": 69 } },
        "locations": [{ "start": { "line": 62, "column": 61 }, "end": { "line": 62, "column": 69 } }]
      },
      "5": {
        "type": "branch",
        "line": 65,
        "loc": { "start": { "line": 65, "column": 7 }, "end": { "line": 66, "column": 19 } },
        "locations": [{ "start": { "line": 65, "column": 7 }, "end": { "line": 66, "column": 19 } }]
      },
      "6": {
        "type": "branch",
        "line": 66,
        "loc": { "start": { "line": 66, "column": 19 }, "end": { "line": 74, "column": 7 } },
        "locations": [{ "start": { "line": 66, "column": 19 }, "end": { "line": 74, "column": 7 } }]
      },
      "7": {
        "type": "branch",
        "line": 69,
        "loc": { "start": { "line": 69, "column": 34 }, "end": { "line": 69, "column": 69 } },
        "locations": [{ "start": { "line": 69, "column": 34 }, "end": { "line": 69, "column": 69 } }]
      },
      "8": {
        "type": "branch",
        "line": 69,
        "loc": { "start": { "line": 69, "column": 60 }, "end": { "line": 69, "column": 74 } },
        "locations": [{ "start": { "line": 69, "column": 60 }, "end": { "line": 69, "column": 74 } }]
      },
      "9": {
        "type": "branch",
        "line": 70,
        "loc": { "start": { "line": 70, "column": 8 }, "end": { "line": 72, "column": 9 } },
        "locations": [{ "start": { "line": 70, "column": 8 }, "end": { "line": 72, "column": 9 } }]
      },
      "10": {
        "type": "branch",
        "line": 74,
        "loc": { "start": { "line": 74, "column": 6 }, "end": { "line": 75, "column": 37 } },
        "locations": [{ "start": { "line": 74, "column": 6 }, "end": { "line": 75, "column": 37 } }]
      },
      "11": {
        "type": "branch",
        "line": 75,
        "loc": { "start": { "line": 75, "column": 30 }, "end": { "line": 75, "column": 52 } },
        "locations": [{ "start": { "line": 75, "column": 30 }, "end": { "line": 75, "column": 52 } }]
      },
      "12": {
        "type": "branch",
        "line": 75,
        "loc": { "start": { "line": 75, "column": 37 }, "end": { "line": 77, "column": 6 } },
        "locations": [{ "start": { "line": 75, "column": 37 }, "end": { "line": 77, "column": 6 } }]
      },
      "13": {
        "type": "branch",
        "line": 55,
        "loc": { "start": { "line": 55, "column": 29 }, "end": { "line": 55, "column": 55 } },
        "locations": [{ "start": { "line": 55, "column": 29 }, "end": { "line": 55, "column": 55 } }]
      },
      "14": {
        "type": "branch",
        "line": 89,
        "loc": { "start": { "line": 89, "column": 19 }, "end": { "line": 94, "column": 8 } },
        "locations": [{ "start": { "line": 89, "column": 19 }, "end": { "line": 94, "column": 8 } }]
      },
      "15": {
        "type": "branch",
        "line": 101,
        "loc": { "start": { "line": 101, "column": 8 }, "end": { "line": 101, "column": 81 } },
        "locations": [{ "start": { "line": 101, "column": 8 }, "end": { "line": 101, "column": 81 } }]
      }
    },
    "b": {
      "0": [2],
      "1": [4],
      "2": [4],
      "3": [3],
      "4": [1],
      "5": [3],
      "6": [2],
      "7": [1],
      "8": [0],
      "9": [1],
      "10": [1],
      "11": [0],
      "12": [1],
      "13": [1],
      "14": [1],
      "15": [3]
    },
    "fnMap": {
      "0": {
        "name": "ApiError",
        "decl": { "start": { "line": 40, "column": 2 }, "end": { "line": 46, "column": 3 } },
        "loc": { "start": { "line": 40, "column": 2 }, "end": { "line": 46, "column": 3 } },
        "line": 40
      },
      "1": {
        "name": "createApi",
        "decl": { "start": { "line": 52, "column": 7 }, "end": { "line": 152, "column": 1 } },
        "loc": { "start": { "line": 52, "column": 7 }, "end": { "line": 152, "column": 1 } },
        "line": 52
      },
      "2": {
        "name": "req",
        "decl": { "start": { "line": 53, "column": 2 }, "end": { "line": 80, "column": 3 } },
        "loc": { "start": { "line": 53, "column": 2 }, "end": { "line": 80, "column": 3 } },
        "line": 53
      },
      "3": {
        "name": "appleLogin",
        "decl": { "start": { "line": 83, "column": 16 }, "end": { "line": 84, "column": 107 } },
        "loc": { "start": { "line": 83, "column": 16 }, "end": { "line": 84, "column": 107 } },
        "line": 83
      },
      "4": {
        "name": "emailStart",
        "decl": { "start": { "line": 85, "column": 16 }, "end": { "line": 86, "column": 107 } },
        "loc": { "start": { "line": 85, "column": 16 }, "end": { "line": 86, "column": 107 } },
        "line": 85
      },
      "5": {
        "name": "emailVerify",
        "decl": { "start": { "line": 87, "column": 17 }, "end": { "line": 88, "column": 107 } },
        "loc": { "start": { "line": 87, "column": 17 }, "end": { "line": 88, "column": 107 } },
        "line": 87
      },
      "6": {
        "name": "emailRegister",
        "decl": { "start": { "line": 89, "column": 19 }, "end": { "line": 94, "column": 8 } },
        "loc": { "start": { "line": 89, "column": 19 }, "end": { "line": 94, "column": 8 } },
        "line": 89
      },
      "7": {
        "name": "emailLogin",
        "decl": { "start": { "line": 95, "column": 16 }, "end": { "line": 100, "column": 8 } },
        "loc": { "start": { "line": 95, "column": 16 }, "end": { "line": 100, "column": 8 } },
        "line": 95
      },
      "8": {
        "name": "me",
        "decl": { "start": { "line": 101, "column": 8 }, "end": { "line": 101, "column": 81 } },
        "loc": { "start": { "line": 101, "column": 8 }, "end": { "line": 101, "column": 81 } },
        "line": 101
      },
      "9": {
        "name": "logout",
        "decl": { "start": { "line": 102, "column": 12 }, "end": { "line": 102, "column": 99 } },
        "loc": { "start": { "line": 102, "column": 12 }, "end": { "line": 102, "column": 99 } },
        "line": 102
      },
      "10": {
        "name": "deleteAccount",
        "decl": { "start": { "line": 103, "column": 19 }, "end": { "line": 103, "column": 109 } },
        "loc": { "start": { "line": 103, "column": 19 }, "end": { "line": 103, "column": 109 } },
        "line": 103
      },
      "11": {
        "name": "createMove",
        "decl": { "start": { "line": 105, "column": 16 }, "end": { "line": 114, "column": 99 } },
        "loc": { "start": { "line": 105, "column": 16 }, "end": { "line": 114, "column": 99 } },
        "line": 105
      },
      "12": {
        "name": "snapshot",
        "decl": { "start": { "line": 115, "column": 14 }, "end": { "line": 116, "column": 77 } },
        "loc": { "start": { "line": 115, "column": 14 }, "end": { "line": 116, "column": 77 } },
        "line": 115
      },
      "13": {
        "name": "changes",
        "decl": { "start": { "line": 117, "column": 13 }, "end": { "line": 118, "column": 99 } },
        "loc": { "start": { "line": 117, "column": 13 }, "end": { "line": 118, "column": 99 } },
        "line": 117
      },
      "14": {
        "name": "mutations",
        "decl": { "start": { "line": 119, "column": 15 }, "end": { "line": 124, "column": 8 } },
        "loc": { "start": { "line": 119, "column": 15 }, "end": { "line": 124, "column": 8 } },
        "line": 119
      },
      "15": {
        "name": "deleteMove",
        "decl": { "start": { "line": 125, "column": 16 }, "end": { "line": 126, "column": 78 } },
        "loc": { "start": { "line": 125, "column": 16 }, "end": { "line": 126, "column": 78 } },
        "line": 125
      },
      "16": {
        "name": "createInvite",
        "decl": { "start": { "line": 128, "column": 18 }, "end": { "line": 133, "column": 8 } },
        "loc": { "start": { "line": 128, "column": 18 }, "end": { "line": 133, "column": 8 } },
        "line": 128
      },
      "17": {
        "name": "acceptInvite",
        "decl": { "start": { "line": 134, "column": 18 }, "end": { "line": 135, "column": 98 } },
        "loc": { "start": { "line": 134, "column": 18 }, "end": { "line": 135, "column": 98 } },
        "line": 134
      },
      "18": {
        "name": "changeRole",
        "decl": { "start": { "line": 136, "column": 16 }, "end": { "line": 141, "column": 8 } },
        "loc": { "start": { "line": 136, "column": 16 }, "end": { "line": 141, "column": 8 } },
        "line": 136
      },
      "19": {
        "name": "removeMember",
        "decl": { "start": { "line": 142, "column": 18 }, "end": { "line": 143, "column": 96 } },
        "loc": { "start": { "line": 142, "column": 18 }, "end": { "line": 143, "column": 96 } },
        "line": 142
      },
      "20": {
        "name": "createPhoto",
        "decl": { "start": { "line": 145, "column": 17 }, "end": { "line": 150, "column": 8 } },
        "loc": { "start": { "line": 145, "column": 17 }, "end": { "line": 150, "column": 8 } },
        "line": 145
      }
    },
    "f": {
      "0": 2,
      "1": 4,
      "2": 4,
      "3": 0,
      "4": 0,
      "5": 0,
      "6": 1,
      "7": 0,
      "8": 3,
      "9": 0,
      "10": 0,
      "11": 0,
      "12": 0,
      "13": 0,
      "14": 0,
      "15": 0,
      "16": 0,
      "17": 0,
      "18": 0,
      "19": 0,
      "20": 0
    }
  },
  "/Users/aaditya/Projects/organizard/lib/photos/index.ts": {
    "path": "/Users/aaditya/Projects/organizard/lib/photos/index.ts",
    "all": true,
    "statementMap": {
      "0": { "start": { "line": 1, "column": 0 }, "end": { "line": 1, "column": 76 } },
      "12": { "start": { "line": 13, "column": 0 }, "end": { "line": 13, "column": 71 } },
      "13": { "start": { "line": 14, "column": 0 }, "end": { "line": 14, "column": 46 } },
      "14": { "start": { "line": 15, "column": 0 }, "end": { "line": 15, "column": 29 } },
      "15": { "start": { "line": 16, "column": 0 }, "end": { "line": 16, "column": 33 } },
      "16": { "start": { "line": 17, "column": 0 }, "end": { "line": 17, "column": 7 } },
      "17": { "start": { "line": 18, "column": 0 }, "end": { "line": 18, "column": 70 } },
      "18": { "start": { "line": 19, "column": 0 }, "end": { "line": 19, "column": 11 } },
      "20": { "start": { "line": 21, "column": 0 }, "end": { "line": 21, "column": 3 } },
      "21": { "start": { "line": 22, "column": 0 }, "end": { "line": 22, "column": 49 } },
      "22": { "start": { "line": 23, "column": 0 }, "end": { "line": 23, "column": 72 } },
      "23": { "start": { "line": 24, "column": 0 }, "end": { "line": 24, "column": 45 } },
      "24": { "start": { "line": 25, "column": 0 }, "end": { "line": 25, "column": 1 } },
      "27": { "start": { "line": 28, "column": 0 }, "end": { "line": 28, "column": 28 } },
      "28": { "start": { "line": 29, "column": 0 }, "end": { "line": 29, "column": 16 } },
      "29": { "start": { "line": 30, "column": 0 }, "end": { "line": 30, "column": 25 } },
      "30": { "start": { "line": 31, "column": 0 }, "end": { "line": 31, "column": 54 } },
      "31": { "start": { "line": 32, "column": 0 }, "end": { "line": 32, "column": 30 } },
      "32": { "start": { "line": 33, "column": 0 }, "end": { "line": 33, "column": 52 } },
      "33": { "start": { "line": 34, "column": 0 }, "end": { "line": 34, "column": 20 } },
      "34": { "start": { "line": 35, "column": 0 }, "end": { "line": 35, "column": 12 } },
      "35": { "start": { "line": 36, "column": 0 }, "end": { "line": 36, "column": 5 } },
      "36": { "start": { "line": 37, "column": 0 }, "end": { "line": 37, "column": 1 } }
    },
    "s": {
      "0": 0,
      "12": 0,
      "13": 0,
      "14": 0,
      "15": 0,
      "16": 0,
      "17": 0,
      "18": 0,
      "20": 0,
      "21": 0,
      "22": 0,
      "23": 0,
      "24": 0,
      "27": 0,
      "28": 0,
      "29": 0,
      "30": 0,
      "31": 0,
      "32": 0,
      "33": 0,
      "34": 0,
      "35": 0,
      "36": 0
    },
    "branchMap": {
      "0": {
        "type": "branch",
        "line": 1,
        "loc": { "start": { "line": 1, "column": 1514 }, "end": { "line": 37, "column": 1 } },
        "locations": [{ "start": { "line": 1, "column": 1514 }, "end": { "line": 37, "column": 1 } }]
      }
    },
    "b": { "0": [0] },
    "fnMap": {
      "0": {
        "name": "(empty-report)",
        "decl": { "start": { "line": 1, "column": 1514 }, "end": { "line": 37, "column": 1 } },
        "loc": { "start": { "line": 1, "column": 1514 }, "end": { "line": 37, "column": 1 } },
        "line": 1
      }
    },
    "f": { "0": 0 }
  },
  "/Users/aaditya/Projects/organizard/lib/photos/refs.ts": {
    "path": "/Users/aaditya/Projects/organizard/lib/photos/refs.ts",
    "all": false,
    "statementMap": {
      "8": { "start": { "line": 9, "column": 0 }, "end": { "line": 9, "column": 37 } },
      "11": { "start": { "line": 12, "column": 0 }, "end": { "line": 12, "column": 49 } },
      "12": { "start": { "line": 13, "column": 0 }, "end": { "line": 13, "column": 107 } },
      "15": { "start": { "line": 16, "column": 0 }, "end": { "line": 16, "column": 29 } },
      "16": { "start": { "line": 17, "column": 0 }, "end": { "line": 17, "column": 16 } },
      "17": { "start": { "line": 18, "column": 0 }, "end": { "line": 18, "column": 85 } },
      "18": { "start": { "line": 19, "column": 0 }, "end": { "line": 19, "column": 54 } },
      "19": { "start": { "line": 20, "column": 0 }, "end": { "line": 20, "column": 39 } },
      "20": { "start": { "line": 21, "column": 0 }, "end": { "line": 21, "column": 49 } },
      "21": { "start": { "line": 22, "column": 0 }, "end": { "line": 22, "column": 60 } },
      "22": { "start": { "line": 23, "column": 0 }, "end": { "line": 23, "column": 3 } },
      "23": { "start": { "line": 24, "column": 0 }, "end": { "line": 24, "column": 95 } },
      "24": { "start": { "line": 25, "column": 0 }, "end": { "line": 25, "column": 82 } },
      "25": { "start": { "line": 26, "column": 0 }, "end": { "line": 26, "column": 3 } },
      "26": { "start": { "line": 27, "column": 0 }, "end": { "line": 27, "column": 10 } },
      "27": { "start": { "line": 28, "column": 0 }, "end": { "line": 28, "column": 45 } },
      "28": { "start": { "line": 29, "column": 0 }, "end": { "line": 29, "column": 86 } },
      "29": { "start": { "line": 30, "column": 0 }, "end": { "line": 30, "column": 4 } },
      "30": { "start": { "line": 31, "column": 0 }, "end": { "line": 31, "column": 1 } }
    },
    "s": {
      "8": 1,
      "11": 1,
      "12": 11,
      "15": 1,
      "16": 4,
      "17": 4,
      "18": 4,
      "19": 4,
      "20": 1,
      "21": 1,
      "22": 1,
      "23": 4,
      "24": 1,
      "25": 1,
      "26": 2,
      "27": 2,
      "28": 4,
      "29": 4,
      "30": 4
    },
    "branchMap": {
      "0": {
        "type": "branch",
        "line": 12,
        "loc": { "start": { "line": 12, "column": 26 }, "end": { "line": 13, "column": 107 } },
        "locations": [{ "start": { "line": 12, "column": 26 }, "end": { "line": 13, "column": 107 } }]
      },
      "1": {
        "type": "branch",
        "line": 13,
        "loc": { "start": { "line": 13, "column": 27 }, "end": { "line": 13, "column": 59 } },
        "locations": [{ "start": { "line": 13, "column": 27 }, "end": { "line": 13, "column": 59 } }]
      },
      "2": {
        "type": "branch",
        "line": 13,
        "loc": { "start": { "line": 13, "column": 54 }, "end": { "line": 13, "column": 89 } },
        "locations": [{ "start": { "line": 13, "column": 54 }, "end": { "line": 13, "column": 89 } }]
      },
      "3": {
        "type": "branch",
        "line": 13,
        "loc": { "start": { "line": 13, "column": 84 }, "end": { "line": 13, "column": 107 } },
        "locations": [{ "start": { "line": 13, "column": 84 }, "end": { "line": 13, "column": 107 } }]
      },
      "4": {
        "type": "branch",
        "line": 16,
        "loc": { "start": { "line": 16, "column": 7 }, "end": { "line": 31, "column": 1 } },
        "locations": [{ "start": { "line": 16, "column": 7 }, "end": { "line": 31, "column": 1 } }]
      },
      "5": {
        "type": "branch",
        "line": 20,
        "loc": { "start": { "line": 20, "column": 38 }, "end": { "line": 23, "column": 3 } },
        "locations": [{ "start": { "line": 20, "column": 38 }, "end": { "line": 23, "column": 3 } }]
      },
      "6": {
        "type": "branch",
        "line": 22,
        "loc": { "start": { "line": 22, "column": 26 }, "end": { "line": 22, "column": 49 } },
        "locations": [{ "start": { "line": 22, "column": 26 }, "end": { "line": 22, "column": 49 } }]
      },
      "7": {
        "type": "branch",
        "line": 23,
        "loc": { "start": { "line": 23, "column": 2 }, "end": { "line": 24, "column": 37 } },
        "locations": [{ "start": { "line": 23, "column": 2 }, "end": { "line": 24, "column": 37 } }]
      },
      "8": {
        "type": "branch",
        "line": 24,
        "loc": { "start": { "line": 24, "column": 32 }, "end": { "line": 24, "column": 71 } },
        "locations": [{ "start": { "line": 24, "column": 32 }, "end": { "line": 24, "column": 71 } }]
      },
      "9": {
        "type": "branch",
        "line": 24,
        "loc": { "start": { "line": 24, "column": 66 }, "end": { "line": 24, "column": 94 } },
        "locations": [{ "start": { "line": 24, "column": 66 }, "end": { "line": 24, "column": 94 } }]
      },
      "10": {
        "type": "branch",
        "line": 24,
        "loc": { "start": { "line": 24, "column": 94 }, "end": { "line": 26, "column": 3 } },
        "locations": [{ "start": { "line": 24, "column": 94 }, "end": { "line": 26, "column": 3 } }]
      },
      "11": {
        "type": "branch",
        "line": 26,
        "loc": { "start": { "line": 26, "column": 2 }, "end": { "line": 29, "column": 23 } },
        "locations": [{ "start": { "line": 26, "column": 2 }, "end": { "line": 29, "column": 23 } }]
      },
      "12": {
        "type": "branch",
        "line": 29,
        "loc": { "start": { "line": 29, "column": 13 }, "end": { "line": 29, "column": 82 } },
        "locations": [{ "start": { "line": 29, "column": 13 }, "end": { "line": 29, "column": 82 } }]
      },
      "13": {
        "type": "branch",
        "line": 29,
        "loc": { "start": { "line": 29, "column": 78 }, "end": { "line": 29, "column": 86 } },
        "locations": [{ "start": { "line": 29, "column": 78 }, "end": { "line": 29, "column": 86 } }]
      }
    },
    "b": {
      "0": [11],
      "1": [8],
      "2": [5],
      "3": [4],
      "4": [4],
      "5": [1],
      "6": [0],
      "7": [3],
      "8": [2],
      "9": [2],
      "10": [1],
      "11": [2],
      "12": [1],
      "13": [1]
    },
    "fnMap": {
      "0": {
        "name": "isLocalRef",
        "decl": { "start": { "line": 12, "column": 26 }, "end": { "line": 13, "column": 107 } },
        "loc": { "start": { "line": 12, "column": 26 }, "end": { "line": 13, "column": 107 } },
        "line": 12
      },
      "1": {
        "name": "resolvePhoto",
        "decl": { "start": { "line": 16, "column": 7 }, "end": { "line": 31, "column": 1 } },
        "loc": { "start": { "line": 16, "column": 7 }, "end": { "line": 31, "column": 1 } },
        "line": 16
      }
    },
    "f": { "0": 11, "1": 4 }
  },
  "/Users/aaditya/Projects/organizard/lib/qr/codes.ts": {
    "path": "/Users/aaditya/Projects/organizard/lib/qr/codes.ts",
    "all": false,
    "statementMap": {
      "3": { "start": { "line": 4, "column": 0 }, "end": { "line": 4, "column": 39 } },
      "5": { "start": { "line": 6, "column": 0 }, "end": { "line": 6, "column": 45 } },
      "8": { "start": { "line": 9, "column": 0 }, "end": { "line": 9, "column": 77 } },
      "11": { "start": { "line": 12, "column": 0 }, "end": { "line": 12, "column": 61 } },
      "12": { "start": { "line": 13, "column": 0 }, "end": { "line": 13, "column": 72 } },
      "13": { "start": { "line": 14, "column": 0 }, "end": { "line": 14, "column": 86 } },
      "14": { "start": { "line": 15, "column": 0 }, "end": { "line": 15, "column": 14 } },
      "15": { "start": { "line": 16, "column": 0 }, "end": { "line": 16, "column": 2 } },
      "27": { "start": { "line": 28, "column": 0 }, "end": { "line": 28, "column": 29 } },
      "28": { "start": { "line": 29, "column": 0 }, "end": { "line": 29, "column": 16 } },
      "29": { "start": { "line": 30, "column": 0 }, "end": { "line": 30, "column": 26 } },
      "30": { "start": { "line": 31, "column": 0 }, "end": { "line": 31, "column": 39 } },
      "31": { "start": { "line": 32, "column": 0 }, "end": { "line": 32, "column": 18 } },
      "32": { "start": { "line": 33, "column": 0 }, "end": { "line": 33, "column": 31 } },
      "33": { "start": { "line": 34, "column": 0 }, "end": { "line": 34, "column": 52 } },
      "34": { "start": { "line": 35, "column": 0 }, "end": { "line": 35, "column": 73 } },
      "35": { "start": { "line": 36, "column": 0 }, "end": { "line": 36, "column": 62 } },
      "36": { "start": { "line": 37, "column": 0 }, "end": { "line": 37, "column": 93 } },
      "37": { "start": { "line": 38, "column": 0 }, "end": { "line": 38, "column": 30 } },
      "38": { "start": { "line": 39, "column": 0 }, "end": { "line": 39, "column": 2 } }
    },
    "s": {
      "3": 1,
      "5": 1,
      "8": 1,
      "11": 1,
      "12": 8,
      "13": 8,
      "14": 3,
      "15": 3,
      "27": 1,
      "28": 4,
      "29": 4,
      "30": 4,
      "31": 4,
      "32": 4,
      "33": 4,
      "34": 4,
      "35": 2,
      "36": 4,
      "37": 1,
      "38": 1
    },
    "branchMap": {
      "0": {
        "type": "branch",
        "line": 9,
        "loc": { "start": { "line": 9, "column": 27 }, "end": { "line": 9, "column": 77 } },
        "locations": [{ "start": { "line": 9, "column": 27 }, "end": { "line": 9, "column": 77 } }]
      },
      "1": {
        "type": "branch",
        "line": 12,
        "loc": { "start": { "line": 12, "column": 26 }, "end": { "line": 16, "column": 2 } },
        "locations": [{ "start": { "line": 12, "column": 26 }, "end": { "line": 16, "column": 2 } }]
      },
      "2": {
        "type": "branch",
        "line": 13,
        "loc": { "start": { "line": 13, "column": 35 }, "end": { "line": 14, "column": 49 } },
        "locations": [{ "start": { "line": 13, "column": 35 }, "end": { "line": 14, "column": 49 } }]
      },
      "3": {
        "type": "branch",
        "line": 14,
        "loc": { "start": { "line": 14, "column": 42 }, "end": { "line": 14, "column": 86 } },
        "locations": [{ "start": { "line": 14, "column": 42 }, "end": { "line": 14, "column": 86 } }]
      },
      "4": {
        "type": "branch",
        "line": 14,
        "loc": { "start": { "line": 14, "column": 84 }, "end": { "line": 16, "column": 2 } },
        "locations": [{ "start": { "line": 14, "column": 84 }, "end": { "line": 16, "column": 2 } }]
      },
      "5": {
        "type": "branch",
        "line": 28,
        "loc": { "start": { "line": 28, "column": 28 }, "end": { "line": 39, "column": 2 } },
        "locations": [{ "start": { "line": 28, "column": 28 }, "end": { "line": 39, "column": 2 } }]
      },
      "6": {
        "type": "branch",
        "line": 34,
        "loc": { "start": { "line": 34, "column": 18 }, "end": { "line": 34, "column": 52 } },
        "locations": [{ "start": { "line": 34, "column": 18 }, "end": { "line": 34, "column": 52 } }]
      },
      "7": {
        "type": "branch",
        "line": 34,
        "loc": { "start": { "line": 34, "column": 50 }, "end": { "line": 35, "column": 41 } },
        "locations": [{ "start": { "line": 34, "column": 50 }, "end": { "line": 35, "column": 41 } }]
      },
      "8": {
        "type": "branch",
        "line": 35,
        "loc": { "start": { "line": 35, "column": 34 }, "end": { "line": 35, "column": 73 } },
        "locations": [{ "start": { "line": 35, "column": 34 }, "end": { "line": 35, "column": 73 } }]
      },
      "9": {
        "type": "branch",
        "line": 35,
        "loc": { "start": { "line": 35, "column": 71 }, "end": { "line": 37, "column": 20 } },
        "locations": [{ "start": { "line": 35, "column": 71 }, "end": { "line": 37, "column": 20 } }]
      },
      "10": {
        "type": "branch",
        "line": 37,
        "loc": { "start": { "line": 37, "column": 13 }, "end": { "line": 39, "column": 2 } },
        "locations": [{ "start": { "line": 37, "column": 13 }, "end": { "line": 39, "column": 2 } }]
      },
      "11": {
        "type": "branch",
        "line": 36,
        "loc": { "start": { "line": 36, "column": 32 }, "end": { "line": 36, "column": 60 } },
        "locations": [{ "start": { "line": 36, "column": 32 }, "end": { "line": 36, "column": 60 } }]
      }
    },
    "b": {
      "0": [8],
      "1": [8],
      "2": [4],
      "3": [1],
      "4": [3],
      "5": [4],
      "6": [1],
      "7": [3],
      "8": [1],
      "9": [2],
      "10": [1],
      "11": [2]
    },
    "fnMap": {
      "0": {
        "name": "encodeBoxQR",
        "decl": { "start": { "line": 9, "column": 27 }, "end": { "line": 9, "column": 77 } },
        "loc": { "start": { "line": 9, "column": 27 }, "end": { "line": 9, "column": 77 } },
        "line": 9
      },
      "1": {
        "name": "parseBoxQR",
        "decl": { "start": { "line": 12, "column": 26 }, "end": { "line": 16, "column": 2 } },
        "loc": { "start": { "line": 12, "column": 26 }, "end": { "line": 16, "column": 2 } },
        "line": 12
      },
      "2": {
        "name": "classifyScan",
        "decl": { "start": { "line": 28, "column": 28 }, "end": { "line": 39, "column": 2 } },
        "loc": { "start": { "line": 28, "column": 28 }, "end": { "line": 39, "column": 2 } },
        "line": 28
      }
    },
    "f": { "0": 8, "1": 8, "2": 4 }
  },
  "/Users/aaditya/Projects/organizard/lib/qr/labels.ts": {
    "path": "/Users/aaditya/Projects/organizard/lib/qr/labels.ts",
    "all": false,
    "statementMap": {
      "0": { "start": { "line": 1, "column": 0 }, "end": { "line": 1, "column": 64 } },
      "21": { "start": { "line": 22, "column": 0 }, "end": { "line": 22, "column": 89 } },
      "31": { "start": { "line": 32, "column": 0 }, "end": { "line": 32, "column": 39 } },
      "32": { "start": { "line": 33, "column": 0 }, "end": { "line": 33, "column": 86 } },
      "34": { "start": { "line": 35, "column": 0 }, "end": { "line": 35, "column": 37 } },
      "35": { "start": { "line": 36, "column": 0 }, "end": { "line": 36, "column": 14 } },
      "36": { "start": { "line": 37, "column": 0 }, "end": { "line": 37, "column": 45 } },
      "37": { "start": { "line": 38, "column": 0 }, "end": { "line": 38, "column": 5 } },
      "38": { "start": { "line": 39, "column": 0 }, "end": { "line": 39, "column": 1 } },
      "40": { "start": { "line": 41, "column": 0 }, "end": { "line": 41, "column": 37 } },
      "41": { "start": { "line": 42, "column": 0 }, "end": { "line": 42, "column": 106 } },
      "42": { "start": { "line": 43, "column": 0 }, "end": { "line": 43, "column": 1 } },
      "44": { "start": { "line": 45, "column": 0 }, "end": { "line": 45, "column": 47 } },
      "45": { "start": { "line": 46, "column": 0 }, "end": { "line": 46, "column": 78 } },
      "46": { "start": { "line": 47, "column": 0 }, "end": { "line": 47, "column": 10 } },
      "48": { "start": { "line": 49, "column": 0 }, "end": { "line": 49, "column": 49 } },
      "50": { "start": { "line": 51, "column": 0 }, "end": { "line": 51, "column": 51 } },
      "51": { "start": { "line": 52, "column": 0 }, "end": { "line": 52, "column": 50 } },
      "52": { "start": { "line": 53, "column": 0 }, "end": { "line": 53, "column": 15 } },
      "55": { "start": { "line": 56, "column": 0 }, "end": { "line": 56, "column": 1 } },
      "58": { "start": { "line": 59, "column": 0 }, "end": { "line": 59, "column": 63 } },
      "59": { "start": { "line": 60, "column": 0 }, "end": { "line": 60, "column": 47 } },
      "60": { "start": { "line": 61, "column": 0 }, "end": { "line": 61, "column": 25 } },
      "71": { "start": { "line": 72, "column": 0 }, "end": { "line": 72, "column": 22 } },
      "85": { "start": { "line": 86, "column": 0 }, "end": { "line": 86, "column": 36 } },
      "112": { "start": { "line": 113, "column": 0 }, "end": { "line": 113, "column": 22 } },
      "121": { "start": { "line": 122, "column": 0 }, "end": { "line": 122, "column": 22 } },
      "130": { "start": { "line": 131, "column": 0 }, "end": { "line": 131, "column": 34 } },
      "133": { "start": { "line": 134, "column": 0 }, "end": { "line": 134, "column": 1 } }
    },
    "s": {
      "0": 1,
      "21": 1,
      "31": 3,
      "32": 3,
      "34": 3,
      "35": 3,
      "36": 3,
      "37": 3,
      "38": 3,
      "40": 4,
      "41": 4,
      "42": 4,
      "44": 3,
      "45": 3,
      "46": 3,
      "48": 3,
      "50": 3,
      "51": 3,
      "52": 3,
      "55": 3,
      "58": 1,
      "59": 3,
      "60": 3,
      "71": 3,
      "85": 3,
      "112": 3,
      "121": 3,
      "130": 3,
      "133": 3
    },
    "branchMap": {
      "0": {
        "type": "branch",
        "line": 32,
        "loc": { "start": { "line": 32, "column": 0 }, "end": { "line": 39, "column": 1 } },
        "locations": [{ "start": { "line": 32, "column": 0 }, "end": { "line": 39, "column": 1 } }]
      },
      "1": {
        "type": "branch",
        "line": 41,
        "loc": { "start": { "line": 41, "column": 0 }, "end": { "line": 43, "column": 1 } },
        "locations": [{ "start": { "line": 41, "column": 0 }, "end": { "line": 43, "column": 1 } }]
      },
      "2": {
        "type": "branch",
        "line": 45,
        "loc": { "start": { "line": 45, "column": 0 }, "end": { "line": 56, "column": 1 } },
        "locations": [{ "start": { "line": 45, "column": 0 }, "end": { "line": 56, "column": 1 } }]
      },
      "3": {
        "type": "branch",
        "line": 46,
        "loc": { "start": { "line": 46, "column": 21 }, "end": { "line": 46, "column": 75 } },
        "locations": [{ "start": { "line": 46, "column": 21 }, "end": { "line": 46, "column": 75 } }]
      },
      "4": {
        "type": "branch",
        "line": 46,
        "loc": { "start": { "line": 46, "column": 64 }, "end": { "line": 46, "column": 78 } },
        "locations": [{ "start": { "line": 46, "column": 64 }, "end": { "line": 46, "column": 78 } }]
      },
      "5": {
        "type": "branch",
        "line": 59,
        "loc": { "start": { "line": 59, "column": 7 }, "end": { "line": 134, "column": 1 } },
        "locations": [{ "start": { "line": 59, "column": 7 }, "end": { "line": 134, "column": 1 } }]
      }
    },
    "b": { "0": [3], "1": [4], "2": [3], "3": [1], "4": [2], "5": [3] },
    "fnMap": {
      "0": {
        "name": "qrSvg",
        "decl": { "start": { "line": 32, "column": 0 }, "end": { "line": 39, "column": 1 } },
        "loc": { "start": { "line": 32, "column": 0 }, "end": { "line": 39, "column": 1 } },
        "line": 32
      },
      "1": {
        "name": "esc",
        "decl": { "start": { "line": 41, "column": 0 }, "end": { "line": 43, "column": 1 } },
        "loc": { "start": { "line": 41, "column": 0 }, "end": { "line": 43, "column": 1 } },
        "line": 41
      },
      "2": {
        "name": "labelCell",
        "decl": { "start": { "line": 45, "column": 0 }, "end": { "line": 56, "column": 1 } },
        "loc": { "start": { "line": 45, "column": 0 }, "end": { "line": 56, "column": 1 } },
        "line": 45
      },
      "3": {
        "name": "buildLabelsHtml",
        "decl": { "start": { "line": 59, "column": 7 }, "end": { "line": 134, "column": 1 } },
        "loc": { "start": { "line": 59, "column": 7 }, "end": { "line": 134, "column": 1 } },
        "line": 59
      }
    },
    "f": { "0": 3, "1": 4, "2": 3, "3": 3 }
  },
  "/Users/aaditya/Projects/organizard/lib/voice/dictation.ts": {
    "path": "/Users/aaditya/Projects/organizard/lib/voice/dictation.ts",
    "all": true,
    "statementMap": {
      "0": { "start": { "line": 1, "column": 0 }, "end": { "line": 1, "column": 83 } },
      "11": { "start": { "line": 12, "column": 0 }, "end": { "line": 12, "column": 17 } },
      "12": { "start": { "line": 13, "column": 0 }, "end": { "line": 13, "column": 44 } },
      "13": { "start": { "line": 14, "column": 0 }, "end": { "line": 14, "column": 52 } },
      "14": { "start": { "line": 15, "column": 0 }, "end": { "line": 15, "column": 36 } },
      "15": { "start": { "line": 16, "column": 0 }, "end": { "line": 16, "column": 53 } },
      "16": { "start": { "line": 17, "column": 0 }, "end": { "line": 17, "column": 46 } },
      "17": { "start": { "line": 18, "column": 0 }, "end": { "line": 18, "column": 36 } },
      "18": { "start": { "line": 19, "column": 0 }, "end": { "line": 19, "column": 51 } },
      "19": { "start": { "line": 20, "column": 0 }, "end": { "line": 20, "column": 2 } },
      "20": { "start": { "line": 21, "column": 0 }, "end": { "line": 21, "column": 22 } },
      "21": { "start": { "line": 22, "column": 0 }, "end": { "line": 22, "column": 68 } },
      "22": { "start": { "line": 23, "column": 0 }, "end": { "line": 23, "column": 67 } },
      "23": { "start": { "line": 24, "column": 0 }, "end": { "line": 24, "column": 70 } },
      "24": { "start": { "line": 25, "column": 0 }, "end": { "line": 25, "column": 78 } },
      "25": { "start": { "line": 26, "column": 0 }, "end": { "line": 26, "column": 73 } },
      "26": { "start": { "line": 27, "column": 0 }, "end": { "line": 27, "column": 2 } },
      "28": { "start": { "line": 29, "column": 0 }, "end": { "line": 29, "column": 19 } },
      "29": { "start": { "line": 30, "column": 0 }, "end": { "line": 30, "column": 17 } },
      "32": { "start": { "line": 33, "column": 0 }, "end": { "line": 33, "column": 29 } },
      "47": { "start": { "line": 48, "column": 0 }, "end": { "line": 48, "column": 49 } },
      "48": { "start": { "line": 49, "column": 0 }, "end": { "line": 49, "column": 50 } },
      "49": { "start": { "line": 50, "column": 0 }, "end": { "line": 50, "column": 1 } },
      "51": { "start": { "line": 52, "column": 0 }, "end": { "line": 52, "column": 91 } },
      "52": { "start": { "line": 53, "column": 0 }, "end": { "line": 53, "column": 54 } },
      "53": { "start": { "line": 54, "column": 0 }, "end": { "line": 54, "column": 27 } },
      "54": { "start": { "line": 55, "column": 0 }, "end": { "line": 55, "column": 45 } },
      "55": { "start": { "line": 56, "column": 0 }, "end": { "line": 56, "column": 50 } },
      "56": { "start": { "line": 57, "column": 0 }, "end": { "line": 57, "column": 25 } },
[...]
      "154": 1,
      "155": 0,
      "156": 0,
      "157": 1,
      "158": 1,
      "159": 1,
      "160": 1,
      "161": 1,
      "162": 1,
      "163": 1,
      "164": 1,
      "165": 0,
      "166": 0,
      "167": 1,
      "168": 1,
      "169": 1,
      "170": 1,
      "171": 0,
      "172": 0,
      "173": 1,
      "174": 1,
      "175": 4,
      "176": 4
    },
    "branchMap": {
      "0": {
        "type": "branch",
        "line": 29,
        "loc": { "start": { "line": 29, "column": 42 }, "end": { "line": 135, "column": 3 } },
        "locations": [{ "start": { "line": 29, "column": 42 }, "end": { "line": 135, "column": 3 } }]
      },
      "1": {
        "type": "branch",
        "line": 30,
        "loc": { "start": { "line": 30, "column": 16 }, "end": { "line": 30, "column": 45 } },
        "locations": [{ "start": { "line": 30, "column": 16 }, "end": { "line": 30, "column": 45 } }]
      },
      "2": {
        "type": "branch",
        "line": 31,
        "loc": { "start": { "line": 31, "column": 17 }, "end": { "line": 31, "column": 69 } },
        "locations": [{ "start": { "line": 31, "column": 17 }, "end": { "line": 31, "column": 69 } }]
      },
      "3": {
        "type": "branch",
        "line": 32,
        "loc": { "start": { "line": 32, "column": 14 }, "end": { "line": 32, "column": 62 } },
        "locations": [{ "start": { "line": 32, "column": 14 }, "end": { "line": 32, "column": 62 } }]
      },
      "4": {
        "type": "branch",
        "line": 33,
        "loc": { "start": { "line": 33, "column": 18 }, "end": { "line": 33, "column": 48 } },
        "locations": [{ "start": { "line": 33, "column": 18 }, "end": { "line": 33, "column": 48 } }]
      },
      "5": {
        "type": "branch",
        "line": 36,
        "loc": { "start": { "line": 36, "column": 11 }, "end": { "line": 48, "column": 7 } },
        "locations": [{ "start": { "line": 36, "column": 11 }, "end": { "line": 48, "column": 7 } }]
      },
      "6": {
        "type": "branch",
        "line": 37,
        "loc": { "start": { "line": 37, "column": 8 }, "end": { "line": 48, "column": 5 } },
        "locations": [{ "start": { "line": 37, "column": 8 }, "end": { "line": 48, "column": 5 } }]
      },
      "7": {
        "type": "branch",
        "line": 43,
        "loc": { "start": { "line": 43, "column": 53 }, "end": { "line": 43, "column": 87 } },
        "locations": [{ "start": { "line": 43, "column": 53 }, "end": { "line": 43, "column": 87 } }]
      },
      "8": {
        "type": "branch",
        "line": 43,
        "loc": { "start": { "line": 43, "column": 74 }, "end": { "line": 43, "column": 87 } },
        "locations": [{ "start": { "line": 43, "column": 74 }, "end": { "line": 43, "column": 87 } }]
      },
      "9": {
        "type": "branch",
        "line": 46,
        "loc": { "start": { "line": 46, "column": 52 }, "end": { "line": 46, "column": 94 } },
        "locations": [{ "start": { "line": 46, "column": 52 }, "end": { "line": 46, "column": 94 } }]
      },
      "10": {
        "type": "branch",
        "line": 50,
        "loc": { "start": { "line": 50, "column": 11 }, "end": { "line": 50, "column": 102 } },
        "locations": [{ "start": { "line": 50, "column": 11 }, "end": { "line": 50, "column": 102 } }]
      },
      "11": {
        "type": "branch",
        "line": 50,
        "loc": { "start": { "line": 50, "column": 22 }, "end": { "line": 50, "column": 100 } },
        "locations": [{ "start": { "line": 50, "column": 22 }, "end": { "line": 50, "column": 100 } }]
      },
      "12": {
        "type": "branch",
        "line": 50,
        "loc": { "start": { "line": 50, "column": 57 }, "end": { "line": 50, "column": 97 } },
        "locations": [{ "start": { "line": 50, "column": 57 }, "end": { "line": 50, "column": 97 } }]
      },
      "13": {
        "type": "branch",
        "line": 50,
        "loc": { "start": { "line": 50, "column": 93 }, "end": { "line": 50, "column": 100 } },
        "locations": [{ "start": { "line": 50, "column": 93 }, "end": { "line": 50, "column": 100 } }]
      },
      "14": {
        "type": "branch",
        "line": 65,
        "loc": { "start": { "line": 65, "column": 16 }, "end": { "line": 117, "column": 7 } },
        "locations": [{ "start": { "line": 65, "column": 16 }, "end": { "line": 117, "column": 7 } }]
      },
      "15": {
        "type": "branch",
        "line": 66,
        "loc": { "start": { "line": 66, "column": 8 }, "end": { "line": 117, "column": 5 } },
        "locations": [{ "start": { "line": 66, "column": 8 }, "end": { "line": 117, "column": 5 } }]
      },
      "16": {
        "type": "branch",
        "line": 83,
        "loc": { "start": { "line": 83, "column": 52 }, "end": { "line": 83, "column": 74 } },
        "locations": [{ "start": { "line": 83, "column": 52 }, "end": { "line": 83, "column": 74 } }]
      },
      "17": {
        "type": "branch",
        "line": 84,
        "loc": { "start": { "line": 84, "column": 33 }, "end": { "line": 100, "column": 7 } },
        "locations": [{ "start": { "line": 84, "column": 33 }, "end": { "line": 100, "column": 7 } }]
      },
      "18": {
        "type": "branch",
        "line": 85,
        "loc": { "start": { "line": 85, "column": 36 }, "end": { "line": 88, "column": 9 } },
        "locations": [{ "start": { "line": 85, "column": 36 }, "end": { "line": 88, "column": 9 } }]
      },
      "19": {
        "type": "branch",
        "line": 90,
        "loc": { "start": { "line": 90, "column": 45 }, "end": { "line": 90, "column": 54 } },
        "locations": [{ "start": { "line": 90, "column": 45 }, "end": { "line": 90, "column": 54 } }]
      },
      "20": {
        "type": "branch",
        "line": 91,
        "loc": { "start": { "line": 91, "column": 39 }, "end": { "line": 91, "column": 53 } },
        "locations": [{ "start": { "line": 91, "column": 39 }, "end": { "line": 91, "column": 53 } }]
      },
      "21": {
        "type": "branch",
        "line": 92,
        "loc": { "start": { "line": 92, "column": 40 }, "end": { "line": 92, "column": 49 } },
        "locations": [{ "start": { "line": 92, "column": 40 }, "end": { "line": 92, "column": 49 } }]
      },
      "22": {
        "type": "branch",
        "line": 93,
        "loc": { "start": { "line": 93, "column": 27 }, "end": { "line": 98, "column": 9 } },
        "locations": [{ "start": { "line": 93, "column": 27 }, "end": { "line": 98, "column": 9 } }]
      },
      "23": {
        "type": "branch",
        "line": 95,
        "loc": { "start": { "line": 95, "column": 26 }, "end": { "line": 95, "column": 39 } },
        "locations": [{ "start": { "line": 95, "column": 26 }, "end": { "line": 95, "column": 39 } }]
      },
      "24": {
        "type": "branch",
        "line": 107,
        "loc": { "start": { "line": 107, "column": 36 }, "end": { "line": 107, "column": 59 } },
        "locations": [{ "start": { "line": 107, "column": 36 }, "end": { "line": 107, "column": 59 } }]
      },
      "25": {
        "type": "branch",
        "line": 107,
        "loc": { "start": { "line": 107, "column": 50 }, "end": { "line": 107, "column": 95 } },
        "locations": [{ "start": { "line": 107, "column": 50 }, "end": { "line": 107, "column": 95 } }]
      },
      "26": {
        "type": "branch",
        "line": 72,
        "loc": { "start": { "line": 72, "column": 20 }, "end": { "line": 79, "column": 11 } },
        "locations": [{ "start": { "line": 72, "column": 20 }, "end": { "line": 79, "column": 11 } }]
      },
      "27": {
        "type": "branch",
        "line": 73,
        "loc": { "start": { "line": 73, "column": 20 }, "end": { "line": 79, "column": 9 } },
        "locations": [{ "start": { "line": 73, "column": 20 }, "end": { "line": 79, "column": 9 } }]
      },
      "28": {
        "type": "branch",
        "line": 74,
        "loc": { "start": { "line": 74, "column": 30 }, "end": { "line": 78, "column": 22 } },
        "locations": [{ "start": { "line": 74, "column": 30 }, "end": { "line": 78, "column": 22 } }]
      },
      "29": {
        "type": "branch",
        "line": 90,
        "loc": { "start": { "line": 90, "column": 59 }, "end": { "line": 90, "column": 80 } },
        "locations": [{ "start": { "line": 90, "column": 59 }, "end": { "line": 90, "column": 80 } }]
      },
      "30": {
        "type": "branch",
        "line": 92,
        "loc": { "start": { "line": 92, "column": 56 }, "end": { "line": 92, "column": 77 } },
        "locations": [{ "start": { "line": 92, "column": 56 }, "end": { "line": 92, "column": 77 } }]
      },
      "31": {
        "type": "branch",
        "line": 96,
        "loc": { "start": { "line": 96, "column": 54 }, "end": { "line": 96, "column": 78 } },
        "locations": [{ "start": { "line": 96, "column": 54 }, "end": { "line": 96, "column": 78 } }]
      },
      "32": {
        "type": "branch",
        "line": 126,
        "loc": { "start": { "line": 126, "column": 17 }, "end": { "line": 134, "column": 8 } },
        "locations": [{ "start": { "line": 126, "column": 17 }, "end": { "line": 134, "column": 8 } }]
      },
      "33": {
        "type": "branch",
        "line": 127,
        "loc": { "start": { "line": 127, "column": 8 }, "end": { "line": 134, "column": 6 } },
        "locations": [{ "start": { "line": 127, "column": 8 }, "end": { "line": 134, "column": 6 } }]
      },
      "34": {
        "type": "branch",
        "line": 130,
        "loc": { "start": { "line": 130, "column": 36 }, "end": { "line": 130, "column": 45 } },
        "locations": [{ "start": { "line": 130, "column": 36 }, "end": { "line": 130, "column": 45 } }]
      },
      "35": {
        "type": "branch",
        "line": 130,
        "loc": { "start": { "line": 130, "column": 49 }, "end": { "line": 131, "column": 110 } },
        "locations": [{ "start": { "line": 130, "column": 49 }, "end": { "line": 131, "column": 110 } }]
      },
      "36": {
        "type": "branch",
        "line": 131,
        "loc": { "start": { "line": 131, "column": 50 }, "end": { "line": 131, "column": 64 } },
        "locations": [{ "start": { "line": 131, "column": 50 }, "end": { "line": 131, "column": 64 } }]
      },
      "37": {
        "type": "branch",
        "line": 131,
        "loc": { "start": { "line": 131, "column": 103 }, "end": { "line": 131, "column": 110 } },
        "locations": [{ "start": { "line": 131, "column": 103 }, "end": { "line": 131, "column": 110 } }]
      },
      "38": {
        "type": "branch",
        "line": 131,
        "loc": { "start": { "line": 131, "column": 68 }, "end": { "line": 131, "column": 101 } },
        "locations": [{ "start": { "line": 131, "column": 68 }, "end": { "line": 131, "column": 101 } }]
      },
      "39": {
        "type": "branch",
        "line": 131,
        "loc": { "start": { "line": 131, "column": 92 }, "end": { "line": 131, "column": 101 } },
        "locations": [{ "start": { "line": 131, "column": 92 }, "end": { "line": 131, "column": 101 } }]
      },
      "40": {
        "type": "branch",
        "line": 138,
        "loc": { "start": { "line": 138, "column": 0 }, "end": { "line": 177, "column": 1 } },
        "locations": [{ "start": { "line": 138, "column": 0 }, "end": { "line": 177, "column": 1 } }]
      },
      "41": {
        "type": "branch",
        "line": 144,
        "loc": { "start": { "line": 144, "column": 26 }, "end": { "line": 175, "column": 3 } },
        "locations": [{ "start": { "line": 144, "column": 26 }, "end": { "line": 175, "column": 3 } }]
      },
      "42": {
        "type": "branch",
        "line": 147,
        "loc": { "start": { "line": 147, "column": 6 }, "end": { "line": 147, "column": 21 } },
        "locations": [{ "start": { "line": 147, "column": 6 }, "end": { "line": 147, "column": 21 } }]
      },
      "43": {
        "type": "branch",
        "line": 148,
        "loc": { "start": { "line": 148, "column": 6 }, "end": { "line": 148, "column": 24 } },
        "locations": [{ "start": { "line": 148, "column": 6 }, "end": { "line": 148, "column": 24 } }]
      },
      "44": {
        "type": "branch",
        "line": 149,
        "loc": { "start": { "line": 149, "column": 6 }, "end": { "line": 151, "column": 14 } },
        "locations": [{ "start": { "line": 149, "column": 6 }, "end": { "line": 151, "column": 14 } }]
      },
      "45": {
        "type": "branch",
        "line": 152,
        "loc": { "start": { "line": 152, "column": 6 }, "end": { "line": 154, "column": 14 } },
        "locations": [{ "start": { "line": 152, "column": 6 }, "end": { "line": 154, "column": 14 } }]
      },
      "46": {
        "type": "branch",
        "line": 155,
        "loc": { "start": { "line": 155, "column": 6 }, "end": { "line": 157, "column": 14 } },
        "locations": [{ "start": { "line": 155, "column": 6 }, "end": { "line": 157, "column": 14 } }]
      },
      "47": {
        "type": "branch",
        "line": 158,
        "loc": { "start": { "line": 158, "column": 6 }, "end": { "line": 158, "column": 20 } },
        "locations": [{ "start": { "line": 158, "column": 6 }, "end": { "line": 158, "column": 20 } }]
      },
      "48": {
        "type": "branch",
        "line": 165,
        "loc": { "start": { "line": 165, "column": 6 }, "end": { "line": 167, "column": 14 } },
        "locations": [{ "start": { "line": 165, "column": 6 }, "end": { "line": 167, "column": 14 } }]
      },
      "49": {
        "type": "branch",
        "line": 168,
        "loc": { "start": { "line": 168, "column": 6 }, "end": { "line": 168, "column": 21 } },
        "locations": [{ "start": { "line": 168, "column": 6 }, "end": { "line": 168, "column": 21 } }]
      },
      "50": {
        "type": "branch",
        "line": 169,
        "loc": { "start": { "line": 169, "column": 6 }, "end": { "line": 169, "column": 24 } },
        "locations": [{ "start": { "line": 169, "column": 6 }, "end": { "line": 169, "column": 24 } }]
      },
      "51": {
        "type": "branch",
        "line": 170,
        "loc": { "start": { "line": 170, "column": 6 }, "end": { "line": 170, "column": 24 } },
        "locations": [{ "start": { "line": 170, "column": 6 }, "end": { "line": 170, "column": 24 } }]
      },
      "52": {
        "type": "branch",
        "line": 171,
        "loc": { "start": { "line": 171, "column": 6 }, "end": { "line": 173, "column": 14 } },
        "locations": [{ "start": { "line": 171, "column": 6 }, "end": { "line": 173, "column": 14 } }]
      }
    },
    "b": {
      "0": [16],
      "1": [1],
      "2": [1],
      "3": [11],
      "4": [1],
      "5": [1],
      "6": [1],
      "7": [2],
      "8": [1],
      "9": [0],
      "10": [14],
      "11": [14],
      "12": [8],
      "13": [6],
      "14": [4],
      "15": [4],
      "16": [0],
      "17": [3],
      "18": [0],
      "19": [0],
      "20": [0],
      "21": [0],
      "22": [2],
      "23": [0],
      "24": [3],
      "25": [1],
      "26": [16],
      "27": [2],
      "28": [1],
      "29": [3],
      "30": [3],
      "31": [2],
      "32": [2],
      "33": [2],
      "34": [0],
      "35": [2],
      "36": [0],
      "37": [0],
      "38": [2],
      "39": [0],
      "40": [4],
      "41": [1],
      "42": [0],
      "43": [0],
      "44": [0],
      "45": [0],
      "46": [0],
      "47": [0],
      "48": [0],
      "49": [0],
      "50": [0],
      "51": [0],
      "52": [0]
    },
    "fnMap": {
      "0": {
        "name": "createSyncSlice",
        "decl": { "start": { "line": 29, "column": 42 }, "end": { "line": 135, "column": 3 } },
        "loc": { "start": { "line": 29, "column": 42 }, "end": { "line": 135, "column": 3 } },
        "line": 29
      },
      "1": {
        "name": "setOnboarded",
        "decl": { "start": { "line": 30, "column": 16 }, "end": { "line": 30, "column": 45 } },
        "loc": { "start": { "line": 30, "column": 16 }, "end": { "line": 30, "column": 45 } },
        "line": 30
      },
      "2": {
        "name": "startProTrial",
        "decl": { "start": { "line": 31, "column": 17 }, "end": { "line": 31, "column": 69 } },
        "loc": { "start": { "line": 31, "column": 17 }, "end": { "line": 31, "column": 69 } },
        "line": 31
      },
      "3": {
        "name": "setSession",
        "decl": { "start": { "line": 32, "column": 14 }, "end": { "line": 32, "column": 62 } },
        "loc": { "start": { "line": 32, "column": 14 }, "end": { "line": 32, "column": 62 } },
        "line": 32
      },
      "4": {
        "name": "restoreSession",
        "decl": { "start": { "line": 33, "column": 18 }, "end": { "line": 33, "column": 48 } },
        "loc": { "start": { "line": 33, "column": 18 }, "end": { "line": 33, "column": 48 } },
        "line": 33
      },
      "5": {
        "name": "resetSyncCursor",
        "decl": { "start": { "line": 34, "column": 19 }, "end": { "line": 34, "column": 48 } },
        "loc": { "start": { "line": 34, "column": 19 }, "end": { "line": 34, "column": 48 } },
        "line": 34
      },
      "6": {
        "name": "signOut",
        "decl": { "start": { "line": 36, "column": 11 }, "end": { "line": 48, "column": 7 } },
        "loc": { "start": { "line": 36, "column": 11 }, "end": { "line": 48, "column": 7 } },
        "line": 36
      },
      "7": {
        "name": "enqueue",
        "decl": { "start": { "line": 50, "column": 11 }, "end": { "line": 50, "column": 102 } },
        "loc": { "start": { "line": 50, "column": 11 }, "end": { "line": 50, "column": 102 } },
        "line": 50
      },
      "8": {
        "name": "clearOutbox",
        "decl": { "start": { "line": 51, "column": 15 }, "end": { "line": 52, "column": 86 } },
        "loc": { "start": { "line": 51, "column": 15 }, "end": { "line": 52, "column": 86 } },
        "line": 51
      },
      "9": {
        "name": "applySnapshot",
        "decl": { "start": { "line": 54, "column": 17 }, "end": { "line": 63, "column": 7 } },
        "loc": { "start": { "line": 54, "column": 17 }, "end": { "line": 63, "column": 7 } },
        "line": 54
      },
      "10": {
        "name": "applyChanges",
        "decl": { "start": { "line": 65, "column": 16 }, "end": { "line": 117, "column": 7 } },
        "loc": { "start": { "line": 65, "column": 16 }, "end": { "line": 117, "column": 7 } },
        "line": 65
      },
      "11": {
        "name": "fresh",
        "decl": { "start": { "line": 72, "column": 20 }, "end": { "line": 79, "column": 11 } },
        "loc": { "start": { "line": 72, "column": 20 }, "end": { "line": 79, "column": 11 } },
        "line": 72
      },
      "12": {
        "name": "markActiveShared",
        "decl": { "start": { "line": 119, "column": 20 }, "end": { "line": 122, "column": 4 } },
        "loc": { "start": { "line": 119, "column": 20 }, "end": { "line": 122, "column": 4 } },
        "line": 119
      },
      "13": {
        "name": "goShared",
        "decl": { "start": { "line": 124, "column": 12 }, "end": { "line": 124, "column": 109 } },
        "loc": { "start": { "line": 124, "column": 12 }, "end": { "line": 124, "column": 109 } },
        "line": 124
      },
      "14": {
        "name": "swapItemPhoto",
        "decl": { "start": { "line": 126, "column": 17 }, "end": { "line": 134, "column": 8 } },
        "loc": { "start": { "line": 126, "column": 17 }, "end": { "line": 134, "column": 8 } },
        "line": 126
      },
      "15": {
        "name": "dirtyRows",
        "decl": { "start": { "line": 138, "column": 0 }, "end": { "line": 177, "column": 1 } },
        "loc": { "start": { "line": 138, "column": 0 }, "end": { "line": 177, "column": 1 } },
        "line": 138
      }
    },
    "f": {
      "0": 16,
      "1": 1,
      "2": 1,
      "3": 11,
      "4": 1,
      "5": 0,
      "6": 1,
      "7": 14,
      "8": 0,
      "9": 0,
      "10": 4,
      "11": 16,
      "12": 0,
      "13": 0,
      "14": 2,
      "15": 4
    }
  }
}
